{"/Users/danielwerner/Repos/leasing-application-service/src/functions/CancelApplication/index.ts": {"path":"/Users/danielwerner/Repos/leasing-application-service/src/functions/CancelApplication/index.ts","statementMap":{"0":{"start":{"line":2,"column":0},"end":{"line":2,"column":110}},"1":{"start":{"line":3,"column":0},"end":{"line":3,"column":86}},"2":{"start":{"line":4,"column":0},"end":{"line":4,"column":99}},"3":{"start":{"line":5,"column":0},"end":{"line":5,"column":51}},"4":{"start":{"line":7,"column":23},"end":{"line":9,"column":1}},"5":{"start":{"line":8,"column":2},"end":{"line":8,"column":62}},"6":{"start":{"line":7,"column":13},"end":{"line":7,"column":23}},"7":{"start":{"line":11,"column":53},"end":{"line":39,"column":1}},"8":{"start":{"line":12,"column":2},"end":{"line":38,"column":null}},"9":{"start":{"line":13,"column":27},"end":{"line":13,"column":47}},"10":{"start":{"line":14,"column":23},"end":{"line":14,"column":45}},"11":{"start":{"line":15,"column":4},"end":{"line":17,"column":null}},"12":{"start":{"line":16,"column":6},"end":{"line":16,"column":73}},"13":{"start":{"line":18,"column":26},"end":{"line":18,"column":58}},"14":{"start":{"line":19,"column":4},"end":{"line":21,"column":null}},"15":{"start":{"line":20,"column":6},"end":{"line":20,"column":84}},"16":{"start":{"line":22,"column":29},"end":{"line":22,"column":90}},"17":{"start":{"line":23,"column":4},"end":{"line":25,"column":null}},"18":{"start":{"line":24,"column":6},"end":{"line":24,"column":96}},"19":{"start":{"line":26,"column":4},"end":{"line":28,"column":null}},"20":{"start":{"line":27,"column":6},"end":{"line":27,"column":49}},"21":{"start":{"line":29,"column":31},"end":{"line":29,"column":53}},"22":{"start":{"line":30,"column":4},"end":{"line":30,"column":58}},"23":{"start":{"line":31,"column":4},"end":{"line":35,"column":6}},"24":{"start":{"line":37,"column":4},"end":{"line":37,"column":45}},"25":{"start":{"line":11,"column":13},"end":{"line":11,"column":53}}},"fnMap":{"0":{"name":"(anonymous_0)","decl":{"start":{"line":7,"column":23},"end":{"line":7,"column":28}},"loc":{"start":{"line":7,"column":97},"end":{"line":9,"column":1}}},"1":{"name":"(anonymous_1)","decl":{"start":{"line":11,"column":53},"end":{"line":11,"column":58}},"loc":{"start":{"line":11,"column":82},"end":{"line":39,"column":1}}}},"branchMap":{"0":{"loc":{"start":{"line":15,"column":4},"end":{"line":17,"column":null}},"type":"if","locations":[{"start":{"line":15,"column":4},"end":{"line":17,"column":null}}]},"1":{"loc":{"start":{"line":15,"column":8},"end":{"line":15,"column":60}},"type":"binary-expr","locations":[{"start":{"line":15,"column":8},"end":{"line":15,"column":23}},{"start":{"line":15,"column":27},"end":{"line":15,"column":60}}]},"2":{"loc":{"start":{"line":19,"column":4},"end":{"line":21,"column":null}},"type":"if","locations":[{"start":{"line":19,"column":4},"end":{"line":21,"column":null}}]},"3":{"loc":{"start":{"line":23,"column":4},"end":{"line":25,"column":null}},"type":"if","locations":[{"start":{"line":23,"column":4},"end":{"line":25,"column":null}}]},"4":{"loc":{"start":{"line":26,"column":4},"end":{"line":28,"column":null}},"type":"if","locations":[{"start":{"line":26,"column":4},"end":{"line":28,"column":null}}]}},"s":{"0":1,"1":1,"2":1,"3":1,"4":1,"5":0,"6":1,"7":1,"8":3,"9":3,"10":3,"11":3,"12":1,"13":2,"14":2,"15":0,"16":2,"17":2,"18":1,"19":1,"20":0,"21":1,"22":1,"23":1,"24":2,"25":1},"f":{"0":0,"1":3},"b":{"0":[1],"1":[3,3],"2":[0],"3":[1],"4":[0]}}
,"/Users/danielwerner/Repos/leasing-application-service/src/functions/CompleteApplication/index.ts": {"path":"/Users/danielwerner/Repos/leasing-application-service/src/functions/CompleteApplication/index.ts","statementMap":{"0":{"start":{"line":2,"column":0},"end":{"line":2,"column":110}},"1":{"start":{"line":3,"column":0},"end":{"line":3,"column":88}},"2":{"start":{"line":4,"column":0},"end":{"line":4,"column":99}},"3":{"start":{"line":5,"column":0},"end":{"line":5,"column":51}},"4":{"start":{"line":7,"column":23},"end":{"line":9,"column":1}},"5":{"start":{"line":8,"column":2},"end":{"line":8,"column":64}},"6":{"start":{"line":7,"column":13},"end":{"line":7,"column":23}},"7":{"start":{"line":11,"column":55},"end":{"line":40,"column":1}},"8":{"start":{"line":12,"column":2},"end":{"line":39,"column":null}},"9":{"start":{"line":13,"column":27},"end":{"line":13,"column":47}},"10":{"start":{"line":14,"column":23},"end":{"line":14,"column":45}},"11":{"start":{"line":15,"column":4},"end":{"line":17,"column":null}},"12":{"start":{"line":16,"column":6},"end":{"line":16,"column":49}},"13":{"start":{"line":18,"column":27},"end":{"line":18,"column":49}},"14":{"start":{"line":19,"column":4},"end":{"line":21,"column":null}},"15":{"start":{"line":20,"column":6},"end":{"line":20,"column":73}},"16":{"start":{"line":22,"column":26},"end":{"line":22,"column":58}},"17":{"start":{"line":23,"column":4},"end":{"line":25,"column":null}},"18":{"start":{"line":24,"column":6},"end":{"line":24,"column":84}},"19":{"start":{"line":26,"column":29},"end":{"line":26,"column":90}},"20":{"start":{"line":27,"column":4},"end":{"line":29,"column":null}},"21":{"start":{"line":28,"column":6},"end":{"line":28,"column":96}},"22":{"start":{"line":31,"column":4},"end":{"line":31,"column":64}},"23":{"start":{"line":32,"column":4},"end":{"line":36,"column":6}},"24":{"start":{"line":38,"column":4},"end":{"line":38,"column":45}},"25":{"start":{"line":11,"column":13},"end":{"line":11,"column":55}}},"fnMap":{"0":{"name":"(anonymous_0)","decl":{"start":{"line":7,"column":23},"end":{"line":7,"column":28}},"loc":{"start":{"line":7,"column":97},"end":{"line":9,"column":1}}},"1":{"name":"(anonymous_1)","decl":{"start":{"line":11,"column":55},"end":{"line":11,"column":60}},"loc":{"start":{"line":11,"column":84},"end":{"line":40,"column":1}}}},"branchMap":{"0":{"loc":{"start":{"line":15,"column":4},"end":{"line":17,"column":null}},"type":"if","locations":[{"start":{"line":15,"column":4},"end":{"line":17,"column":null}}]},"1":{"loc":{"start":{"line":19,"column":4},"end":{"line":21,"column":null}},"type":"if","locations":[{"start":{"line":19,"column":4},"end":{"line":21,"column":null}}]},"2":{"loc":{"start":{"line":19,"column":8},"end":{"line":19,"column":60}},"type":"binary-expr","locations":[{"start":{"line":19,"column":8},"end":{"line":19,"column":23}},{"start":{"line":19,"column":27},"end":{"line":19,"column":60}}]},"3":{"loc":{"start":{"line":23,"column":4},"end":{"line":25,"column":null}},"type":"if","locations":[{"start":{"line":23,"column":4},"end":{"line":25,"column":null}}]},"4":{"loc":{"start":{"line":27,"column":4},"end":{"line":29,"column":null}},"type":"if","locations":[{"start":{"line":27,"column":4},"end":{"line":29,"column":null}}]}},"s":{"0":1,"1":1,"2":1,"3":1,"4":1,"5":0,"6":1,"7":1,"8":3,"9":3,"10":3,"11":3,"12":1,"13":2,"14":2,"15":0,"16":2,"17":2,"18":0,"19":2,"20":2,"21":1,"22":1,"23":1,"24":2,"25":1},"f":{"0":0,"1":3},"b":{"0":[1],"1":[0],"2":[2,2],"3":[0],"4":[1]}}
,"/Users/danielwerner/Repos/leasing-application-service/src/functions/CompleteApplication/tests.ts": {"path":"/Users/danielwerner/Repos/leasing-application-service/src/functions/CompleteApplication/tests.ts","statementMap":{"0":{"start":{"line":1,"column":0},"end":{"line":1,"column":58}},"1":{"start":{"line":2,"column":0},"end":{"line":2,"column":47}},"2":{"start":{"line":4,"column":16},"end":{"line":6,"column":2}},"3":{"start":{"line":10,"column":17},"end":{"line":21,"column":2}},"4":{"start":{"line":24,"column":18},"end":{"line":24,"column":55}},"5":{"start":{"line":25,"column":0},"end":{"line":27,"column":3}},"6":{"start":{"line":26,"column":2},"end":{"line":26,"column":22}}},"fnMap":{"0":{"name":"(anonymous_6)","decl":{"start":{"line":25,"column":15},"end":{"line":25,"column":16}},"loc":{"start":{"line":25,"column":26},"end":{"line":27,"column":1}}}},"branchMap":{},"s":{"0":0,"1":0,"2":0,"3":0,"4":0,"5":0,"6":0},"f":{"0":0},"b":{}}
,"/Users/danielwerner/Repos/leasing-application-service/src/functions/DeleteDocument/index.ts": {"path":"/Users/danielwerner/Repos/leasing-application-service/src/functions/DeleteDocument/index.ts","statementMap":{"0":{"start":{"line":2,"column":0},"end":{"line":2,"column":110}},"1":{"start":{"line":3,"column":0},"end":{"line":3,"column":68}},"2":{"start":{"line":4,"column":0},"end":{"line":4,"column":99}},"3":{"start":{"line":5,"column":0},"end":{"line":5,"column":51}},"4":{"start":{"line":7,"column":23},"end":{"line":9,"column":1}},"5":{"start":{"line":8,"column":2},"end":{"line":8,"column":59}},"6":{"start":{"line":7,"column":13},"end":{"line":7,"column":23}},"7":{"start":{"line":11,"column":50},"end":{"line":39,"column":1}},"8":{"start":{"line":12,"column":2},"end":{"line":38,"column":null}},"9":{"start":{"line":13,"column":27},"end":{"line":13,"column":47}},"10":{"start":{"line":14,"column":23},"end":{"line":14,"column":45}},"11":{"start":{"line":15,"column":4},"end":{"line":17,"column":null}},"12":{"start":{"line":16,"column":6},"end":{"line":16,"column":73}},"13":{"start":{"line":18,"column":4},"end":{"line":20,"column":null}},"14":{"start":{"line":19,"column":6},"end":{"line":19,"column":70}},"15":{"start":{"line":21,"column":26},"end":{"line":21,"column":58}},"16":{"start":{"line":22,"column":4},"end":{"line":24,"column":null}},"17":{"start":{"line":23,"column":6},"end":{"line":23,"column":84}},"18":{"start":{"line":25,"column":29},"end":{"line":25,"column":90}},"19":{"start":{"line":26,"column":4},"end":{"line":28,"column":null}},"20":{"start":{"line":27,"column":6},"end":{"line":27,"column":96}},"21":{"start":{"line":29,"column":23},"end":{"line":29,"column":52}},"22":{"start":{"line":30,"column":4},"end":{"line":30,"column":63}},"23":{"start":{"line":31,"column":4},"end":{"line":35,"column":6}},"24":{"start":{"line":37,"column":4},"end":{"line":37,"column":45}},"25":{"start":{"line":11,"column":13},"end":{"line":11,"column":50}}},"fnMap":{"0":{"name":"(anonymous_0)","decl":{"start":{"line":7,"column":23},"end":{"line":7,"column":28}},"loc":{"start":{"line":7,"column":97},"end":{"line":9,"column":1}}},"1":{"name":"(anonymous_1)","decl":{"start":{"line":11,"column":50},"end":{"line":11,"column":55}},"loc":{"start":{"line":11,"column":79},"end":{"line":39,"column":1}}}},"branchMap":{"0":{"loc":{"start":{"line":15,"column":4},"end":{"line":17,"column":null}},"type":"if","locations":[{"start":{"line":15,"column":4},"end":{"line":17,"column":null}}]},"1":{"loc":{"start":{"line":15,"column":8},"end":{"line":15,"column":60}},"type":"binary-expr","locations":[{"start":{"line":15,"column":8},"end":{"line":15,"column":23}},{"start":{"line":15,"column":27},"end":{"line":15,"column":60}}]},"2":{"loc":{"start":{"line":18,"column":4},"end":{"line":20,"column":null}},"type":"if","locations":[{"start":{"line":18,"column":4},"end":{"line":20,"column":null}}]},"3":{"loc":{"start":{"line":18,"column":8},"end":{"line":18,"column":57}},"type":"binary-expr","locations":[{"start":{"line":18,"column":8},"end":{"line":18,"column":23}},{"start":{"line":18,"column":27},"end":{"line":18,"column":57}}]},"4":{"loc":{"start":{"line":22,"column":4},"end":{"line":24,"column":null}},"type":"if","locations":[{"start":{"line":22,"column":4},"end":{"line":24,"column":null}}]},"5":{"loc":{"start":{"line":26,"column":4},"end":{"line":28,"column":null}},"type":"if","locations":[{"start":{"line":26,"column":4},"end":{"line":28,"column":null}}]}},"s":{"0":0,"1":0,"2":0,"3":0,"4":0,"5":0,"6":0,"7":0,"8":0,"9":0,"10":0,"11":0,"12":0,"13":0,"14":0,"15":0,"16":0,"17":0,"18":0,"19":0,"20":0,"21":0,"22":0,"23":0,"24":0,"25":0},"f":{"0":0,"1":0},"b":{"0":[0],"1":[0,0],"2":[0],"3":[0,0],"4":[0],"5":[0]}}
,"/Users/danielwerner/Repos/leasing-application-service/src/functions/EditCoApplicantEmail/index.ts": {"path":"/Users/danielwerner/Repos/leasing-application-service/src/functions/EditCoApplicantEmail/index.ts","statementMap":{"0":{"start":{"line":2,"column":0},"end":{"line":2,"column":110}},"1":{"start":{"line":3,"column":0},"end":{"line":3,"column":113}},"2":{"start":{"line":4,"column":0},"end":{"line":4,"column":51}},"3":{"start":{"line":5,"column":0},"end":{"line":5,"column":99}},"4":{"start":{"line":7,"column":23},"end":{"line":9,"column":1}},"5":{"start":{"line":8,"column":2},"end":{"line":8,"column":65}},"6":{"start":{"line":7,"column":13},"end":{"line":7,"column":23}},"7":{"start":{"line":11,"column":56},"end":{"line":64,"column":1}},"8":{"start":{"line":12,"column":2},"end":{"line":63,"column":null}},"9":{"start":{"line":13,"column":27},"end":{"line":13,"column":47}},"10":{"start":{"line":14,"column":23},"end":{"line":14,"column":45}},"11":{"start":{"line":16,"column":26},"end":{"line":16,"column":66}},"12":{"start":{"line":18,"column":4},"end":{"line":20,"column":null}},"13":{"start":{"line":19,"column":6},"end":{"line":19,"column":58}},"14":{"start":{"line":22,"column":4},"end":{"line":24,"column":null}},"15":{"start":{"line":23,"column":6},"end":{"line":23,"column":49}},"16":{"start":{"line":26,"column":23},"end":{"line":26,"column":45}},"17":{"start":{"line":30,"column":64},"end":{"line":30,"column":74}},"18":{"start":{"line":32,"column":4},"end":{"line":34,"column":null}},"19":{"start":{"line":33,"column":6},"end":{"line":33,"column":71}},"20":{"start":{"line":36,"column":4},"end":{"line":38,"column":null}},"21":{"start":{"line":37,"column":6},"end":{"line":37,"column":49}},"22":{"start":{"line":40,"column":4},"end":{"line":42,"column":null}},"23":{"start":{"line":41,"column":6},"end":{"line":41,"column":82}},"24":{"start":{"line":44,"column":4},"end":{"line":46,"column":null}},"25":{"start":{"line":45,"column":6},"end":{"line":45,"column":93}},"26":{"start":{"line":48,"column":29},"end":{"line":48,"column":90}},"27":{"start":{"line":50,"column":4},"end":{"line":52,"column":null}},"28":{"start":{"line":51,"column":6},"end":{"line":51,"column":78}},"29":{"start":{"line":54,"column":4},"end":{"line":54,"column":86}},"30":{"start":{"line":56,"column":4},"end":{"line":60,"column":6}},"31":{"start":{"line":62,"column":4},"end":{"line":62,"column":45}},"32":{"start":{"line":11,"column":13},"end":{"line":11,"column":56}}},"fnMap":{"0":{"name":"(anonymous_0)","decl":{"start":{"line":7,"column":23},"end":{"line":7,"column":28}},"loc":{"start":{"line":7,"column":97},"end":{"line":9,"column":1}}},"1":{"name":"(anonymous_1)","decl":{"start":{"line":11,"column":56},"end":{"line":11,"column":61}},"loc":{"start":{"line":11,"column":85},"end":{"line":64,"column":1}}}},"branchMap":{"0":{"loc":{"start":{"line":16,"column":26},"end":{"line":16,"column":66}},"type":"cond-expr","locations":[{"start":{"line":16,"column":60},"end":{"line":16,"column":64}},{"start":{"line":16,"column":64},"end":{"line":16,"column":66}}]},"1":{"loc":{"start":{"line":16,"column":26},"end":{"line":16,"column":64}},"type":"binary-expr","locations":[{"start":{"line":16,"column":26},"end":{"line":16,"column":64}},{"start":{"line":16,"column":60},"end":{"line":16,"column":64}}]},"2":{"loc":{"start":{"line":16,"column":26},"end":{"line":16,"column":60}},"type":"cond-expr","locations":[{"start":{"line":16,"column":40},"end":{"line":16,"column":43}},{"start":{"line":16,"column":26},"end":{"line":16,"column":60}}]},"3":{"loc":{"start":{"line":16,"column":26},"end":{"line":16,"column":43}},"type":"binary-expr","locations":[{"start":{"line":16,"column":26},"end":{"line":16,"column":43}},{"start":{"line":16,"column":26},"end":{"line":16,"column":43}}]},"4":{"loc":{"start":{"line":18,"column":4},"end":{"line":20,"column":null}},"type":"if","locations":[{"start":{"line":18,"column":4},"end":{"line":20,"column":null}}]},"5":{"loc":{"start":{"line":22,"column":4},"end":{"line":24,"column":null}},"type":"if","locations":[{"start":{"line":22,"column":4},"end":{"line":24,"column":null}}]},"6":{"loc":{"start":{"line":22,"column":9},"end":{"line":22,"column":20}},"type":"cond-expr","locations":[{"start":{"line":22,"column":14},"end":{"line":22,"column":16}},{"start":{"line":22,"column":9},"end":{"line":22,"column":20}}]},"7":{"loc":{"start":{"line":22,"column":9},"end":{"line":22,"column":16}},"type":"binary-expr","locations":[{"start":{"line":22,"column":9},"end":{"line":22,"column":16}},{"start":{"line":22,"column":9},"end":{"line":22,"column":16}}]},"8":{"loc":{"start":{"line":32,"column":4},"end":{"line":34,"column":null}},"type":"if","locations":[{"start":{"line":32,"column":4},"end":{"line":34,"column":null}}]},"9":{"loc":{"start":{"line":36,"column":4},"end":{"line":38,"column":null}},"type":"if","locations":[{"start":{"line":36,"column":4},"end":{"line":38,"column":null}}]},"10":{"loc":{"start":{"line":40,"column":4},"end":{"line":42,"column":null}},"type":"if","locations":[{"start":{"line":40,"column":4},"end":{"line":42,"column":null}}]},"11":{"loc":{"start":{"line":44,"column":4},"end":{"line":46,"column":null}},"type":"if","locations":[{"start":{"line":44,"column":4},"end":{"line":46,"column":null}}]},"12":{"loc":{"start":{"line":50,"column":4},"end":{"line":52,"column":null}},"type":"if","locations":[{"start":{"line":50,"column":4},"end":{"line":52,"column":null}}]}},"s":{"0":1,"1":1,"2":1,"3":1,"4":1,"5":0,"6":1,"7":1,"8":8,"9":8,"10":8,"11":8,"12":8,"13":1,"14":7,"15":1,"16":6,"17":6,"18":6,"19":1,"20":5,"21":1,"22":4,"23":1,"24":3,"25":1,"26":2,"27":2,"28":1,"29":1,"30":1,"31":7,"32":1},"f":{"0":0,"1":8},"b":{"0":[7,1],"1":[8,8],"2":[0,8],"3":[8,8],"4":[1],"5":[1],"6":[0,7],"7":[7,7],"8":[1],"9":[1],"10":[1],"11":[1],"12":[1]}}
,"/Users/danielwerner/Repos/leasing-application-service/src/functions/GetApplication/index.ts": {"path":"/Users/danielwerner/Repos/leasing-application-service/src/functions/GetApplication/index.ts","statementMap":{"0":{"start":{"line":2,"column":0},"end":{"line":2,"column":110}},"1":{"start":{"line":3,"column":0},"end":{"line":3,"column":87}},"2":{"start":{"line":4,"column":0},"end":{"line":4,"column":99}},"3":{"start":{"line":5,"column":0},"end":{"line":5,"column":51}},"4":{"start":{"line":6,"column":0},"end":{"line":6,"column":70}},"5":{"start":{"line":8,"column":23},"end":{"line":10,"column":1}},"6":{"start":{"line":9,"column":2},"end":{"line":9,"column":59}},"7":{"start":{"line":8,"column":13},"end":{"line":8,"column":23}},"8":{"start":{"line":12,"column":50},"end":{"line":48,"column":1}},"9":{"start":{"line":13,"column":2},"end":{"line":47,"column":null}},"10":{"start":{"line":14,"column":27},"end":{"line":14,"column":47}},"11":{"start":{"line":15,"column":23},"end":{"line":15,"column":45}},"12":{"start":{"line":16,"column":4},"end":{"line":18,"column":null}},"13":{"start":{"line":17,"column":6},"end":{"line":17,"column":73}},"14":{"start":{"line":19,"column":26},"end":{"line":19,"column":58}},"15":{"start":{"line":20,"column":4},"end":{"line":22,"column":null}},"16":{"start":{"line":21,"column":6},"end":{"line":21,"column":84}},"17":{"start":{"line":23,"column":29},"end":{"line":23,"column":90}},"18":{"start":{"line":24,"column":4},"end":{"line":26,"column":null}},"19":{"start":{"line":25,"column":6},"end":{"line":25,"column":96}},"20":{"start":{"line":27,"column":40},"end":{"line":30,"column":6}},"21":{"start":{"line":32,"column":4},"end":{"line":44,"column":6}},"22":{"start":{"line":46,"column":4},"end":{"line":46,"column":45}},"23":{"start":{"line":12,"column":13},"end":{"line":12,"column":50}}},"fnMap":{"0":{"name":"(anonymous_0)","decl":{"start":{"line":8,"column":23},"end":{"line":8,"column":28}},"loc":{"start":{"line":8,"column":97},"end":{"line":10,"column":1}}},"1":{"name":"(anonymous_1)","decl":{"start":{"line":12,"column":50},"end":{"line":12,"column":55}},"loc":{"start":{"line":12,"column":79},"end":{"line":48,"column":1}}}},"branchMap":{"0":{"loc":{"start":{"line":16,"column":4},"end":{"line":18,"column":null}},"type":"if","locations":[{"start":{"line":16,"column":4},"end":{"line":18,"column":null}}]},"1":{"loc":{"start":{"line":16,"column":8},"end":{"line":16,"column":60}},"type":"binary-expr","locations":[{"start":{"line":16,"column":8},"end":{"line":16,"column":23}},{"start":{"line":16,"column":27},"end":{"line":16,"column":60}}]},"2":{"loc":{"start":{"line":20,"column":4},"end":{"line":22,"column":null}},"type":"if","locations":[{"start":{"line":20,"column":4},"end":{"line":22,"column":null}}]},"3":{"loc":{"start":{"line":24,"column":4},"end":{"line":26,"column":null}},"type":"if","locations":[{"start":{"line":24,"column":4},"end":{"line":26,"column":null}}]},"4":{"loc":{"start":{"line":38,"column":15},"end":{"line":38,"column":57}},"type":"cond-expr","locations":[{"start":{"line":38,"column":33},"end":{"line":38,"column":35}},{"start":{"line":38,"column":15},"end":{"line":38,"column":57}}]},"5":{"loc":{"start":{"line":38,"column":15},"end":{"line":38,"column":35}},"type":"binary-expr","locations":[{"start":{"line":38,"column":15},"end":{"line":38,"column":35}},{"start":{"line":38,"column":15},"end":{"line":38,"column":35}}]}},"s":{"0":1,"1":1,"2":1,"3":1,"4":1,"5":1,"6":0,"7":1,"8":1,"9":3,"10":3,"11":3,"12":3,"13":1,"14":2,"15":2,"16":0,"17":2,"18":2,"19":1,"20":1,"21":1,"22":2,"23":1},"f":{"0":0,"1":3},"b":{"0":[1],"1":[3,3],"2":[0],"3":[1],"4":[0,1],"5":[1,1]}}
,"/Users/danielwerner/Repos/leasing-application-service/src/functions/GetApplication/tests.ts": {"path":"/Users/danielwerner/Repos/leasing-application-service/src/functions/GetApplication/tests.ts","statementMap":{"0":{"start":{"line":1,"column":0},"end":{"line":1,"column":58}},"1":{"start":{"line":2,"column":0},"end":{"line":2,"column":53}},"2":{"start":{"line":7,"column":17},"end":{"line":16,"column":2}},"3":{"start":{"line":19,"column":18},"end":{"line":19,"column":61}},"4":{"start":{"line":20,"column":0},"end":{"line":22,"column":3}},"5":{"start":{"line":21,"column":2},"end":{"line":21,"column":22}}},"fnMap":{"0":{"name":"(anonymous_6)","decl":{"start":{"line":20,"column":15},"end":{"line":20,"column":16}},"loc":{"start":{"line":20,"column":26},"end":{"line":22,"column":1}}}},"branchMap":{},"s":{"0":0,"1":0,"2":0,"3":0,"4":0,"5":0},"f":{"0":0},"b":{}}
,"/Users/danielwerner/Repos/leasing-application-service/src/functions/GetApplicationSummary/index.ts": {"path":"/Users/danielwerner/Repos/leasing-application-service/src/functions/GetApplicationSummary/index.ts","statementMap":{"0":{"start":{"line":2,"column":0},"end":{"line":2,"column":113}},"1":{"start":{"line":3,"column":0},"end":{"line":3,"column":66}},"2":{"start":{"line":4,"column":0},"end":{"line":4,"column":72}},"3":{"start":{"line":5,"column":0},"end":{"line":5,"column":36}},"4":{"start":{"line":6,"column":0},"end":{"line":6,"column":20}},"5":{"start":{"line":7,"column":0},"end":{"line":7,"column":24}},"6":{"start":{"line":9,"column":23},"end":{"line":11,"column":1}},"7":{"start":{"line":10,"column":2},"end":{"line":10,"column":74}},"8":{"start":{"line":9,"column":13},"end":{"line":9,"column":23}},"9":{"start":{"line":13,"column":66},"end":{"line":32,"column":1}},"10":{"start":{"line":14,"column":2},"end":{"line":31,"column":null}},"11":{"start":{"line":15,"column":4},"end":{"line":15,"column":50}},"12":{"start":{"line":16,"column":4},"end":{"line":16,"column":41}},"13":{"start":{"line":17,"column":4},"end":{"line":17,"column":41}},"14":{"start":{"line":19,"column":21},"end":{"line":19,"column":113}},"15":{"start":{"line":20,"column":17},"end":{"line":20,"column":69}},"16":{"start":{"line":21,"column":16},"end":{"line":21,"column":39}},"17":{"start":{"line":23,"column":4},"end":{"line":28,"column":6}},"18":{"start":{"line":30,"column":4},"end":{"line":30,"column":45}},"19":{"start":{"line":13,"column":13},"end":{"line":13,"column":66}},"20":{"start":{"line":34,"column":20},"end":{"line":64,"column":1}},"21":{"start":{"line":35,"column":2},"end":{"line":63,"column":5}},"22":{"start":{"line":36,"column":4},"end":{"line":62,"column":9}},"23":{"start":{"line":56,"column":8},"end":{"line":58,"column":null}},"24":{"start":{"line":57,"column":10},"end":{"line":57,"column":22}},"25":{"start":{"line":61,"column":8},"end":{"line":61,"column":43}}},"fnMap":{"0":{"name":"(anonymous_1)","decl":{"start":{"line":9,"column":23},"end":{"line":9,"column":28}},"loc":{"start":{"line":9,"column":97},"end":{"line":11,"column":1}}},"1":{"name":"(anonymous_2)","decl":{"start":{"line":13,"column":66},"end":{"line":13,"column":71}},"loc":{"start":{"line":13,"column":110},"end":{"line":32,"column":1}}},"2":{"name":"(anonymous_3)","decl":{"start":{"line":34,"column":20},"end":{"line":34,"column":25}},"loc":{"start":{"line":34,"column":60},"end":{"line":64,"column":1}}},"3":{"name":"(anonymous_4)","decl":{"start":{"line":35,"column":21},"end":{"line":35,"column":22}},"loc":{"start":{"line":35,"column":41},"end":{"line":63,"column":3}}},"4":{"name":"(anonymous_5)","decl":{"start":{"line":55,"column":16},"end":{"line":55,"column":17}},"loc":{"start":{"line":55,"column":32},"end":{"line":62,"column":7}}}},"branchMap":{"0":{"loc":{"start":{"line":56,"column":8},"end":{"line":58,"column":null}},"type":"if","locations":[{"start":{"line":56,"column":8},"end":{"line":58,"column":null}}]}},"s":{"0":0,"1":0,"2":0,"3":0,"4":0,"5":0,"6":0,"7":0,"8":0,"9":0,"10":0,"11":0,"12":0,"13":0,"14":0,"15":0,"16":0,"17":0,"18":0,"19":0,"20":0,"21":0,"22":0,"23":0,"24":0,"25":0},"f":{"0":0,"1":0,"2":0,"3":0,"4":0},"b":{"0":[0]}}
,"/Users/danielwerner/Repos/leasing-application-service/src/functions/GetApplicationSummary/tests.ts": {"path":"/Users/danielwerner/Repos/leasing-application-service/src/functions/GetApplicationSummary/tests.ts","statementMap":{"0":{"start":{"line":1,"column":0},"end":{"line":1,"column":58}},"1":{"start":{"line":2,"column":0},"end":{"line":2,"column":49}},"2":{"start":{"line":5,"column":16},"end":{"line":5,"column":18}},"3":{"start":{"line":9,"column":17},"end":{"line":19,"column":2}},"4":{"start":{"line":22,"column":18},"end":{"line":22,"column":57}},"5":{"start":{"line":23,"column":0},"end":{"line":25,"column":3}},"6":{"start":{"line":24,"column":2},"end":{"line":24,"column":22}}},"fnMap":{"0":{"name":"(anonymous_6)","decl":{"start":{"line":23,"column":15},"end":{"line":23,"column":16}},"loc":{"start":{"line":23,"column":26},"end":{"line":25,"column":1}}}},"branchMap":{},"s":{"0":0,"1":0,"2":0,"3":0,"4":0,"5":0,"6":0},"f":{"0":0},"b":{}}
,"/Users/danielwerner/Repos/leasing-application-service/src/functions/GetCustomerSummaries/index.ts": {"path":"/Users/danielwerner/Repos/leasing-application-service/src/functions/GetCustomerSummaries/index.ts","statementMap":{"0":{"start":{"line":2,"column":0},"end":{"line":2,"column":80}},"1":{"start":{"line":3,"column":0},"end":{"line":3,"column":100}},"2":{"start":{"line":4,"column":0},"end":{"line":4,"column":83}},"3":{"start":{"line":5,"column":0},"end":{"line":5,"column":51}},"4":{"start":{"line":7,"column":23},"end":{"line":9,"column":1}},"5":{"start":{"line":8,"column":2},"end":{"line":8,"column":65}},"6":{"start":{"line":7,"column":13},"end":{"line":7,"column":23}},"7":{"start":{"line":12,"column":56},"end":{"line":34,"column":1}},"8":{"start":{"line":13,"column":2},"end":{"line":33,"column":null}},"9":{"start":{"line":14,"column":27},"end":{"line":14,"column":47}},"10":{"start":{"line":15,"column":4},"end":{"line":17,"column":null}},"11":{"start":{"line":16,"column":6},"end":{"line":16,"column":70}},"12":{"start":{"line":18,"column":23},"end":{"line":18,"column":52}},"13":{"start":{"line":19,"column":4},"end":{"line":21,"column":null}},"14":{"start":{"line":20,"column":6},"end":{"line":20,"column":78}},"15":{"start":{"line":22,"column":25},"end":{"line":22,"column":81}},"16":{"start":{"line":23,"column":4},"end":{"line":30,"column":6}},"17":{"start":{"line":32,"column":4},"end":{"line":32,"column":45}},"18":{"start":{"line":12,"column":13},"end":{"line":12,"column":56}}},"fnMap":{"0":{"name":"(anonymous_0)","decl":{"start":{"line":7,"column":23},"end":{"line":7,"column":28}},"loc":{"start":{"line":7,"column":97},"end":{"line":9,"column":1}}},"1":{"name":"(anonymous_1)","decl":{"start":{"line":12,"column":56},"end":{"line":12,"column":61}},"loc":{"start":{"line":12,"column":86},"end":{"line":34,"column":1}}}},"branchMap":{"0":{"loc":{"start":{"line":15,"column":4},"end":{"line":17,"column":null}},"type":"if","locations":[{"start":{"line":15,"column":4},"end":{"line":17,"column":null}}]},"1":{"loc":{"start":{"line":15,"column":8},"end":{"line":15,"column":57}},"type":"binary-expr","locations":[{"start":{"line":15,"column":8},"end":{"line":15,"column":23}},{"start":{"line":15,"column":27},"end":{"line":15,"column":57}}]},"2":{"loc":{"start":{"line":19,"column":4},"end":{"line":21,"column":null}},"type":"if","locations":[{"start":{"line":19,"column":4},"end":{"line":21,"column":null}}]}},"s":{"0":1,"1":1,"2":1,"3":1,"4":1,"5":0,"6":1,"7":1,"8":1,"9":1,"10":1,"11":0,"12":1,"13":1,"14":0,"15":1,"16":1,"17":0,"18":1},"f":{"0":0,"1":1},"b":{"0":[0],"1":[1,1],"2":[0]}}
,"/Users/danielwerner/Repos/leasing-application-service/src/functions/GetCustomerSummaries/tests.ts": {"path":"/Users/danielwerner/Repos/leasing-application-service/src/functions/GetCustomerSummaries/tests.ts","statementMap":{"0":{"start":{"line":1,"column":0},"end":{"line":1,"column":58}},"1":{"start":{"line":2,"column":0},"end":{"line":2,"column":49}},"2":{"start":{"line":6,"column":17},"end":{"line":15,"column":2}},"3":{"start":{"line":18,"column":18},"end":{"line":18,"column":57}},"4":{"start":{"line":19,"column":0},"end":{"line":19,"column":35}},"5":{"start":{"line":20,"column":0},"end":{"line":22,"column":3}},"6":{"start":{"line":21,"column":2},"end":{"line":21,"column":22}}},"fnMap":{"0":{"name":"(anonymous_6)","decl":{"start":{"line":20,"column":15},"end":{"line":20,"column":16}},"loc":{"start":{"line":20,"column":26},"end":{"line":22,"column":1}}}},"branchMap":{},"s":{"0":0,"1":0,"2":0,"3":0,"4":0,"5":0,"6":0},"f":{"0":0},"b":{}}
,"/Users/danielwerner/Repos/leasing-application-service/src/functions/GetDocument/index.ts": {"path":"/Users/danielwerner/Repos/leasing-application-service/src/functions/GetDocument/index.ts","statementMap":{"0":{"start":{"line":2,"column":0},"end":{"line":2,"column":110}},"1":{"start":{"line":3,"column":0},"end":{"line":3,"column":60}},"2":{"start":{"line":4,"column":0},"end":{"line":4,"column":99}},"3":{"start":{"line":5,"column":0},"end":{"line":5,"column":51}},"4":{"start":{"line":7,"column":23},"end":{"line":9,"column":1}},"5":{"start":{"line":8,"column":2},"end":{"line":8,"column":56}},"6":{"start":{"line":7,"column":13},"end":{"line":7,"column":23}},"7":{"start":{"line":11,"column":47},"end":{"line":39,"column":1}},"8":{"start":{"line":12,"column":2},"end":{"line":38,"column":null}},"9":{"start":{"line":13,"column":27},"end":{"line":13,"column":47}},"10":{"start":{"line":14,"column":23},"end":{"line":14,"column":45}},"11":{"start":{"line":15,"column":4},"end":{"line":17,"column":null}},"12":{"start":{"line":16,"column":6},"end":{"line":16,"column":73}},"13":{"start":{"line":18,"column":4},"end":{"line":20,"column":null}},"14":{"start":{"line":19,"column":6},"end":{"line":19,"column":70}},"15":{"start":{"line":21,"column":26},"end":{"line":21,"column":58}},"16":{"start":{"line":22,"column":23},"end":{"line":22,"column":52}},"17":{"start":{"line":23,"column":4},"end":{"line":25,"column":null}},"18":{"start":{"line":24,"column":6},"end":{"line":24,"column":84}},"19":{"start":{"line":26,"column":29},"end":{"line":26,"column":90}},"20":{"start":{"line":27,"column":4},"end":{"line":29,"column":null}},"21":{"start":{"line":28,"column":6},"end":{"line":28,"column":96}},"22":{"start":{"line":30,"column":25},"end":{"line":30,"column":75}},"23":{"start":{"line":31,"column":4},"end":{"line":35,"column":6}},"24":{"start":{"line":37,"column":4},"end":{"line":37,"column":45}},"25":{"start":{"line":11,"column":13},"end":{"line":11,"column":47}}},"fnMap":{"0":{"name":"(anonymous_0)","decl":{"start":{"line":7,"column":23},"end":{"line":7,"column":28}},"loc":{"start":{"line":7,"column":97},"end":{"line":9,"column":1}}},"1":{"name":"(anonymous_1)","decl":{"start":{"line":11,"column":47},"end":{"line":11,"column":52}},"loc":{"start":{"line":11,"column":76},"end":{"line":39,"column":1}}}},"branchMap":{"0":{"loc":{"start":{"line":15,"column":4},"end":{"line":17,"column":null}},"type":"if","locations":[{"start":{"line":15,"column":4},"end":{"line":17,"column":null}}]},"1":{"loc":{"start":{"line":15,"column":8},"end":{"line":15,"column":60}},"type":"binary-expr","locations":[{"start":{"line":15,"column":8},"end":{"line":15,"column":23}},{"start":{"line":15,"column":27},"end":{"line":15,"column":60}}]},"2":{"loc":{"start":{"line":18,"column":4},"end":{"line":20,"column":null}},"type":"if","locations":[{"start":{"line":18,"column":4},"end":{"line":20,"column":null}}]},"3":{"loc":{"start":{"line":18,"column":8},"end":{"line":18,"column":57}},"type":"binary-expr","locations":[{"start":{"line":18,"column":8},"end":{"line":18,"column":23}},{"start":{"line":18,"column":27},"end":{"line":18,"column":57}}]},"4":{"loc":{"start":{"line":23,"column":4},"end":{"line":25,"column":null}},"type":"if","locations":[{"start":{"line":23,"column":4},"end":{"line":25,"column":null}}]},"5":{"loc":{"start":{"line":27,"column":4},"end":{"line":29,"column":null}},"type":"if","locations":[{"start":{"line":27,"column":4},"end":{"line":29,"column":null}}]}},"s":{"0":0,"1":0,"2":0,"3":0,"4":0,"5":0,"6":0,"7":0,"8":0,"9":0,"10":0,"11":0,"12":0,"13":0,"14":0,"15":0,"16":0,"17":0,"18":0,"19":0,"20":0,"21":0,"22":0,"23":0,"24":0,"25":0},"f":{"0":0,"1":0},"b":{"0":[0],"1":[0,0],"2":[0],"3":[0,0],"4":[0],"5":[0]}}
,"/Users/danielwerner/Repos/leasing-application-service/src/functions/GetDocumentsList/index.ts": {"path":"/Users/danielwerner/Repos/leasing-application-service/src/functions/GetDocumentsList/index.ts","statementMap":{"0":{"start":{"line":2,"column":0},"end":{"line":2,"column":110}},"1":{"start":{"line":3,"column":0},"end":{"line":3,"column":70}},"2":{"start":{"line":4,"column":0},"end":{"line":4,"column":99}},"3":{"start":{"line":5,"column":0},"end":{"line":5,"column":51}},"4":{"start":{"line":7,"column":23},"end":{"line":9,"column":1}},"5":{"start":{"line":8,"column":2},"end":{"line":8,"column":61}},"6":{"start":{"line":7,"column":13},"end":{"line":7,"column":23}},"7":{"start":{"line":11,"column":52},"end":{"line":35,"column":1}},"8":{"start":{"line":12,"column":2},"end":{"line":34,"column":null}},"9":{"start":{"line":13,"column":27},"end":{"line":13,"column":47}},"10":{"start":{"line":14,"column":23},"end":{"line":14,"column":45}},"11":{"start":{"line":15,"column":4},"end":{"line":17,"column":null}},"12":{"start":{"line":16,"column":6},"end":{"line":16,"column":73}},"13":{"start":{"line":18,"column":26},"end":{"line":18,"column":58}},"14":{"start":{"line":19,"column":4},"end":{"line":21,"column":null}},"15":{"start":{"line":20,"column":6},"end":{"line":20,"column":84}},"16":{"start":{"line":22,"column":29},"end":{"line":22,"column":90}},"17":{"start":{"line":23,"column":4},"end":{"line":25,"column":null}},"18":{"start":{"line":24,"column":6},"end":{"line":24,"column":96}},"19":{"start":{"line":26,"column":22},"end":{"line":26,"column":70}},"20":{"start":{"line":27,"column":4},"end":{"line":31,"column":6}},"21":{"start":{"line":33,"column":4},"end":{"line":33,"column":45}},"22":{"start":{"line":11,"column":13},"end":{"line":11,"column":52}}},"fnMap":{"0":{"name":"(anonymous_0)","decl":{"start":{"line":7,"column":23},"end":{"line":7,"column":28}},"loc":{"start":{"line":7,"column":97},"end":{"line":9,"column":1}}},"1":{"name":"(anonymous_1)","decl":{"start":{"line":11,"column":52},"end":{"line":11,"column":57}},"loc":{"start":{"line":11,"column":81},"end":{"line":35,"column":1}}}},"branchMap":{"0":{"loc":{"start":{"line":15,"column":4},"end":{"line":17,"column":null}},"type":"if","locations":[{"start":{"line":15,"column":4},"end":{"line":17,"column":null}}]},"1":{"loc":{"start":{"line":15,"column":8},"end":{"line":15,"column":60}},"type":"binary-expr","locations":[{"start":{"line":15,"column":8},"end":{"line":15,"column":23}},{"start":{"line":15,"column":27},"end":{"line":15,"column":60}}]},"2":{"loc":{"start":{"line":19,"column":4},"end":{"line":21,"column":null}},"type":"if","locations":[{"start":{"line":19,"column":4},"end":{"line":21,"column":null}}]},"3":{"loc":{"start":{"line":23,"column":4},"end":{"line":25,"column":null}},"type":"if","locations":[{"start":{"line":23,"column":4},"end":{"line":25,"column":null}}]}},"s":{"0":0,"1":0,"2":0,"3":0,"4":0,"5":0,"6":0,"7":0,"8":0,"9":0,"10":0,"11":0,"12":0,"13":0,"14":0,"15":0,"16":0,"17":0,"18":0,"19":0,"20":0,"21":0,"22":0},"f":{"0":0,"1":0},"b":{"0":[0],"1":[0,0],"2":[0],"3":[0]}}
,"/Users/danielwerner/Repos/leasing-application-service/src/functions/GetPaymentSummary/index.ts": {"path":"/Users/danielwerner/Repos/leasing-application-service/src/functions/GetPaymentSummary/index.ts","statementMap":{"0":{"start":{"line":2,"column":0},"end":{"line":2,"column":110}},"1":{"start":{"line":3,"column":0},"end":{"line":3,"column":99}},"2":{"start":{"line":4,"column":0},"end":{"line":4,"column":51}},"3":{"start":{"line":5,"column":0},"end":{"line":5,"column":90}},"4":{"start":{"line":7,"column":23},"end":{"line":9,"column":1}},"5":{"start":{"line":8,"column":2},"end":{"line":8,"column":62}},"6":{"start":{"line":7,"column":13},"end":{"line":7,"column":23}},"7":{"start":{"line":11,"column":53},"end":{"line":39,"column":1}},"8":{"start":{"line":12,"column":2},"end":{"line":38,"column":null}},"9":{"start":{"line":13,"column":23},"end":{"line":13,"column":45}},"10":{"start":{"line":15,"column":27},"end":{"line":15,"column":47}},"11":{"start":{"line":16,"column":4},"end":{"line":18,"column":null}},"12":{"start":{"line":17,"column":6},"end":{"line":17,"column":99}},"13":{"start":{"line":20,"column":26},"end":{"line":20,"column":58}},"14":{"start":{"line":21,"column":4},"end":{"line":23,"column":null}},"15":{"start":{"line":22,"column":6},"end":{"line":22,"column":84}},"16":{"start":{"line":25,"column":29},"end":{"line":25,"column":90}},"17":{"start":{"line":26,"column":4},"end":{"line":28,"column":null}},"18":{"start":{"line":27,"column":6},"end":{"line":27,"column":96}},"19":{"start":{"line":30,"column":27},"end":{"line":30,"column":76}},"20":{"start":{"line":31,"column":4},"end":{"line":35,"column":6}},"21":{"start":{"line":37,"column":4},"end":{"line":37,"column":45}},"22":{"start":{"line":11,"column":13},"end":{"line":11,"column":53}}},"fnMap":{"0":{"name":"(anonymous_0)","decl":{"start":{"line":7,"column":23},"end":{"line":7,"column":28}},"loc":{"start":{"line":7,"column":97},"end":{"line":9,"column":1}}},"1":{"name":"(anonymous_1)","decl":{"start":{"line":11,"column":53},"end":{"line":11,"column":58}},"loc":{"start":{"line":11,"column":82},"end":{"line":39,"column":1}}}},"branchMap":{"0":{"loc":{"start":{"line":16,"column":4},"end":{"line":18,"column":null}},"type":"if","locations":[{"start":{"line":16,"column":4},"end":{"line":18,"column":null}}]},"1":{"loc":{"start":{"line":16,"column":8},"end":{"line":16,"column":60}},"type":"binary-expr","locations":[{"start":{"line":16,"column":8},"end":{"line":16,"column":23}},{"start":{"line":16,"column":27},"end":{"line":16,"column":60}}]},"2":{"loc":{"start":{"line":21,"column":4},"end":{"line":23,"column":null}},"type":"if","locations":[{"start":{"line":21,"column":4},"end":{"line":23,"column":null}}]},"3":{"loc":{"start":{"line":26,"column":4},"end":{"line":28,"column":null}},"type":"if","locations":[{"start":{"line":26,"column":4},"end":{"line":28,"column":null}}]}},"s":{"0":1,"1":1,"2":1,"3":1,"4":1,"5":0,"6":1,"7":1,"8":1,"9":1,"10":1,"11":1,"12":0,"13":1,"14":1,"15":0,"16":1,"17":1,"18":0,"19":1,"20":1,"21":0,"22":1},"f":{"0":0,"1":1},"b":{"0":[0],"1":[1,1],"2":[0],"3":[0]}}
,"/Users/danielwerner/Repos/leasing-application-service/src/functions/PostApplication/index.ts": {"path":"/Users/danielwerner/Repos/leasing-application-service/src/functions/PostApplication/index.ts","statementMap":{"0":{"start":{"line":2,"column":0},"end":{"line":2,"column":80}},"1":{"start":{"line":3,"column":0},"end":{"line":3,"column":111}},"2":{"start":{"line":4,"column":0},"end":{"line":4,"column":83}},"3":{"start":{"line":6,"column":23},"end":{"line":8,"column":1}},"4":{"start":{"line":7,"column":2},"end":{"line":7,"column":60}},"5":{"start":{"line":6,"column":13},"end":{"line":6,"column":23}},"6":{"start":{"line":10,"column":51},"end":{"line":29,"column":1}},"7":{"start":{"line":11,"column":2},"end":{"line":28,"column":null}},"8":{"start":{"line":12,"column":4},"end":{"line":14,"column":null}},"9":{"start":{"line":13,"column":6},"end":{"line":13,"column":49}},"10":{"start":{"line":15,"column":35},"end":{"line":15,"column":57}},"11":{"start":{"line":16,"column":4},"end":{"line":18,"column":null}},"12":{"start":{"line":17,"column":6},"end":{"line":17,"column":74}},"13":{"start":{"line":19,"column":26},"end":{"line":19,"column":74}},"14":{"start":{"line":20,"column":31},"end":{"line":20,"column":77}},"15":{"start":{"line":21,"column":4},"end":{"line":25,"column":6}},"16":{"start":{"line":27,"column":4},"end":{"line":27,"column":45}},"17":{"start":{"line":10,"column":13},"end":{"line":10,"column":51}}},"fnMap":{"0":{"name":"(anonymous_0)","decl":{"start":{"line":6,"column":23},"end":{"line":6,"column":28}},"loc":{"start":{"line":6,"column":97},"end":{"line":8,"column":1}}},"1":{"name":"(anonymous_1)","decl":{"start":{"line":10,"column":51},"end":{"line":10,"column":56}},"loc":{"start":{"line":10,"column":67},"end":{"line":29,"column":1}}}},"branchMap":{"0":{"loc":{"start":{"line":12,"column":4},"end":{"line":14,"column":null}},"type":"if","locations":[{"start":{"line":12,"column":4},"end":{"line":14,"column":null}}]},"1":{"loc":{"start":{"line":16,"column":4},"end":{"line":18,"column":null}},"type":"if","locations":[{"start":{"line":16,"column":4},"end":{"line":18,"column":null}}]}},"s":{"0":1,"1":1,"2":1,"3":1,"4":0,"5":1,"6":1,"7":3,"8":3,"9":0,"10":3,"11":3,"12":2,"13":1,"14":1,"15":1,"16":2,"17":1},"f":{"0":0,"1":3},"b":{"0":[0],"1":[2]}}
,"/Users/danielwerner/Repos/leasing-application-service/src/functions/PostApplication/tests.ts": {"path":"/Users/danielwerner/Repos/leasing-application-service/src/functions/PostApplication/tests.ts","statementMap":{"0":{"start":{"line":1,"column":0},"end":{"line":1,"column":58}},"1":{"start":{"line":2,"column":0},"end":{"line":2,"column":43}},"2":{"start":{"line":4,"column":16},"end":{"line":20,"column":2}},"3":{"start":{"line":24,"column":17},"end":{"line":34,"column":2}},"4":{"start":{"line":37,"column":18},"end":{"line":37,"column":51}},"5":{"start":{"line":38,"column":0},"end":{"line":40,"column":3}},"6":{"start":{"line":39,"column":2},"end":{"line":39,"column":22}}},"fnMap":{"0":{"name":"(anonymous_6)","decl":{"start":{"line":38,"column":15},"end":{"line":38,"column":16}},"loc":{"start":{"line":38,"column":26},"end":{"line":40,"column":1}}}},"branchMap":{},"s":{"0":0,"1":0,"2":0,"3":0,"4":0,"5":0,"6":0},"f":{"0":0},"b":{}}
,"/Users/danielwerner/Repos/leasing-application-service/src/functions/PostDocument/index.ts": {"path":"/Users/danielwerner/Repos/leasing-application-service/src/functions/PostDocument/index.ts","statementMap":{"0":{"start":{"line":2,"column":0},"end":{"line":2,"column":110}},"1":{"start":{"line":3,"column":0},"end":{"line":3,"column":64}},"2":{"start":{"line":4,"column":0},"end":{"line":4,"column":99}},"3":{"start":{"line":5,"column":0},"end":{"line":5,"column":51}},"4":{"start":{"line":7,"column":23},"end":{"line":9,"column":1}},"5":{"start":{"line":8,"column":2},"end":{"line":8,"column":57}},"6":{"start":{"line":7,"column":13},"end":{"line":7,"column":23}},"7":{"start":{"line":11,"column":48},"end":{"line":49,"column":1}},"8":{"start":{"line":12,"column":29},"end":{"line":12,"column":97}},"9":{"start":{"line":13,"column":25},"end":{"line":13,"column":45}},"10":{"start":{"line":14,"column":21},"end":{"line":14,"column":43}},"11":{"start":{"line":15,"column":2},"end":{"line":17,"column":null}},"12":{"start":{"line":16,"column":4},"end":{"line":16,"column":71}},"13":{"start":{"line":18,"column":24},"end":{"line":18,"column":56}},"14":{"start":{"line":19,"column":2},"end":{"line":21,"column":null}},"15":{"start":{"line":20,"column":4},"end":{"line":20,"column":82}},"16":{"start":{"line":22,"column":27},"end":{"line":22,"column":88}},"17":{"start":{"line":23,"column":2},"end":{"line":25,"column":null}},"18":{"start":{"line":24,"column":4},"end":{"line":24,"column":94}},"19":{"start":{"line":26,"column":2},"end":{"line":48,"column":null}},"20":{"start":{"line":27,"column":4},"end":{"line":29,"column":null}},"21":{"start":{"line":28,"column":6},"end":{"line":28,"column":49}},"22":{"start":{"line":30,"column":88},"end":{"line":30,"column":110}},"23":{"start":{"line":31,"column":4},"end":{"line":33,"column":null}},"24":{"start":{"line":32,"column":6},"end":{"line":32,"column":76}},"25":{"start":{"line":34,"column":4},"end":{"line":36,"column":null}},"26":{"start":{"line":35,"column":6},"end":{"line":35,"column":84}},"27":{"start":{"line":37,"column":4},"end":{"line":39,"column":null}},"28":{"start":{"line":38,"column":6},"end":{"line":38,"column":84}},"29":{"start":{"line":40,"column":26},"end":{"line":40,"column":103}},"30":{"start":{"line":41,"column":4},"end":{"line":45,"column":6}},"31":{"start":{"line":47,"column":4},"end":{"line":47,"column":45}},"32":{"start":{"line":11,"column":13},"end":{"line":11,"column":48}}},"fnMap":{"0":{"name":"(anonymous_0)","decl":{"start":{"line":7,"column":23},"end":{"line":7,"column":28}},"loc":{"start":{"line":7,"column":97},"end":{"line":9,"column":1}}},"1":{"name":"(anonymous_1)","decl":{"start":{"line":11,"column":48},"end":{"line":11,"column":53}},"loc":{"start":{"line":11,"column":77},"end":{"line":49,"column":1}}}},"branchMap":{"0":{"loc":{"start":{"line":15,"column":2},"end":{"line":17,"column":null}},"type":"if","locations":[{"start":{"line":15,"column":2},"end":{"line":17,"column":null}}]},"1":{"loc":{"start":{"line":15,"column":6},"end":{"line":15,"column":58}},"type":"binary-expr","locations":[{"start":{"line":15,"column":6},"end":{"line":15,"column":21}},{"start":{"line":15,"column":25},"end":{"line":15,"column":58}}]},"2":{"loc":{"start":{"line":19,"column":2},"end":{"line":21,"column":null}},"type":"if","locations":[{"start":{"line":19,"column":2},"end":{"line":21,"column":null}}]},"3":{"loc":{"start":{"line":23,"column":2},"end":{"line":25,"column":null}},"type":"if","locations":[{"start":{"line":23,"column":2},"end":{"line":25,"column":null}}]},"4":{"loc":{"start":{"line":27,"column":4},"end":{"line":29,"column":null}},"type":"if","locations":[{"start":{"line":27,"column":4},"end":{"line":29,"column":null}}]},"5":{"loc":{"start":{"line":31,"column":4},"end":{"line":33,"column":null}},"type":"if","locations":[{"start":{"line":31,"column":4},"end":{"line":33,"column":null}}]},"6":{"loc":{"start":{"line":34,"column":4},"end":{"line":36,"column":null}},"type":"if","locations":[{"start":{"line":34,"column":4},"end":{"line":36,"column":null}}]},"7":{"loc":{"start":{"line":37,"column":4},"end":{"line":39,"column":null}},"type":"if","locations":[{"start":{"line":37,"column":4},"end":{"line":39,"column":null}}]}},"s":{"0":0,"1":0,"2":0,"3":0,"4":0,"5":0,"6":0,"7":0,"8":0,"9":0,"10":0,"11":0,"12":0,"13":0,"14":0,"15":0,"16":0,"17":0,"18":0,"19":0,"20":0,"21":0,"22":0,"23":0,"24":0,"25":0,"26":0,"27":0,"28":0,"29":0,"30":0,"31":0,"32":0},"f":{"0":0,"1":0},"b":{"0":[0],"1":[0,0],"2":[0],"3":[0],"4":[0],"5":[0],"6":[0],"7":[0]}}
,"/Users/danielwerner/Repos/leasing-application-service/src/functions/PostInviteApplicant/index.ts": {"path":"/Users/danielwerner/Repos/leasing-application-service/src/functions/PostInviteApplicant/index.ts","statementMap":{"0":{"start":{"line":2,"column":0},"end":{"line":2,"column":110}},"1":{"start":{"line":3,"column":0},"end":{"line":3,"column":81}},"2":{"start":{"line":4,"column":0},"end":{"line":4,"column":51}},"3":{"start":{"line":5,"column":0},"end":{"line":5,"column":99}},"4":{"start":{"line":7,"column":23},"end":{"line":9,"column":1}},"5":{"start":{"line":8,"column":2},"end":{"line":8,"column":60}},"6":{"start":{"line":7,"column":13},"end":{"line":7,"column":23}},"7":{"start":{"line":11,"column":51},"end":{"line":49,"column":1}},"8":{"start":{"line":12,"column":2},"end":{"line":48,"column":null}},"9":{"start":{"line":13,"column":27},"end":{"line":13,"column":47}},"10":{"start":{"line":14,"column":23},"end":{"line":14,"column":45}},"11":{"start":{"line":16,"column":4},"end":{"line":18,"column":null}},"12":{"start":{"line":17,"column":6},"end":{"line":17,"column":50}},"13":{"start":{"line":20,"column":4},"end":{"line":22,"column":null}},"14":{"start":{"line":21,"column":6},"end":{"line":21,"column":58}},"15":{"start":{"line":24,"column":69},"end":{"line":24,"column":91}},"16":{"start":{"line":25,"column":4},"end":{"line":27,"column":null}},"17":{"start":{"line":26,"column":6},"end":{"line":26,"column":71}},"18":{"start":{"line":29,"column":33},"end":{"line":29,"column":65}},"19":{"start":{"line":30,"column":4},"end":{"line":32,"column":null}},"20":{"start":{"line":31,"column":6},"end":{"line":31,"column":89}},"21":{"start":{"line":34,"column":29},"end":{"line":34,"column":97}},"22":{"start":{"line":35,"column":4},"end":{"line":37,"column":null}},"23":{"start":{"line":36,"column":6},"end":{"line":36,"column":79}},"24":{"start":{"line":39,"column":4},"end":{"line":39,"column":78}},"25":{"start":{"line":41,"column":4},"end":{"line":45,"column":6}},"26":{"start":{"line":47,"column":4},"end":{"line":47,"column":45}},"27":{"start":{"line":11,"column":13},"end":{"line":11,"column":51}}},"fnMap":{"0":{"name":"(anonymous_0)","decl":{"start":{"line":7,"column":23},"end":{"line":7,"column":28}},"loc":{"start":{"line":7,"column":97},"end":{"line":9,"column":1}}},"1":{"name":"(anonymous_1)","decl":{"start":{"line":11,"column":51},"end":{"line":11,"column":56}},"loc":{"start":{"line":11,"column":80},"end":{"line":49,"column":1}}}},"branchMap":{"0":{"loc":{"start":{"line":16,"column":4},"end":{"line":18,"column":null}},"type":"if","locations":[{"start":{"line":16,"column":4},"end":{"line":18,"column":null}}]},"1":{"loc":{"start":{"line":16,"column":9},"end":{"line":16,"column":20}},"type":"cond-expr","locations":[{"start":{"line":16,"column":14},"end":{"line":16,"column":16}},{"start":{"line":16,"column":9},"end":{"line":16,"column":20}}]},"2":{"loc":{"start":{"line":16,"column":9},"end":{"line":16,"column":16}},"type":"binary-expr","locations":[{"start":{"line":16,"column":9},"end":{"line":16,"column":16}},{"start":{"line":16,"column":9},"end":{"line":16,"column":16}}]},"3":{"loc":{"start":{"line":20,"column":4},"end":{"line":22,"column":null}},"type":"if","locations":[{"start":{"line":20,"column":4},"end":{"line":22,"column":null}}]},"4":{"loc":{"start":{"line":20,"column":9},"end":{"line":20,"column":39}},"type":"cond-expr","locations":[{"start":{"line":20,"column":23},"end":{"line":20,"column":25}},{"start":{"line":20,"column":9},"end":{"line":20,"column":39}}]},"5":{"loc":{"start":{"line":20,"column":9},"end":{"line":20,"column":25}},"type":"binary-expr","locations":[{"start":{"line":20,"column":9},"end":{"line":20,"column":25}},{"start":{"line":20,"column":9},"end":{"line":20,"column":25}}]},"6":{"loc":{"start":{"line":25,"column":4},"end":{"line":27,"column":null}},"type":"if","locations":[{"start":{"line":25,"column":4},"end":{"line":27,"column":null}}]},"7":{"loc":{"start":{"line":30,"column":4},"end":{"line":32,"column":null}},"type":"if","locations":[{"start":{"line":30,"column":4},"end":{"line":32,"column":null}}]},"8":{"loc":{"start":{"line":35,"column":4},"end":{"line":37,"column":null}},"type":"if","locations":[{"start":{"line":35,"column":4},"end":{"line":37,"column":null}}]}},"s":{"0":0,"1":0,"2":0,"3":0,"4":0,"5":0,"6":0,"7":0,"8":0,"9":0,"10":0,"11":0,"12":0,"13":0,"14":0,"15":0,"16":0,"17":0,"18":0,"19":0,"20":0,"21":0,"22":0,"23":0,"24":0,"25":0,"26":0,"27":0},"f":{"0":0,"1":0},"b":{"0":[0],"1":[0,0],"2":[0,0],"3":[0],"4":[0,0],"5":[0,0],"6":[0],"7":[0],"8":[0]}}
,"/Users/danielwerner/Repos/leasing-application-service/src/functions/PutApplication/index.ts": {"path":"/Users/danielwerner/Repos/leasing-application-service/src/functions/PutApplication/index.ts","statementMap":{"0":{"start":{"line":2,"column":0},"end":{"line":2,"column":110}},"1":{"start":{"line":3,"column":0},"end":{"line":3,"column":85}},"2":{"start":{"line":4,"column":0},"end":{"line":4,"column":99}},"3":{"start":{"line":5,"column":0},"end":{"line":5,"column":51}},"4":{"start":{"line":24,"column":23},"end":{"line":26,"column":1}},"5":{"start":{"line":25,"column":2},"end":{"line":25,"column":61}},"6":{"start":{"line":24,"column":13},"end":{"line":24,"column":23}},"7":{"start":{"line":28,"column":52},"end":{"line":69,"column":1}},"8":{"start":{"line":29,"column":2},"end":{"line":68,"column":null}},"9":{"start":{"line":30,"column":27},"end":{"line":30,"column":47}},"10":{"start":{"line":31,"column":23},"end":{"line":31,"column":45}},"11":{"start":{"line":32,"column":4},"end":{"line":34,"column":null}},"12":{"start":{"line":33,"column":6},"end":{"line":33,"column":73}},"13":{"start":{"line":35,"column":26},"end":{"line":35,"column":58}},"14":{"start":{"line":36,"column":4},"end":{"line":38,"column":null}},"15":{"start":{"line":37,"column":6},"end":{"line":37,"column":84}},"16":{"start":{"line":39,"column":29},"end":{"line":39,"column":90}},"17":{"start":{"line":40,"column":4},"end":{"line":42,"column":null}},"18":{"start":{"line":41,"column":6},"end":{"line":41,"column":96}},"19":{"start":{"line":43,"column":4},"end":{"line":45,"column":null}},"20":{"start":{"line":44,"column":6},"end":{"line":44,"column":49}},"21":{"start":{"line":46,"column":36},"end":{"line":46,"column":58}},"22":{"start":{"line":47,"column":4},"end":{"line":49,"column":null}},"23":{"start":{"line":48,"column":6},"end":{"line":48,"column":74}},"24":{"start":{"line":60,"column":35},"end":{"line":60,"column":89}},"25":{"start":{"line":61,"column":4},"end":{"line":65,"column":6}},"26":{"start":{"line":67,"column":4},"end":{"line":67,"column":45}},"27":{"start":{"line":28,"column":13},"end":{"line":28,"column":52}}},"fnMap":{"0":{"name":"(anonymous_0)","decl":{"start":{"line":24,"column":23},"end":{"line":24,"column":28}},"loc":{"start":{"line":24,"column":97},"end":{"line":26,"column":1}}},"1":{"name":"(anonymous_1)","decl":{"start":{"line":28,"column":52},"end":{"line":28,"column":57}},"loc":{"start":{"line":28,"column":81},"end":{"line":69,"column":1}}}},"branchMap":{"0":{"loc":{"start":{"line":32,"column":4},"end":{"line":34,"column":null}},"type":"if","locations":[{"start":{"line":32,"column":4},"end":{"line":34,"column":null}}]},"1":{"loc":{"start":{"line":32,"column":8},"end":{"line":32,"column":60}},"type":"binary-expr","locations":[{"start":{"line":32,"column":8},"end":{"line":32,"column":23}},{"start":{"line":32,"column":27},"end":{"line":32,"column":60}}]},"2":{"loc":{"start":{"line":36,"column":4},"end":{"line":38,"column":null}},"type":"if","locations":[{"start":{"line":36,"column":4},"end":{"line":38,"column":null}}]},"3":{"loc":{"start":{"line":40,"column":4},"end":{"line":42,"column":null}},"type":"if","locations":[{"start":{"line":40,"column":4},"end":{"line":42,"column":null}}]},"4":{"loc":{"start":{"line":43,"column":4},"end":{"line":45,"column":null}},"type":"if","locations":[{"start":{"line":43,"column":4},"end":{"line":45,"column":null}}]},"5":{"loc":{"start":{"line":47,"column":4},"end":{"line":49,"column":null}},"type":"if","locations":[{"start":{"line":47,"column":4},"end":{"line":49,"column":null}}]}},"s":{"0":1,"1":1,"2":1,"3":1,"4":1,"5":0,"6":1,"7":1,"8":1,"9":1,"10":1,"11":1,"12":0,"13":1,"14":1,"15":0,"16":1,"17":1,"18":0,"19":1,"20":0,"21":1,"22":1,"23":0,"24":1,"25":1,"26":0,"27":1},"f":{"0":0,"1":1},"b":{"0":[0],"1":[1,1],"2":[0],"3":[0],"4":[0],"5":[0]}}
,"/Users/danielwerner/Repos/leasing-application-service/src/functions/PutApplication/tests.ts": {"path":"/Users/danielwerner/Repos/leasing-application-service/src/functions/PutApplication/tests.ts","statementMap":{"0":{"start":{"line":1,"column":0},"end":{"line":1,"column":58}},"1":{"start":{"line":2,"column":0},"end":{"line":2,"column":42}},"2":{"start":{"line":4,"column":16},"end":{"line":66,"column":2}},"3":{"start":{"line":70,"column":17},"end":{"line":80,"column":2}},"4":{"start":{"line":83,"column":18},"end":{"line":83,"column":50}},"5":{"start":{"line":84,"column":0},"end":{"line":86,"column":3}},"6":{"start":{"line":85,"column":2},"end":{"line":85,"column":22}}},"fnMap":{"0":{"name":"(anonymous_6)","decl":{"start":{"line":84,"column":15},"end":{"line":84,"column":16}},"loc":{"start":{"line":84,"column":26},"end":{"line":86,"column":1}}}},"branchMap":{},"s":{"0":0,"1":0,"2":0,"3":0,"4":0,"5":0,"6":0},"f":{"0":0},"b":{}}
,"/Users/danielwerner/Repos/leasing-application-service/src/functions/PutCoApplicant/index.ts": {"path":"/Users/danielwerner/Repos/leasing-application-service/src/functions/PutCoApplicant/index.ts","statementMap":{"0":{"start":{"line":2,"column":0},"end":{"line":2,"column":110}},"1":{"start":{"line":3,"column":0},"end":{"line":3,"column":51}},"2":{"start":{"line":4,"column":0},"end":{"line":4,"column":99}},"3":{"start":{"line":5,"column":0},"end":{"line":5,"column":null}},"4":{"start":{"line":13,"column":0},"end":{"line":13,"column":54}},"5":{"start":{"line":15,"column":23},"end":{"line":17,"column":1}},"6":{"start":{"line":16,"column":2},"end":{"line":16,"column":59}},"7":{"start":{"line":15,"column":13},"end":{"line":15,"column":23}},"8":{"start":{"line":19,"column":50},"end":{"line":83,"column":1}},"9":{"start":{"line":20,"column":2},"end":{"line":82,"column":null}},"10":{"start":{"line":21,"column":27},"end":{"line":21,"column":38}},"11":{"start":{"line":22,"column":27},"end":{"line":22,"column":47}},"12":{"start":{"line":24,"column":4},"end":{"line":26,"column":null}},"13":{"start":{"line":25,"column":6},"end":{"line":25,"column":74}},"14":{"start":{"line":28,"column":4},"end":{"line":30,"column":null}},"15":{"start":{"line":29,"column":6},"end":{"line":29,"column":73}},"16":{"start":{"line":32,"column":26},"end":{"line":32,"column":58}},"17":{"start":{"line":33,"column":4},"end":{"line":35,"column":null}},"18":{"start":{"line":34,"column":6},"end":{"line":34,"column":84}},"19":{"start":{"line":37,"column":33},"end":{"line":37,"column":94}},"20":{"start":{"line":38,"column":4},"end":{"line":40,"column":null}},"21":{"start":{"line":39,"column":6},"end":{"line":39,"column":96}},"22":{"start":{"line":42,"column":4},"end":{"line":44,"column":null}},"23":{"start":{"line":43,"column":6},"end":{"line":43,"column":49}},"24":{"start":{"line":45,"column":17},"end":{"line":45,"column":39}},"25":{"start":{"line":46,"column":70},"end":{"line":46,"column":74}},"26":{"start":{"line":47,"column":24},"end":{"line":47,"column":70}},"27":{"start":{"line":49,"column":4},"end":{"line":51,"column":null}},"28":{"start":{"line":50,"column":6},"end":{"line":50,"column":83}},"29":{"start":{"line":54,"column":32},"end":{"line":54,"column":79}},"30":{"start":{"line":55,"column":32},"end":{"line":55,"column":69}},"31":{"start":{"line":56,"column":31},"end":{"line":56,"column":88}},"32":{"start":{"line":58,"column":32},"end":{"line":61,"column":null}},"33":{"start":{"line":63,"column":35},"end":{"line":63,"column":83}},"34":{"start":{"line":66,"column":22},"end":{"line":66,"column":98}},"35":{"start":{"line":67,"column":30},"end":{"line":67,"column":85}},"36":{"start":{"line":69,"column":4},"end":{"line":71,"column":null}},"37":{"start":{"line":70,"column":6},"end":{"line":70,"column":38}},"38":{"start":{"line":73,"column":4},"end":{"line":79,"column":6}},"39":{"start":{"line":81,"column":4},"end":{"line":81,"column":45}},"40":{"start":{"line":19,"column":13},"end":{"line":19,"column":50}}},"fnMap":{"0":{"name":"(anonymous_1)","decl":{"start":{"line":15,"column":23},"end":{"line":15,"column":28}},"loc":{"start":{"line":15,"column":97},"end":{"line":17,"column":1}}},"1":{"name":"(anonymous_2)","decl":{"start":{"line":19,"column":50},"end":{"line":19,"column":55}},"loc":{"start":{"line":19,"column":79},"end":{"line":83,"column":1}}}},"branchMap":{"0":{"loc":{"start":{"line":24,"column":4},"end":{"line":26,"column":null}},"type":"if","locations":[{"start":{"line":24,"column":4},"end":{"line":26,"column":null}}]},"1":{"loc":{"start":{"line":28,"column":4},"end":{"line":30,"column":null}},"type":"if","locations":[{"start":{"line":28,"column":4},"end":{"line":30,"column":null}}]},"2":{"loc":{"start":{"line":28,"column":8},"end":{"line":28,"column":60}},"type":"binary-expr","locations":[{"start":{"line":28,"column":8},"end":{"line":28,"column":23}},{"start":{"line":28,"column":27},"end":{"line":28,"column":60}}]},"3":{"loc":{"start":{"line":33,"column":4},"end":{"line":35,"column":null}},"type":"if","locations":[{"start":{"line":33,"column":4},"end":{"line":35,"column":null}}]},"4":{"loc":{"start":{"line":38,"column":4},"end":{"line":40,"column":null}},"type":"if","locations":[{"start":{"line":38,"column":4},"end":{"line":40,"column":null}}]},"5":{"loc":{"start":{"line":42,"column":4},"end":{"line":44,"column":null}},"type":"if","locations":[{"start":{"line":42,"column":4},"end":{"line":44,"column":null}}]},"6":{"loc":{"start":{"line":49,"column":4},"end":{"line":51,"column":null}},"type":"if","locations":[{"start":{"line":49,"column":4},"end":{"line":51,"column":null}}]},"7":{"loc":{"start":{"line":49,"column":8},"end":{"line":49,"column":39}},"type":"cond-expr","locations":[{"start":{"line":49,"column":19},"end":{"line":49,"column":21}},{"start":{"line":49,"column":8},"end":{"line":49,"column":39}}]},"8":{"loc":{"start":{"line":49,"column":8},"end":{"line":49,"column":21}},"type":"binary-expr","locations":[{"start":{"line":49,"column":8},"end":{"line":49,"column":21}},{"start":{"line":49,"column":8},"end":{"line":49,"column":21}}]},"9":{"loc":{"start":{"line":69,"column":4},"end":{"line":71,"column":null}},"type":"if","locations":[{"start":{"line":69,"column":4},"end":{"line":71,"column":null}}]}},"s":{"0":1,"1":1,"2":1,"3":1,"4":1,"5":1,"6":0,"7":1,"8":1,"9":1,"10":1,"11":1,"12":1,"13":0,"14":1,"15":0,"16":1,"17":1,"18":0,"19":1,"20":1,"21":0,"22":1,"23":0,"24":1,"25":1,"26":1,"27":1,"28":0,"29":1,"30":1,"31":1,"32":1,"33":1,"34":1,"35":1,"36":1,"37":1,"38":1,"39":0,"40":1},"f":{"0":0,"1":1},"b":{"0":[0],"1":[0],"2":[1,1],"3":[0],"4":[0],"5":[0],"6":[0],"7":[0,1],"8":[1,1],"9":[1]}}
,"/Users/danielwerner/Repos/leasing-application-service/src/lib/authorizer/index.ts": {"path":"/Users/danielwerner/Repos/leasing-application-service/src/lib/authorizer/index.ts","statementMap":{"0":{"start":{"line":2,"column":0},"end":{"line":2,"column":36}},"1":{"start":{"line":3,"column":0},"end":{"line":3,"column":80}},"2":{"start":{"line":4,"column":0},"end":{"line":4,"column":90}},"3":{"start":{"line":5,"column":0},"end":{"line":5,"column":44}},"4":{"start":{"line":8,"column":21},"end":{"line":8,"column":39}},"5":{"start":{"line":8,"column":48},"end":{"line":8,"column":71}},"6":{"start":{"line":9,"column":4},"end":{"line":9,"column":33}},"7":{"start":{"line":10,"column":4},"end":{"line":10,"column":29}},"8":{"start":{"line":7,"column":0},"end":{"line":7,"column":13}},"9":{"start":{"line":17,"column":52},"end":{"line":44,"column":1}},"10":{"start":{"line":21,"column":52},"end":{"line":41,"column":3}},"11":{"start":{"line":25,"column":27},"end":{"line":25,"column":47}},"12":{"start":{"line":26,"column":23},"end":{"line":26,"column":45}},"13":{"start":{"line":27,"column":4},"end":{"line":29,"column":null}},"14":{"start":{"line":28,"column":6},"end":{"line":28,"column":73}},"15":{"start":{"line":30,"column":26},"end":{"line":30,"column":58}},"16":{"start":{"line":31,"column":4},"end":{"line":33,"column":null}},"17":{"start":{"line":32,"column":6},"end":{"line":32,"column":84}},"18":{"start":{"line":34,"column":24},"end":{"line":34,"column":70}},"19":{"start":{"line":36,"column":4},"end":{"line":38,"column":null}},"20":{"start":{"line":37,"column":6},"end":{"line":37,"column":96}},"21":{"start":{"line":40,"column":4},"end":{"line":40,"column":53}},"22":{"start":{"line":43,"column":2},"end":{"line":43,"column":60}},"23":{"start":{"line":17,"column":13},"end":{"line":17,"column":52}},"24":{"start":{"line":50,"column":44},"end":{"line":53,"column":1}},"25":{"start":{"line":51,"column":22},"end":{"line":51,"column":68}},"26":{"start":{"line":52,"column":2},"end":{"line":52,"column":73}},"27":{"start":{"line":50,"column":13},"end":{"line":50,"column":44}},"28":{"start":{"line":55,"column":36},"end":{"line":66,"column":1}},"29":{"start":{"line":56,"column":2},"end":{"line":65,"column":null}},"30":{"start":{"line":57,"column":4},"end":{"line":59,"column":null}},"31":{"start":{"line":58,"column":6},"end":{"line":58,"column":82}},"32":{"start":{"line":60,"column":4},"end":{"line":60,"column":48}},"33":{"start":{"line":62,"column":4},"end":{"line":62,"column":50}},"34":{"start":{"line":62,"column":40},"end":{"line":62,"column":50}},"35":{"start":{"line":63,"column":4},"end":{"line":63,"column":23}},"36":{"start":{"line":64,"column":4},"end":{"line":64,"column":52}},"37":{"start":{"line":55,"column":13},"end":{"line":55,"column":36}},"38":{"start":{"line":68,"column":29},"end":{"line":93,"column":1}},"39":{"start":{"line":69,"column":23},"end":{"line":69,"column":39}},"40":{"start":{"line":71,"column":26},"end":{"line":71,"column":45}},"41":{"start":{"line":72,"column":2},"end":{"line":79,"column":null}},"42":{"start":{"line":73,"column":4},"end":{"line":78,"column":6}},"43":{"start":{"line":81,"column":24},"end":{"line":81,"column":51}},"44":{"start":{"line":82,"column":2},"end":{"line":89,"column":null}},"45":{"start":{"line":83,"column":4},"end":{"line":88,"column":6}},"46":{"start":{"line":91,"column":22},"end":{"line":91,"column":69}},"47":{"start":{"line":92,"column":2},"end":{"line":92,"column":44}},"48":{"start":{"line":68,"column":13},"end":{"line":68,"column":29}},"49":{"start":{"line":95,"column":18},"end":{"line":101,"column":1}},"50":{"start":{"line":96,"column":26},"end":{"line":96,"column":39}},"51":{"start":{"line":97,"column":2},"end":{"line":99,"column":null}},"52":{"start":{"line":98,"column":4},"end":{"line":98,"column":44}},"53":{"start":{"line":100,"column":2},"end":{"line":100,"column":35}}},"fnMap":{"0":{"name":"(anonymous_1)","decl":{"start":{"line":8,"column":2},"end":{"line":8,"column":21}},"loc":{"start":{"line":8,"column":71},"end":{"line":11,"column":3}}},"1":{"name":"(anonymous_2)","decl":{"start":{"line":17,"column":52},"end":{"line":17,"column":57}},"loc":{"start":{"line":20,"column":4},"end":{"line":44,"column":1}}},"2":{"name":"(anonymous_3)","decl":{"start":{"line":21,"column":52},"end":{"line":21,"column":57}},"loc":{"start":{"line":24,"column":38},"end":{"line":41,"column":3}}},"3":{"name":"(anonymous_4)","decl":{"start":{"line":50,"column":44},"end":{"line":50,"column":49}},"loc":{"start":{"line":50,"column":96},"end":{"line":53,"column":1}}},"4":{"name":"(anonymous_5)","decl":{"start":{"line":55,"column":36},"end":{"line":55,"column":41}},"loc":{"start":{"line":55,"column":106},"end":{"line":66,"column":1}}},"5":{"name":"(anonymous_6)","decl":{"start":{"line":68,"column":29},"end":{"line":68,"column":34}},"loc":{"start":{"line":68,"column":99},"end":{"line":93,"column":1}}},"6":{"name":"(anonymous_7)","decl":{"start":{"line":95,"column":18},"end":{"line":95,"column":19}},"loc":{"start":{"line":95,"column":28},"end":{"line":101,"column":1}}}},"branchMap":{"0":{"loc":{"start":{"line":27,"column":4},"end":{"line":29,"column":null}},"type":"if","locations":[{"start":{"line":27,"column":4},"end":{"line":29,"column":null}}]},"1":{"loc":{"start":{"line":27,"column":8},"end":{"line":27,"column":60}},"type":"binary-expr","locations":[{"start":{"line":27,"column":8},"end":{"line":27,"column":23}},{"start":{"line":27,"column":27},"end":{"line":27,"column":60}}]},"2":{"loc":{"start":{"line":31,"column":4},"end":{"line":33,"column":null}},"type":"if","locations":[{"start":{"line":31,"column":4},"end":{"line":33,"column":null}}]},"3":{"loc":{"start":{"line":36,"column":4},"end":{"line":38,"column":null}},"type":"if","locations":[{"start":{"line":36,"column":4},"end":{"line":38,"column":null}}]},"4":{"loc":{"start":{"line":36,"column":8},"end":{"line":36,"column":42}},"type":"cond-expr","locations":[{"start":{"line":36,"column":29},"end":{"line":36,"column":31}},{"start":{"line":36,"column":29},"end":{"line":36,"column":42}}]},"5":{"loc":{"start":{"line":36,"column":8},"end":{"line":36,"column":31}},"type":"binary-expr","locations":[{"start":{"line":36,"column":8},"end":{"line":36,"column":31}},{"start":{"line":36,"column":29},"end":{"line":36,"column":31}}]},"6":{"loc":{"start":{"line":36,"column":8},"end":{"line":36,"column":29}},"type":"cond-expr","locations":[{"start":{"line":36,"column":19},"end":{"line":36,"column":21}},{"start":{"line":36,"column":8},"end":{"line":36,"column":29}}]},"7":{"loc":{"start":{"line":36,"column":8},"end":{"line":36,"column":21}},"type":"binary-expr","locations":[{"start":{"line":36,"column":8},"end":{"line":36,"column":21}},{"start":{"line":36,"column":8},"end":{"line":36,"column":21}}]},"8":{"loc":{"start":{"line":52,"column":9},"end":{"line":52,"column":72}},"type":"binary-expr","locations":[{"start":{"line":52,"column":9},"end":{"line":52,"column":20}},{"start":{"line":52,"column":24},"end":{"line":52,"column":72}}]},"9":{"loc":{"start":{"line":52,"column":24},"end":{"line":52,"column":57}},"type":"cond-expr","locations":[{"start":{"line":52,"column":35},"end":{"line":52,"column":37}},{"start":{"line":52,"column":24},"end":{"line":52,"column":57}}]},"10":{"loc":{"start":{"line":52,"column":24},"end":{"line":52,"column":37}},"type":"binary-expr","locations":[{"start":{"line":52,"column":24},"end":{"line":52,"column":37}},{"start":{"line":52,"column":24},"end":{"line":52,"column":37}}]},"11":{"loc":{"start":{"line":57,"column":4},"end":{"line":59,"column":null}},"type":"if","locations":[{"start":{"line":57,"column":4},"end":{"line":59,"column":null}}]},"12":{"loc":{"start":{"line":62,"column":4},"end":{"line":62,"column":50}},"type":"if","locations":[{"start":{"line":62,"column":4},"end":{"line":62,"column":50}}]},"13":{"loc":{"start":{"line":72,"column":2},"end":{"line":79,"column":null}},"type":"if","locations":[{"start":{"line":72,"column":2},"end":{"line":79,"column":null}}]},"14":{"loc":{"start":{"line":82,"column":2},"end":{"line":89,"column":null}},"type":"if","locations":[{"start":{"line":82,"column":2},"end":{"line":89,"column":null}}]},"15":{"loc":{"start":{"line":97,"column":2},"end":{"line":99,"column":null}},"type":"if","locations":[{"start":{"line":97,"column":2},"end":{"line":99,"column":null}}]}},"s":{"0":9,"1":9,"2":9,"3":9,"4":24,"5":24,"6":24,"7":24,"8":9,"9":9,"10":0,"11":0,"12":0,"13":0,"14":0,"15":0,"16":0,"17":0,"18":0,"19":0,"20":0,"21":0,"22":0,"23":9,"24":9,"25":1,"26":1,"27":9,"28":9,"29":0,"30":0,"31":0,"32":0,"33":0,"34":0,"35":0,"36":0,"37":9,"38":9,"39":0,"40":0,"41":0,"42":0,"43":0,"44":0,"45":0,"46":0,"47":0,"48":9,"49":9,"50":0,"51":0,"52":0,"53":0},"f":{"0":24,"1":0,"2":0,"3":1,"4":0,"5":0,"6":0},"b":{"0":[0],"1":[0,0],"2":[0],"3":[0],"4":[0,0],"5":[0,0],"6":[0,0],"7":[0,0],"8":[1,1],"9":[0,1],"10":[1,1],"11":[0],"12":[0],"13":[0],"14":[0],"15":[0]}}
,"/Users/danielwerner/Repos/leasing-application-service/src/lib/connectors/s3/client.ts": {"path":"/Users/danielwerner/Repos/leasing-application-service/src/lib/connectors/s3/client.ts","statementMap":{"0":{"start":{"line":1,"column":0},"end":{"line":1,"column":46}},"1":{"start":{"line":3,"column":15},"end":{"line":7,"column":1}},"2":{"start":{"line":4,"column":2},"end":{"line":6,"column":4}},"3":{"start":{"line":9,"column":13},"end":{"line":9,"column":47}}},"fnMap":{"0":{"name":"(anonymous_0)","decl":{"start":{"line":3,"column":15},"end":{"line":3,"column":18}},"loc":{"start":{"line":3,"column":20},"end":{"line":7,"column":1}}}},"branchMap":{},"s":{"0":1,"1":1,"2":1,"3":1},"f":{"0":1},"b":{}}
,"/Users/danielwerner/Repos/leasing-application-service/src/lib/connectors/s3/index.ts": {"path":"/Users/danielwerner/Repos/leasing-application-service/src/lib/connectors/s3/index.ts","statementMap":{"0":{"start":{"line":1,"column":0},"end":{"line":1,"column":null}},"1":{"start":{"line":8,"column":0},"end":{"line":8,"column":61}},"2":{"start":{"line":9,"column":0},"end":{"line":9,"column":80}},"3":{"start":{"line":10,"column":0},"end":{"line":10,"column":60}},"4":{"start":{"line":12,"column":0},"end":{"line":12,"column":36}},"5":{"start":{"line":24,"column":20},"end":{"line":24,"column":83}},"6":{"start":{"line":25,"column":28},"end":{"line":25,"column":31}},"7":{"start":{"line":27,"column":37},"end":{"line":56,"column":1}},"8":{"start":{"line":32,"column":2},"end":{"line":55,"column":null}},"9":{"start":{"line":33,"column":16},"end":{"line":33,"column":40}},"10":{"start":{"line":34,"column":21},"end":{"line":34,"column":57}},"11":{"start":{"line":35,"column":23},"end":{"line":35,"column":76}},"12":{"start":{"line":36,"column":25},"end":{"line":40,"column":6}},"13":{"start":{"line":41,"column":20},"end":{"line":41,"column":54}},"14":{"start":{"line":43,"column":22},"end":{"line":46,"column":6}},"15":{"start":{"line":47,"column":45},"end":{"line":50,"column":6}},"16":{"start":{"line":51,"column":4},"end":{"line":51,"column":25}},"17":{"start":{"line":53,"column":4},"end":{"line":53,"column":23}},"18":{"start":{"line":54,"column":4},"end":{"line":54,"column":52}},"19":{"start":{"line":27,"column":13},"end":{"line":27,"column":37}},"20":{"start":{"line":58,"column":38},"end":{"line":87,"column":1}},"21":{"start":{"line":63,"column":2},"end":{"line":86,"column":null}},"22":{"start":{"line":64,"column":16},"end":{"line":64,"column":40}},"23":{"start":{"line":65,"column":23},"end":{"line":65,"column":68}},"24":{"start":{"line":66,"column":23},"end":{"line":66,"column":206}},"25":{"start":{"line":67,"column":26},"end":{"line":75,"column":6}},"26":{"start":{"line":77,"column":26},"end":{"line":77,"column":76}},"27":{"start":{"line":78,"column":52},"end":{"line":81,"column":6}},"28":{"start":{"line":82,"column":4},"end":{"line":82,"column":25}},"29":{"start":{"line":84,"column":4},"end":{"line":84,"column":23}},"30":{"start":{"line":85,"column":4},"end":{"line":85,"column":52}},"31":{"start":{"line":58,"column":13},"end":{"line":58,"column":38}},"32":{"start":{"line":89,"column":33},"end":{"line":109,"column":1}},"33":{"start":{"line":90,"column":2},"end":{"line":108,"column":null}},"34":{"start":{"line":91,"column":25},"end":{"line":94,"column":6}},"35":{"start":{"line":95,"column":20},"end":{"line":95,"column":54}},"36":{"start":{"line":97,"column":22},"end":{"line":99,"column":6}},"37":{"start":{"line":100,"column":47},"end":{"line":103,"column":6}},"38":{"start":{"line":104,"column":4},"end":{"line":104,"column":27}},"39":{"start":{"line":106,"column":4},"end":{"line":106,"column":23}},"40":{"start":{"line":107,"column":4},"end":{"line":107,"column":52}},"41":{"start":{"line":89,"column":13},"end":{"line":89,"column":33}},"42":{"start":{"line":111,"column":43},"end":{"line":155,"column":1}},"43":{"start":{"line":112,"column":2},"end":{"line":154,"column":null}},"44":{"start":{"line":113,"column":25},"end":{"line":116,"column":6}},"45":{"start":{"line":118,"column":25},"end":{"line":118,"column":63}},"46":{"start":{"line":119,"column":26},"end":{"line":119,"column":59}},"47":{"start":{"line":120,"column":4},"end":{"line":122,"column":null}},"48":{"start":{"line":121,"column":6},"end":{"line":121,"column":16}},"49":{"start":{"line":124,"column":22},"end":{"line":148,"column":null}},"50":{"start":{"line":126,"column":26},"end":{"line":126,"column":43}},"51":{"start":{"line":127,"column":30},"end":{"line":127,"column":39}},"52":{"start":{"line":128,"column":21},"end":{"line":128,"column":47}},"53":{"start":{"line":129,"column":25},"end":{"line":129,"column":55}},"54":{"start":{"line":131,"column":27},"end":{"line":134,"column":10}},"55":{"start":{"line":135,"column":28},"end":{"line":135,"column":67}},"56":{"start":{"line":136,"column":8},"end":{"line":147,"column":13}},"57":{"start":{"line":139,"column":12},"end":{"line":141,"column":null}},"58":{"start":{"line":140,"column":14},"end":{"line":140,"column":84}},"59":{"start":{"line":142,"column":12},"end":{"line":142,"column":97}},"60":{"start":{"line":145,"column":12},"end":{"line":145,"column":31}},"61":{"start":{"line":146,"column":12},"end":{"line":146,"column":22}},"62":{"start":{"line":150,"column":4},"end":{"line":150,"column":25}},"63":{"start":{"line":152,"column":4},"end":{"line":152,"column":23}},"64":{"start":{"line":153,"column":4},"end":{"line":153,"column":52}},"65":{"start":{"line":111,"column":13},"end":{"line":111,"column":43}},"66":{"start":{"line":157,"column":41},"end":{"line":170,"column":1}},"67":{"start":{"line":158,"column":2},"end":{"line":169,"column":null}},"68":{"start":{"line":159,"column":25},"end":{"line":162,"column":6}},"69":{"start":{"line":164,"column":20},"end":{"line":164,"column":57}},"70":{"start":{"line":165,"column":4},"end":{"line":165,"column":33}},"71":{"start":{"line":167,"column":4},"end":{"line":167,"column":23}},"72":{"start":{"line":168,"column":4},"end":{"line":168,"column":52}},"73":{"start":{"line":157,"column":13},"end":{"line":157,"column":41}}},"fnMap":{"0":{"name":"(anonymous_0)","decl":{"start":{"line":27,"column":37},"end":{"line":27,"column":42}},"loc":{"start":{"line":31,"column":32},"end":{"line":56,"column":1}}},"1":{"name":"(anonymous_1)","decl":{"start":{"line":58,"column":38},"end":{"line":58,"column":43}},"loc":{"start":{"line":62,"column":39},"end":{"line":87,"column":1}}},"2":{"name":"(anonymous_2)","decl":{"start":{"line":89,"column":33},"end":{"line":89,"column":38}},"loc":{"start":{"line":89,"column":113},"end":{"line":109,"column":1}}},"3":{"name":"(anonymous_3)","decl":{"start":{"line":111,"column":43},"end":{"line":111,"column":48}},"loc":{"start":{"line":111,"column":75},"end":{"line":155,"column":1}}},"4":{"name":"(anonymous_4)","decl":{"start":{"line":125,"column":34},"end":{"line":125,"column":35}},"loc":{"start":{"line":125,"column":43},"end":{"line":148,"column":7}}},"5":{"name":"(anonymous_5)","decl":{"start":{"line":138,"column":16},"end":{"line":138,"column":17}},"loc":{"start":{"line":138,"column":25},"end":{"line":143,"column":11}}},"6":{"name":"(anonymous_6)","decl":{"start":{"line":144,"column":17},"end":{"line":144,"column":18}},"loc":{"start":{"line":144,"column":25},"end":{"line":147,"column":11}}},"7":{"name":"(anonymous_7)","decl":{"start":{"line":157,"column":41},"end":{"line":157,"column":46}},"loc":{"start":{"line":157,"column":93},"end":{"line":170,"column":1}}}},"branchMap":{"0":{"loc":{"start":{"line":120,"column":4},"end":{"line":122,"column":null}},"type":"if","locations":[{"start":{"line":120,"column":4},"end":{"line":122,"column":null}}]},"1":{"loc":{"start":{"line":125,"column":6},"end":{"line":148,"column":8}},"type":"cond-expr","locations":[{"start":{"line":125,"column":28},"end":{"line":125,"column":30}},{"start":{"line":125,"column":28},"end":{"line":148,"column":8}}]},"2":{"loc":{"start":{"line":125,"column":6},"end":{"line":125,"column":30}},"type":"binary-expr","locations":[{"start":{"line":125,"column":6},"end":{"line":125,"column":30}},{"start":{"line":125,"column":28},"end":{"line":125,"column":30}}]},"3":{"loc":{"start":{"line":128,"column":21},"end":{"line":128,"column":47}},"type":"cond-expr","locations":[{"start":{"line":128,"column":29},"end":{"line":128,"column":31}},{"start":{"line":128,"column":29},"end":{"line":128,"column":47}}]},"4":{"loc":{"start":{"line":128,"column":21},"end":{"line":128,"column":31}},"type":"binary-expr","locations":[{"start":{"line":128,"column":21},"end":{"line":128,"column":31}},{"start":{"line":128,"column":29},"end":{"line":128,"column":31}}]},"5":{"loc":{"start":{"line":129,"column":25},"end":{"line":129
[...]
mn":65}},{"start":{"line":415,"column":63},"end":{"line":415,"column":65}}]},"42":{"loc":{"start":{"line":422,"column":8},"end":{"line":573,"column":null}},"type":"if","locations":[{"start":{"line":422,"column":8},"end":{"line":573,"column":null}},{"start":{"line":505,"column":15},"end":{"line":573,"column":null}}]},"43":{"loc":{"start":{"line":427,"column":10},"end":{"line":433,"column":null}},"type":"if","locations":[{"start":{"line":427,"column":10},"end":{"line":433,"column":null}}]},"44":{"loc":{"start":{"line":439,"column":10},"end":{"line":502,"column":null}},"type":"if","locations":[{"start":{"line":439,"column":10},"end":{"line":502,"column":null}}]},"45":{"loc":{"start":{"line":484,"column":12},"end":{"line":501,"column":null}},"type":"if","locations":[{"start":{"line":484,"column":12},"end":{"line":501,"column":null}}]},"46":{"loc":{"start":{"line":554,"column":10},"end":{"line":571,"column":null}},"type":"if","locations":[{"start":{"line":554,"column":10},"end":{"line":571,"column":null}}]},"47":{"loc":{"start":{"line":580,"column":4},"end":{"line":582,"column":null}},"type":"if","locations":[{"start":{"line":580,"column":4},"end":{"line":582,"column":null}}]},"48":{"loc":{"start":{"line":580,"column":8},"end":{"line":580,"column":68}},"type":"binary-expr","locations":[{"start":{"line":580,"column":8},"end":{"line":580,"column":36}},{"start":{"line":580,"column":40},"end":{"line":580,"column":68}}]},"49":{"loc":{"start":{"line":640,"column":4},"end":{"line":642,"column":null}},"type":"if","locations":[{"start":{"line":640,"column":4},"end":{"line":642,"column":null}}]},"50":{"loc":{"start":{"line":640,"column":8},"end":{"line":640,"column":68}},"type":"binary-expr","locations":[{"start":{"line":640,"column":8},"end":{"line":640,"column":36}},{"start":{"line":640,"column":40},"end":{"line":640,"column":68}}]},"51":{"loc":{"start":{"line":659,"column":4},"end":{"line":661,"column":null}},"type":"if","locations":[{"start":{"line":659,"column":4},"end":{"line":661,"column":null}}]},"52":{"loc":{"start":{"line":663,"column":4},"end":{"line":665,"column":null}},"type":"if","locations":[{"start":{"line":663,"column":4},"end":{"line":665,"column":null}}]},"53":{"loc":{"start":{"line":675,"column":4},"end":{"line":677,"column":null}},"type":"if","locations":[{"start":{"line":675,"column":4},"end":{"line":677,"column":null}}]},"54":{"loc":{"start":{"line":675,"column":8},"end":{"line":675,"column":69}},"type":"binary-expr","locations":[{"start":{"line":675,"column":8},"end":{"line":675,"column":36}},{"start":{"line":675,"column":40},"end":{"line":675,"column":69}}]},"55":{"loc":{"start":{"line":749,"column":4},"end":{"line":751,"column":null}},"type":"if","locations":[{"start":{"line":749,"column":4},"end":{"line":751,"column":null}}]},"56":{"loc":{"start":{"line":752,"column":4},"end":{"line":754,"column":null}},"type":"if","locations":[{"start":{"line":752,"column":4},"end":{"line":754,"column":null}}]},"57":{"loc":{"start":{"line":755,"column":4},"end":{"line":757,"column":null}},"type":"if","locations":[{"start":{"line":755,"column":4},"end":{"line":757,"column":null}}]},"58":{"loc":{"start":{"line":760,"column":4},"end":{"line":762,"column":null}},"type":"if","locations":[{"start":{"line":760,"column":4},"end":{"line":762,"column":null}}]},"59":{"loc":{"start":{"line":763,"column":4},"end":{"line":765,"column":null}},"type":"if","locations":[{"start":{"line":763,"column":4},"end":{"line":765,"column":null}}]},"60":{"loc":{"start":{"line":766,"column":4},"end":{"line":768,"column":null}},"type":"if","locations":[{"start":{"line":766,"column":4},"end":{"line":768,"column":null}}]},"61":{"loc":{"start":{"line":770,"column":4},"end":{"line":772,"column":null}},"type":"if","locations":[{"start":{"line":770,"column":4},"end":{"line":772,"column":null}}]},"62":{"loc":{"start":{"line":776,"column":4},"end":{"line":781,"column":null}},"type":"if","locations":[{"start":{"line":776,"column":4},"end":{"line":781,"column":null}},{"start":{"line":779,"column":11},"end":{"line":781,"column":null}}]},"63":{"loc":{"start":{"line":785,"column":4},"end":{"line":787,"column":null}},"type":"if","locations":[{"start":{"line":785,"column":4},"end":{"line":787,"column":null}}]},"64":{"loc":{"start":{"line":785,"column":8},"end":{"line":785,"column":68}},"type":"binary-expr","locations":[{"start":{"line":785,"column":8},"end":{"line":785,"column":36}},{"start":{"line":785,"column":40},"end":{"line":785,"column":68}}]}},"s":{"0":11,"1":11,"2":11,"3":11,"4":11,"5":11,"6":11,"7":11,"8":11,"9":11,"10":11,"11":11,"12":11,"13":11,"14":11,"15":11,"16":11,"17":11,"18":11,"19":11,"20":0,"21":0,"22":0,"23":0,"24":0,"25":11,"26":0,"27":0,"28":0,"29":0,"30":0,"31":0,"32":0,"33":0,"34":0,"35":0,"36":0,"37":0,"38":0,"39":0,"40":11,"41":0,"42":0,"43":0,"44":0,"45":0,"46":0,"47":0,"48":0,"49":0,"50":0,"51":0,"52":0,"53":0,"54":11,"55":0,"56":0,"57":0,"58":0,"59":0,"60":0,"61":0,"62":0,"63":0,"64":0,"65":0,"66":0,"67":0,"68":0,"69":11,"70":0,"71":0,"72":0,"73":0,"74":0,"75":0,"76":0,"77":0,"78":11,"79":0,"80":0,"81":0,"82":0,"83":0,"84":0,"85":0,"86":0,"87":0,"88":0,"89":0,"90":0,"91":11,"92":0,"93":0,"94":0,"95":0,"96":0,"97":0,"98":0,"99":0,"100":0,"101":0,"102":0,"103":0,"104":0,"105":11,"106":0,"107":0,"108":0,"109":0,"110":0,"111":0,"112":0,"113":0,"114":0,"115":0,"116":0,"117":0,"118":0,"119":0,"120":0,"121":0,"122":0,"123":0,"124":0,"125":0,"126":0,"127":0,"128":0,"129":11,"130":0,"131":0,"132":0,"133":0,"134":0,"135":0,"136":0,"137":0,"138":0,"139":0,"140":0,"141":0,"142":0,"143":0,"144":0,"145":0,"146":0,"147":0,"148":0,"149":0,"150":0,"151":0,"152":0,"153":0,"154":0,"155":0,"156":0,"157":0,"158":0,"159":0,"160":0,"161":0,"162":0,"163":0,"164":0,"165":0,"166":11,"167":0,"168":0,"169":0,"170":0,"171":0,"172":0,"173":0,"174":0,"175":11,"176":11,"177":0,"178":0,"179":0,"180":0,"181":0,"182":0,"183":0,"184":0,"185":0,"186":0,"187":0,"188":0,"189":11,"190":11,"191":1,"192":11,"193":0,"194":0,"195":0,"196":0,"197":0,"198":0,"199":0,"200":0,"201":0,"202":0,"203":0,"204":0,"205":0,"206":0,"207":11,"208":11,"209":2,"210":11,"211":2,"212":2,"213":11,"214":0,"215":0,"216":0,"217":0,"218":0,"219":0,"220":0,"221":0,"222":0,"223":0,"224":0,"225":0,"226":0,"227":0,"228":0,"229":0,"230":0,"231":0,"232":0,"233":0,"234":0,"235":0,"236":0,"237":0,"238":0,"239":0,"240":0,"241":11,"242":11,"243":0,"244":0,"245":0,"246":0,"247":0,"248":0,"249":0,"250":0,"251":0,"252":0,"253":0,"254":0},"f":{"0":11,"1":11,"2":0,"3":0,"4":0,"5":0,"6":0,"7":0,"8":0,"9":0,"10":0,"11":0,"12":0,"13":0,"14":0,"15":0,"16":0,"17":0,"18":0,"19":1,"20":0,"21":0,"22":2,"23":2,"24":0,"25":0},"b":{"0":[11,11],"1":[11,11],"2":[0],"3":[0,0],"4":[0,0],"5":[0,0],"6":[0,0],"7":[0,0],"8":[0,0],"9":[0,0],"10":[0,0],"11":[0,0],"12":[0,0],"13":[0,0],"14":[0,0],"15":[0,0],"16":[0,0],"17":[0,0],"18":[0,0],"19":[0],"20":[0,0],"21":[0],"22":[0,0],"23":[0],"24":[0,0],"25":[0],"26":[0],"27":[0,0],"28":[0,0],"29":[0,0],"30":[0,0],"31":[0,0],"32":[0],"33":[0,0],"34":[0],"35":[0,0],"36":[0,0],"37":[0],"38":[0,0],"39":[0,0],"40":[0,0],"41":[0,0],"42":[0,0],"43":[0],"44":[0],"45":[0],"46":[0],"47":[0],"48":[0,0],"49":[0],"50":[0,0],"51":[0],"52":[0],"53":[0],"54":[0,0],"55":[0],"56":[0],"57":[0],"58":[0],"59":[0],"60":[0],"61":[0],"62":[0,0],"63":[0],"64":[0,0]}}
,"/Users/danielwerner/Repos/leasing-application-service/src/lib/schemas/validations.ts": {"path":"/Users/danielwerner/Repos/leasing-application-service/src/lib/schemas/validations.ts","statementMap":{"0":{"start":{"line":1,"column":0},"end":{"line":1,"column":41}},"1":{"start":{"line":3,"column":22},"end":{"line":3,"column":34}},"2":{"start":{"line":4,"column":26},"end":{"line":4,"column":34}},"3":{"start":{"line":5,"column":32},"end":{"line":5,"column":50}},"4":{"start":{"line":7,"column":13},"end":{"line":7,"column":66}},"5":{"start":{"line":8,"column":13},"end":{"line":9,"column":154}},"6":{"start":{"line":11,"column":13},"end":{"line":11,"column":107}},"7":{"start":{"line":13,"column":13},"end":{"line":30,"column":5}},"8":{"start":{"line":16,"column":26},"end":{"line":16,"column":61}},"9":{"start":{"line":17,"column":27},"end":{"line":17,"column":72}},"10":{"start":{"line":18,"column":4},"end":{"line":20,"column":null}},"11":{"start":{"line":19,"column":6},"end":{"line":19,"column":18}},"12":{"start":{"line":21,"column":4},"end":{"line":29,"column":null}},"13":{"start":{"line":22,"column":6},"end":{"line":24,"column":9}},"14":{"start":{"line":26,"column":6},"end":{"line":28,"column":9}},"15":{"start":{"line":32,"column":13},"end":{"line":35,"column":14}},"16":{"start":{"line":37,"column":13},"end":{"line":40,"column":50}},"17":{"start":{"line":42,"column":13},"end":{"line":42,"column":50}},"18":{"start":{"line":43,"column":13},"end":{"line":43,"column":46}},"19":{"start":{"line":45,"column":30},"end":{"line":50,"column":63}},"20":{"start":{"line":46,"column":2},"end":{"line":50,"column":63}},"21":{"start":{"line":45,"column":13},"end":{"line":45,"column":30}},"22":{"start":{"line":52,"column":13},"end":{"line":52,"column":90}}},"fnMap":{"0":{"name":"(anonymous_0)","decl":{"start":{"line":15,"column":47},"end":{"line":15,"column":57}},"loc":{"start":{"line":15,"column":62},"end":{"line":30,"column":3}}},"1":{"name":"(anonymous_1)","decl":{"start":{"line":45,"column":30},"end":{"line":45,"column":31}},"loc":{"start":{"line":46,"column":2},"end":{"line":50,"column":63}}}},"branchMap":{"0":{"loc":{"start":{"line":18,"column":4},"end":{"line":20,"column":null}},"type":"if","locations":[{"start":{"line":18,"column":4},"end":{"line":20,"column":null}}]},"1":{"loc":{"start":{"line":18,"column":8},"end":{"line":18,"column":39}},"type":"binary-expr","locations":[{"start":{"line":18,"column":8},"end":{"line":18,"column":21}},{"start":{"line":18,"column":25},"end":{"line":18,"column":39}}]},"2":{"loc":{"start":{"line":21,"column":4},"end":{"line":29,"column":null}},"type":"if","locations":[{"start":{"line":21,"column":4},"end":{"line":29,"column":null}},{"start":{"line":25,"column":11},"end":{"line":29,"column":null}}]}},"s":{"0":0,"1":0,"2":0,"3":0,"4":0,"5":0,"6":0,"7":0,"8":0,"9":0,"10":0,"11":0,"12":0,"13":0,"14":0,"15":0,"16":0,"17":0,"18":0,"19":0,"20":0,"21":0,"22":0},"f":{"0":0,"1":0},"b":{"0":[0],"1":[0,0],"2":[0,0]}}
,"/Users/danielwerner/Repos/leasing-application-service/src/lib/schemas/form-data/coapplicants_schema.ts": {"path":"/Users/danielwerner/Repos/leasing-application-service/src/lib/schemas/form-data/coapplicants_schema.ts","statementMap":{"0":{"start":{"line":1,"column":0},"end":{"line":1,"column":50}},"1":{"start":{"line":3,"column":0},"end":{"line":3,"column":104}},"2":{"start":{"line":5,"column":13},"end":{"line":14,"column":3}},"3":{"start":{"line":16,"column":13},"end":{"line":19,"column":3}}},"fnMap":{},"branchMap":{},"s":{"0":0,"1":0,"2":0,"3":0},"f":{},"b":{}}
,"/Users/danielwerner/Repos/leasing-application-service/src/lib/schemas/form-data/documents_schema.ts": {"path":"/Users/danielwerner/Repos/leasing-application-service/src/lib/schemas/form-data/documents_schema.ts","statementMap":{"0":{"start":{"line":1,"column":0},"end":{"line":1,"column":29}},"1":{"start":{"line":3,"column":0},"end":{"line":3,"column":46}},"2":{"start":{"line":5,"column":13},"end":{"line":7,"column":3}}},"fnMap":{},"branchMap":{},"s":{"0":0,"1":0,"2":0},"f":{},"b":{}}
,"/Users/danielwerner/Repos/leasing-application-service/src/lib/schemas/form-data/employment_schema.ts": {"path":"/Users/danielwerner/Repos/leasing-application-service/src/lib/schemas/form-data/employment_schema.ts","statementMap":{"0":{"start":{"line":1,"column":0},"end":{"line":1,"column":44}},"1":{"start":{"line":3,"column":0},"end":{"line":3,"column":85}},"2":{"start":{"line":5,"column":13},"end":{"line":9,"column":3}},"3":{"start":{"line":11,"column":13},"end":{"line":35,"column":3}}},"fnMap":{},"branchMap":{},"s":{"0":0,"1":0,"2":0,"3":0},"f":{},"b":{}}
,"/Users/danielwerner/Repos/leasing-application-service/src/lib/schemas/form-data/general_schema.ts": {"path":"/Users/danielwerner/Repos/leasing-application-service/src/lib/schemas/form-data/general_schema.ts","statementMap":{"0":{"start":{"line":1,"column":0},"end":{"line":1,"column":37}},"1":{"start":{"line":3,"column":0},"end":{"line":3,"column":null}},"2":{"start":{"line":12,"column":13},"end":{"line":33,"column":3}}},"fnMap":{},"branchMap":{},"s":{"0":0,"1":0,"2":0},"f":{},"b":{}}
,"/Users/danielwerner/Repos/leasing-application-service/src/lib/schemas/form-data/payment_schema.ts": {"path":"/Users/danielwerner/Repos/leasing-application-service/src/lib/schemas/form-data/payment_schema.ts","statementMap":{"0":{"start":{"line":1,"column":0},"end":{"line":1,"column":52}},"1":{"start":{"line":3,"column":0},"end":{"line":3,"column":95}},"2":{"start":{"line":5,"column":13},"end":{"line":13,"column":3}},"3":{"start":{"line":15,"column":13},"end":{"line":28,"column":3}}},"fnMap":{},"branchMap":{},"s":{"0":0,"1":0,"2":0,"3":0},"f":{},"b":{}}
,"/Users/danielwerner/Repos/leasing-application-service/src/lib/schemas/form-data/personal-details_schema.ts": {"path":"/Users/danielwerner/Repos/leasing-application-service/src/lib/schemas/form-data/personal-details_schema.ts","statementMap":{"0":{"start":{"line":1,"column":0},"end":{"line":1,"column":50}},"1":{"start":{"line":3,"column":0},"end":{"line":3,"column":115}},"2":{"start":{"line":5,"column":13},"end":{"line":12,"column":3}},"3":{"start":{"line":14,"column":13},"end":{"line":20,"column":3}},"4":{"start":{"line":22,"column":13},"end":{"line":27,"column":3}},"5":{"start":{"line":29,"column":13},"end":{"line":63,"column":3}}},"fnMap":{},"branchMap":{},"s":{"0":0,"1":0,"2":0,"3":0,"4":0,"5":0},"f":{},"b":{}}
,"/Users/danielwerner/Repos/leasing-application-service/src/lib/schemas/form-data/residence_schema.ts": {"path":"/Users/danielwerner/Repos/leasing-application-service/src/lib/schemas/form-data/residence_schema.ts","statementMap":{"0":{"start":{"line":1,"column":0},"end":{"line":1,"column":44}},"1":{"start":{"line":3,"column":0},"end":{"line":3,"column":76}},"2":{"start":{"line":5,"column":13},"end":{"line":15,"column":3}},"3":{"start":{"line":17,"column":13},"end":{"line":19,"column":3}}},"fnMap":{},"branchMap":{},"s":{"0":0,"1":0,"2":0,"3":0},"f":{},"b":{}}
,"/Users/danielwerner/Repos/leasing-application-service/src/lib/utils/uuid.ts": {"path":"/Users/danielwerner/Repos/leasing-application-service/src/lib/utils/uuid.ts","statementMap":{"0":{"start":{"line":1,"column":0},"end":{"line":1,"column":32}},"1":{"start":{"line":4,"column":2},"end":{"line":4,"column":30}},"2":{"start":{"line":3,"column":0},"end":{"line":3,"column":16}}},"fnMap":{"0":{"name":"isUuidValid","decl":{"start":{"line":3,"column":16},"end":{"line":3,"column":27}},"loc":{"start":{"line":3,"column":50},"end":{"line":5,"column":1}}}},"branchMap":{"0":{"loc":{"start":{"line":4,"column":9},"end":{"line":4,"column":29}},"type":"binary-expr","locations":[{"start":{"line":4,"column":9},"end":{"line":4,"column":13}},{"start":{"line":4,"column":17},"end":{"line":4,"column":29}}]}},"s":{"0":10,"1":20,"2":10},"f":{"0":20},"b":{"0":[20,19]}}
,"/Users/danielwerner/Repos/leasing-application-service/src/tests/fixtures/index.ts": {"path":"/Users/danielwerner/Repos/leasing-application-service/src/tests/fixtures/index.ts","statementMap":{"0":{"start":{"line":2,"column":0},"end":{"line":2,"column":51}},"1":{"start":{"line":5,"column":42},"end":{"line":35,"column":4}},"2":{"start":{"line":37,"column":2},"end":{"line":37,"column":34}},"3":{"start":{"line":4,"column":0},"end":{"line":4,"column":16}},"4":{"start":{"line":41,"column":2},"end":{"line":41,"column":69}},"5":{"start":{"line":40,"column":0},"end":{"line":40,"column":16}}},"fnMap":{"0":{"name":"eventFixture","decl":{"start":{"line":4,"column":16},"end":{"line":4,"column":28}},"loc":{"start":{"line":4,"column":67},"end":{"line":38,"column":1}}},"1":{"name":"authContextFixture","decl":{"start":{"line":40,"column":16},"end":{"line":40,"column":34}},"loc":{"start":{"line":40,"column":34},"end":{"line":42,"column":1}}}},"branchMap":{},"s":{"0":9,"1":24,"2":24,"3":9,"4":24,"5":9},"f":{"0":24,"1":24},"b":{}}
,"/Users/danielwerner/Repos/leasing-application-service/src/tests/mocks/applications.ts": {"path":"/Users/danielwerner/Repos/leasing-application-service/src/tests/mocks/applications.ts","statementMap":{"0":{"start":{"line":1,"column":0},"end":{"line":1,"column":34}},"1":{"start":{"line":3,"column":13},"end":{"line":84,"column":2}},"2":{"start":{"line":86,"column":13},"end":{"line":118,"column":2}}},"fnMap":{},"branchMap":{},"s":{"0":3,"1":3,"2":3},"f":{},"b":{}}
,"/Users/danielwerner/Repos/leasing-application-service/src/types/errors.ts": {"path":"/Users/danielwerner/Repos/leasing-application-service/src/types/errors.ts","statementMap":{"0":{"start":{"line":6,"column":4},"end":{"line":6,"column":19}},"1":{"start":{"line":7,"column":4},"end":{"line":7,"column":33}},"2":{"start":{"line":8,"column":4},"end":{"line":8,"column":55}},"3":{"start":{"line":3,"column":0},"end":{"line":3,"column":22}},"4":{"start":{"line":14,"column":4},"end":{"line":14,"column":24}},"5":{"start":{"line":15,"column":4},"end":{"line":15,"column":59}},"6":{"start":{"line":12,"column":0},"end":{"line":12,"column":13}},"7":{"start":{"line":21,"column":4},"end":{"line":21,"column":24}},"8":{"start":{"line":22,"column":4},"end":{"line":22,"column":58}},"9":{"start":{"line":19,"column":0},"end":{"line":19,"column":13}},"10":{"start":{"line":27,"column":4},"end":{"line":27,"column":24}},"11":{"start":{"line":28,"column":4},"end":{"line":28,"column":57}},"12":{"start":{"line":25,"column":0},"end":{"line":25,"column":13}},"13":{"start":{"line":33,"column":4},"end":{"line":33,"column":24}},"14":{"start":{"line":34,"column":4},"end":{"line":34,"column":57}},"15":{"start":{"line":31,"column":0},"end":{"line":31,"column":13}},"16":{"start":{"line":39,"column":4},"end":{"line":39,"column":24}},"17":{"start":{"line":40,"column":4},"end":{"line":40,"column":63}},"18":{"start":{"line":37,"column":0},"end":{"line":37,"column":13}},"19":{"start":{"line":45,"column":2},"end":{"line":59,"column":null}},"20":{"start":{"line":46,"column":4},"end":{"line":51,"column":6}},"21":{"start":{"line":53,"column":4},"end":{"line":58,"column":6}},"22":{"start":{"line":44,"column":0},"end":{"line":44,"column":16}}},"fnMap":{"0":{"name":"(anonymous_0)","decl":{"start":{"line":5,"column":2},"end":{"line":5,"column":14}},"loc":{"start":{"line":5,"column":49},"end":{"line":9,"column":3}}},"1":{"name":"(anonymous_1)","decl":{"start":{"line":13,"column":2},"end":{"line":13,"column":14}},"loc":{"start":{"line":13,"column":29},"end":{"line":16,"column":3}}},"2":{"name":"(anonymous_2)","decl":{"start":{"line":20,"column":2},"end":{"line":20,"column":14}},"loc":{"start":{"line":20,"column":29},"end":{"line":23,"column":3}}},"3":{"name":"(anonymous_3)","decl":{"start":{"line":26,"column":2},"end":{"line":26,"column":14}},"loc":{"start":{"line":26,"column":29},"end":{"line":29,"column":3}}},"4":{"name":"(anonymous_4)","decl":{"start":{"line":32,"column":2},"end":{"line":32,"column":14}},"loc":{"start":{"line":32,"column":29},"end":{"line":35,"column":3}}},"5":{"name":"(anonymous_5)","decl":{"start":{"line":38,"column":2},"end":{"line":38,"column":14}},"loc":{"start":{"line":38,"column":29},"end":{"line":41,"column":3}}},"6":{"name":"errorToResponse","decl":{"start":{"line":44,"column":16},"end":{"line":44,"column":31}},"loc":{"start":{"line":44,"column":46},"end":{"line":60,"column":1}}}},"branchMap":{"0":{"loc":{"start":{"line":45,"column":2},"end":{"line":59,"column":null}},"type":"if","locations":[{"start":{"line":45,"column":2},"end":{"line":59,"column":null}},{"start":{"line":52,"column":9},"end":{"line":59,"column":null}}]}},"s":{"0":15,"1":15,"2":15,"3":11,"4":11,"5":11,"6":11,"7":4,"8":4,"9":11,"10":0,"11":0,"12":11,"13":0,"14":0,"15":11,"16":0,"17":0,"18":11,"19":15,"20":15,"21":0,"22":11},"f":{"0":15,"1":11,"2":4,"3":0,"4":0,"5":0,"6":15},"b":{"0":[15,0]}}
}
