TN:
SF:functions/CancelApplication/index.ts
FN:7,(anonymous_0)
FN:11,(anonymous_1)
FNF:2
FNH:1
FNDA:0,(anonymous_0)
FNDA:3,(anonymous_1)
DA:2,1
DA:3,1
DA:4,1
DA:5,1
DA:7,1
DA:8,0
DA:11,1
DA:12,3
DA:13,3
DA:14,3
DA:15,3
DA:16,1
DA:18,2
DA:19,2
DA:20,0
DA:22,2
DA:23,2
DA:24,1
DA:26,1
DA:27,0
DA:29,1
DA:30,1
DA:31,1
DA:37,2
LF:24
LH:21
BRDA:15,0,0,1
BRDA:15,1,0,3
BRDA:15,1,1,3
BRDA:19,2,0,0
BRDA:23,3,0,1
BRDA:26,4,0,0
BRF:6
BRH:4
end_of_record
TN:
SF:functions/CompleteApplication/index.ts
FN:7,(anonymous_0)
FN:11,(anonymous_1)
FNF:2
FNH:1
FNDA:0,(anonymous_0)
FNDA:3,(anonymous_1)
DA:2,1
DA:3,1
DA:4,1
DA:5,1
DA:7,1
DA:8,0
DA:11,1
DA:12,3
DA:13,3
DA:14,3
DA:15,3
DA:16,1
DA:18,2
DA:19,2
DA:20,0
DA:22,2
DA:23,2
DA:24,0
DA:26,2
DA:27,2
DA:28,1
DA:31,1
DA:32,1
DA:38,2
LF:24
LH:21
BRDA:15,0,0,1
BRDA:19,1,0,0
BRDA:19,2,0,2
BRDA:19,2,1,2
BRDA:23,3,0,0
BRDA:27,4,0,1
BRF:6
BRH:4
end_of_record
TN:
SF:functions/CompleteApplication/tests.ts
FN:25,(anonymous_6)
FNF:1
FNH:0
FNDA:0,(anonymous_6)
DA:1,0
DA:2,0
DA:4,0
DA:10,0
DA:24,0
DA:25,0
DA:26,0
LF:7
LH:0
BRF:0
BRH:0
end_of_record
TN:
SF:functions/DeleteDocument/index.ts
FN:7,(anonymous_0)
FN:11,(anonymous_1)
FNF:2
FNH:0
FNDA:0,(anonymous_0)
FNDA:0,(anonymous_1)
DA:2,0
DA:3,0
DA:4,0
DA:5,0
DA:7,0
DA:8,0
DA:11,0
DA:12,0
DA:13,0
DA:14,0
DA:15,0
DA:16,0
DA:18,0
DA:19,0
DA:21,0
DA:22,0
DA:23,0
DA:25,0
DA:26,0
DA:27,0
DA:29,0
DA:30,0
DA:31,0
DA:37,0
LF:24
LH:0
BRDA:15,0,0,0
BRDA:15,1,0,0
BRDA:15,1,1,0
BRDA:18,2,0,0
BRDA:18,3,0,0
BRDA:18,3,1,0
BRDA:22,4,0,0
BRDA:26,5,0,0
BRF:8
BRH:0
end_of_record
TN:
SF:functions/EditCoApplicantEmail/index.ts
FN:7,(anonymous_0)
FN:11,(anonymous_1)
FNF:2
FNH:1
FNDA:0,(anonymous_0)
FNDA:8,(anonymous_1)
DA:2,1
DA:3,1
DA:4,1
DA:5,1
DA:7,1
DA:8,0
DA:11,1
DA:12,8
DA:13,8
DA:14,8
DA:16,8
DA:18,8
DA:19,1
DA:22,7
DA:23,1
DA:26,6
DA:30,6
DA:32,6
DA:33,1
DA:36,5
DA:37,1
DA:40,4
DA:41,1
DA:44,3
DA:45,1
DA:48,2
DA:50,2
DA:51,1
DA:54,1
DA:56,1
DA:62,7
LF:31
LH:30
BRDA:16,0,0,7
BRDA:16,0,1,1
BRDA:16,1,0,8
BRDA:16,1,1,8
BRDA:16,2,0,0
BRDA:16,2,1,8
BRDA:16,3,0,8
BRDA:16,3,1,8
BRDA:18,4,0,1
BRDA:22,5,0,1
BRDA:22,6,0,0
BRDA:22,6,1,7
BRDA:22,7,0,7
BRDA:22,7,1,7
BRDA:32,8,0,1
BRDA:36,9,0,1
BRDA:40,10,0,1
BRDA:44,11,0,1
BRDA:50,12,0,1
BRF:19
BRH:17
end_of_record
TN:
SF:functions/GetApplication/index.ts
FN:8,(anonymous_0)
FN:12,(anonymous_1)
FNF:2
FNH:1
FNDA:0,(anonymous_0)
FNDA:3,(anonymous_1)
DA:2,1
DA:3,1
DA:4,1
DA:5,1
DA:6,1
DA:8,1
DA:9,0
DA:12,1
DA:13,3
DA:14,3
DA:15,3
DA:16,3
DA:17,1
DA:19,2
DA:20,2
DA:21,0
DA:23,2
DA:24,2
DA:25,1
DA:27,1
DA:32,1
DA:46,2
LF:22
LH:20
BRDA:16,0,0,1
BRDA:16,1,0,3
BRDA:16,1,1,3
BRDA:20,2,0,0
BRDA:24,3,0,1
BRDA:38,4,0,0
BRDA:38,4,1,1
BRDA:38,5,0,1
BRDA:38,5,1,1
BRF:9
BRH:7
end_of_record
TN:
SF:functions/GetApplication/tests.ts
FN:20,(anonymous_6)
FNF:1
FNH:0
FNDA:0,(anonymous_6)
DA:1,0
DA:2,0
DA:7,0
DA:19,0
DA:20,0
DA:21,0
LF:6
LH:0
BRF:0
BRH:0
end_of_record
TN:
SF:functions/GetApplicationSummary/index.ts
FN:9,(anonymous_1)
FN:13,(anonymous_2)
FN:34,(anonymous_3)
FN:35,(anonymous_4)
FN:55,(anonymous_5)
FNF:5
FNH:0
FNDA:0,(anonymous_1)
FNDA:0,(anonymous_2)
FNDA:0,(anonymous_3)
FNDA:0,(anonymous_4)
FNDA:0,(anonymous_5)
DA:2,0
DA:3,0
DA:4,0
DA:5,0
DA:6,0
DA:7,0
DA:9,0
DA:10,0
DA:13,0
DA:14,0
DA:15,0
DA:16,0
DA:17,0
DA:19,0
DA:20,0
DA:21,0
DA:23,0
DA:30,0
DA:34,0
DA:35,0
DA:36,0
DA:56,0
DA:57,0
DA:61,0
LF:24
LH:0
BRDA:56,0,0,0
BRF:1
BRH:0
end_of_record
TN:
SF:functions/GetApplicationSummary/tests.ts
FN:23,(anonymous_6)
FNF:1
FNH:0
FNDA:0,(anonymous_6)
DA:1,0
DA:2,0
DA:5,0
DA:9,0
DA:22,0
DA:23,0
DA:24,0
LF:7
LH:0
BRF:0
BRH:0
end_of_record
TN:
SF:functions/GetCustomerSummaries/index.ts
FN:7,(anonymous_0)
FN:12,(anonymous_1)
FNF:2
FNH:1
FNDA:0,(anonymous_0)
FNDA:1,(anonymous_1)
DA:2,1
DA:3,1
DA:4,1
DA:5,1
DA:7,1
DA:8,0
DA:12,1
DA:13,1
DA:14,1
DA:15,1
DA:16,0
DA:18,1
DA:19,1
DA:20,0
DA:22,1
DA:23,1
DA:32,0
LF:17
LH:13
BRDA:15,0,0,0
BRDA:15,1,0,1
BRDA:15,1,1,1
BRDA:19,2,0,0
BRF:4
BRH:2
end_of_record
TN:
SF:functions/GetCustomerSummaries/tests.ts
FN:20,(anonymous_6)
FNF:1
FNH:0
FNDA:0,(anonymous_6)
DA:1,0
DA:2,0
DA:6,0
DA:18,0
DA:19,0
DA:20,0
DA:21,0
LF:7
LH:0
BRF:0
BRH:0
end_of_record
TN:
SF:functions/GetDocument/index.ts
FN:7,(anonymous_0)
FN:11,(anonymous_1)
FNF:2
FNH:0
FNDA:0,(anonymous_0)
FNDA:0,(anonymous_1)
DA:2,0
DA:3,0
DA:4,0
DA:5,0
DA:7,0
DA:8,0
DA:11,0
DA:12,0
DA:13,0
DA:14,0
DA:15,0
DA:16,0
DA:18,0
DA:19,0
DA:21,0
DA:22,0
DA:23,0
DA:24,0
DA:26,0
DA:27,0
DA:28,0
DA:30,0
DA:31,0
DA:37,0
LF:24
LH:0
BRDA:15,0,0,0
BRDA:15,1,0,0
BRDA:15,1,1,0
BRDA:18,2,0,0
BRDA:18,3,0,0
BRDA:18,3,1,0
BRDA:23,4,0,0
BRDA:27,5,0,0
BRF:8
BRH:0
end_of_record
TN:
SF:functions/GetDocumentsList/index.ts
FN:7,(anonymous_0)
FN:11,(anonymous_1)
FNF:2
FNH:0
FNDA:0,(anonymous_0)
FNDA:0,(anonymous_1)
DA:2,0
DA:3,0
DA:4,0
DA:5,0
DA:7,0
DA:8,0
DA:11,0
DA:12,0
DA:13,0
DA:14,0
DA:15,0
DA:16,0
DA:18,0
DA:19,0
DA:20,0
DA:22,0
DA:23,0
DA:24,0
DA:26,0
DA:27,0
DA:33,0
LF:21
LH:0
BRDA:15,0,0,0
BRDA:15,1,0,0
BRDA:15,1,1,0
BRDA:19,2,0,0
BRDA:23,3,0,0
BRF:5
BRH:0
end_of_record
TN:
SF:functions/GetPaymentSummary/index.ts
FN:7,(anonymous_0)
FN:11,(anonymous_1)
FNF:2
FNH:1
FNDA:0,(anonymous_0)
FNDA:1,(anonymous_1)
DA:2,1
DA:3,1
DA:4,1
DA:5,1
DA:7,1
DA:8,0
DA:11,1
DA:12,1
DA:13,1
DA:15,1
DA:16,1
DA:17,0
DA:20,1
DA:21,1
DA:22,0
DA:25,1
DA:26,1
DA:27,0
DA:30,1
DA:31,1
DA:37,0
LF:21
LH:16
BRDA:16,0,0,0
BRDA:16,1,0,1
BRDA:16,1,1,1
BRDA:21,2,0,0
BRDA:26,3,0,0
BRF:5
BRH:2
end_of_record
TN:
SF:functions/PostApplication/index.ts
FN:6,(anonymous_0)
FN:10,(anonymous_1)
FNF:2
FNH:1
FNDA:0,(anonymous_0)
FNDA:3,(anonymous_1)
DA:2,1
DA:3,1
DA:4,1
DA:6,1
DA:7,0
DA:10,1
DA:11,3
DA:12,3
DA:13,0
DA:15,3
DA:16,3
DA:17,2
DA:19,1
DA:20,1
DA:21,1
DA:27,2
LF:16
LH:14
BRDA:12,0,0,0
BRDA:16,1,0,2
BRF:2
BRH:1
end_of_record
TN:
SF:functions/PostApplication/tests.ts
FN:38,(anonymous_6)
FNF:1
FNH:0
FNDA:0,(anonymous_6)
DA:1,0
DA:2,0
DA:4,0
DA:24,0
DA:37,0
DA:38,0
DA:39,0
LF:7
LH:0
BRF:0
BRH:0
end_of_record
TN:
SF:functions/PostDocument/index.ts
FN:7,(anonymous_0)
FN:11,(anonymous_1)
FNF:2
FNH:0
FNDA:0,(anonymous_0)
FNDA:0,(anonymous_1)
DA:2,0
DA:3,0
DA:4,0
DA:5,0
DA:7,0
DA:8,0
DA:11,0
DA:12,0
DA:13,0
DA:14,0
DA:15,0
DA:16,0
DA:18,0
DA:19,0
DA:20,0
DA:22,0
DA:23,0
DA:24,0
DA:26,0
DA:27,0
DA:28,0
DA:30,0
DA:31,0
DA:32,0
DA:34,0
DA:35,0
DA:37,0
DA:38,0
DA:40,0
DA:41,0
DA:47,0
LF:31
LH:0
BRDA:15,0,0,0
BRDA:15,1,0,0
BRDA:15,1,1,0
BRDA:19,2,0,0
BRDA:23,3,0,0
BRDA:27,4,0,0
BRDA:31,5,0,0
BRDA:34,6,0,0
BRDA:37,7,0,0
BRF:9
BRH:0
end_of_record
TN:
SF:functions/PostInviteApplicant/index.ts
FN:7,(anonymous_0)
FN:11,(anonymous_1)
FNF:2
FNH:0
FNDA:0,(anonymous_0)
FNDA:0,(anonymous_1)
DA:2,0
DA:3,0
DA:4,0
DA:5,0
DA:7,0
DA:8,0
DA:11,0
DA:12,0
DA:13,0
DA:14,0
DA:16,0
DA:17,0
DA:20,0
DA:21,0
DA:24,0
DA:25,0
DA:26,0
DA:29,0
DA:30,0
DA:31,0
DA:34,0
DA:35,0
DA:36,0
DA:39,0
DA:41,0
DA:47,0
LF:26
LH:0
BRDA:16,0,0,0
BRDA:16,1,0,0
BRDA:16,1,1,0
BRDA:16,2,0,0
BRDA:16,2,1,0
BRDA:20,3,0,0
BRDA:20,4,0,0
BRDA:20,4,1,0
BRDA:20,5,0,0
BRDA:20,5,1,0
BRDA:25,6,0,0
BRDA:30,7,0,0
BRDA:35,8,0,0
BRF:13
BRH:0
end_of_record
TN:
SF:functions/PutApplication/index.ts
FN:24,(anonymous_0)
FN:28,(anonymous_1)
FNF:2
FNH:1
FNDA:0,(anonymous_0)
FNDA:1,(anonymous_1)
DA:2,1
DA:3,1
DA:4,1
DA:5,1
DA:24,1
DA:25,0
DA:28,1
DA:29,1
DA:30,1
DA:31,1
DA:32,1
DA:33,0
DA:35,1
DA:36,1
DA:37,0
DA:39,1
DA:40,1
DA:41,0
DA:43,1
DA:44,0
DA:46,1
DA:47,1
DA:48,0
DA:60,1
DA:61,1
DA:67,0
LF:26
LH:19
BRDA:32,0,0,0
BRDA:32,1,0,1
BRDA:32,1,1,1
BRDA:36,2,0,0
BRDA:40,3,0,0
BRDA:43,4,0,0
BRDA:47,5,0,0
BRF:7
BRH:2
end_of_record
TN:
SF:functions/PutApplication/tests.ts
FN:84,(anonymous_6)
FNF:1
FNH:0
FNDA:0,(anonymous_6)
DA:1,0
DA:2,0
DA:4,0
DA:70,0
DA:83,0
DA:84,0
DA:85,0
LF:7
LH:0
BRF:0
BRH:0
end_of_record
TN:
SF:functions/PutCoApplicant/index.ts
FN:15,(anonymous_1)
FN:19,(anonymous_2)
FNF:2
FNH:1
FNDA:0,(anonymous_1)
FNDA:1,(anonymous_2)
DA:2,1
DA:3,1
DA:4,1
DA:5,1
DA:13,1
DA:15,1
DA:16,0
DA:19,1
DA:20,1
DA:21,1
DA:22,1
DA:24,1
DA:25,0
DA:28,1
DA:29,0
DA:32,1
DA:33,1
DA:34,0
DA:37,1
DA:38,1
DA:39,0
DA:42,1
DA:43,0
DA:45,1
DA:46,1
DA:47,1
DA:49,1
DA:50,0
DA:54,1
DA:55,1
DA:56,1
DA:58,1
DA:63,1
DA:66,1
DA:67,1
DA:69,1
DA:70,1
DA:73,1
DA:81,0
LF:39
LH:31
BRDA:24,0,0,0
BRDA:28,1,0,0
BRDA:28,2,0,1
BRDA:28,2,1,1
BRDA:33,3,0,0
BRDA:38,4,0,0
BRDA:42,5,0,0
BRDA:49,6,0,0
BRDA:49,7,0,0
BRDA:49,7,1,1
BRDA:49,8,0,1
BRDA:49,8,1,1
BRDA:69,9,0,1
BRF:13
BRH:6
end_of_record
TN:
SF:lib/authorizer/index.ts
FN:8,(anonymous_1)
FN:17,(anonymous_2)
FN:21,(anonymous_3)
FN:50,(anonymous_4)
FN:55,(anonymous_5)
FN:68,(anonymous_6)
FN:95,(anonymous_7)
FNF:7
FNH:2
FNDA:24,(anonymous_1)
FNDA:0,(anonymous_2)
FNDA:0,(anonymous_3)
FNDA:1,(anonymous_4)
FNDA:0,(anonymous_5)
FNDA:0,(anonymous_6)
FNDA:0,(anonymous_7)
DA:2,9
DA:3,9
DA:4,9
DA:5,9
DA:7,9
DA:8,24
DA:9,24
DA:10,24
DA:17,9
DA:21,0
DA:25,0
DA:26,0
DA:27,0
DA:28,0
DA:30,0
DA:31,0
DA:32,0
DA:34,0
DA:36,0
DA:37,0
DA:40,0
DA:43,0
DA:50,9
DA:51,1
DA:52,1
DA:55,9
DA:56,0
DA:57,0
DA:58,0
DA:60,0
DA:62,0
DA:63,0
DA:64,0
DA:68,9
DA:69,0
DA:71,0
DA:72,0
DA:73,0
DA:81,0
DA:82,0
DA:83,0
DA:91,0
DA:92,0
DA:95,9
DA:96,0
DA:97,0
DA:98,0
DA:100,0
LF:48
LH:15
BRDA:27,0,0,0
BRDA:27,1,0,0
BRDA:27,1,1,0
BRDA:31,2,0,0
BRDA:36,3,0,0
BRDA:36,4,0,0
BRDA:36,4,1,0
BRDA:36,5,0,0
BRDA:36,5,1,0
BRDA:36,6,0,0
BRDA:36,6,1,0
BRDA:36,7,0,0
BRDA:36,7,1,0
BRDA:52,8,0,1
BRDA:52,8,1,1
BRDA:52,9,0,0
BRDA:52,9,1,1
BRDA:52,10,0,1
BRDA:52,10,1,1
BRDA:57,11,0,0
BRDA:62,12,0,0
BRDA:72,13,0,0
BRDA:82,14,0,0
BRDA:97,15,0,0
BRF:24
BRH:5
end_of_record
TN:
SF:lib/connectors/s3/client.ts
FN:3,(anonymous_0)
FNF:1
FNH:1
FNDA:1,(anonymous_0)
DA:1,1
DA:3,1
DA:4,1
DA:9,1
LF:4
LH:4
BRF:0
BRH:0
end_of_record
TN:
SF:lib/connectors/s3/index.ts
FN:27,(anonymous_0)
FN:58,(anonymous_1)
FN:89,(anonymous_2)
FN:111,(anonymous_3)
FN:125,(anonymous_4)
FN:138,(anonymous_5)
FN:144,(anonymous_6)
FN:157,(anonymous_7)
FNF:8
FNH:0
FNDA:0,(anonymous_0)
FNDA:0,(anonymous_1)
FNDA:0,(anonymous_2)
FNDA:0,(anonymous_3)
FNDA:0,(anonymous_4)
FNDA:0,(anonymous_5)
FNDA:0,(anonymous_6)
FNDA:0,(anonymous_7)
DA:1,1
DA:8,1
DA:9,1
DA:10,1
DA:12,1
DA:24,1
DA:25,1
DA:27,1
DA:32,0
DA:33,0
DA:34,0
DA:35,0
DA:36,0
DA:41,0
DA:43,0
DA:47,0
DA:51,0
DA:53,0
DA:54,0
DA:58,1
DA:63,0
DA:64,0
DA:65,0
DA:66,0
DA:67,0
DA:77,0
DA:78,0
DA:82,0
DA:84,0
DA:85,0
DA:89,1
DA:90,0
DA:91,0
DA:95,0
DA:97,0
DA:100,0
DA:104,0
DA:106,0
DA:107,0
DA:111,1
DA:112,0
DA:113,0
DA:118,0
DA:119,0
DA:120,0
DA:121,0
DA:124,0
DA:126,0
DA:127,0
DA:128,0
DA:129,0
DA:131,0
DA:135,0
DA:136,0
DA:139,0
DA:140,0
DA:142,0
DA:145,0
DA:146,0
DA:150,0
DA:152,0
DA:153,0
DA:157,1
DA:158,0
DA:159,0
DA:164,0
DA:165,0
DA:167,0
DA:168,0
LF:69
LH:12
BRDA:120,0,0,0
BRDA:125,1,0,0
BRDA:125,1,1,0
BRDA:125,2,0,0
BRDA:125,2,1,0
BRDA:128,3,0,0
BRDA:128,3,1,0
BRDA:128,4,0,0
BRDA:128,4,1,0
BRDA:129,5,0,0
BRDA:129,5,1,0
BRDA:129,6,0,0
BRDA:129,6,1,0
BRDA:139,7,0,0
BRDA:139,8,0,0
BRDA:139,8,1,0
BRF:16
BRH:0
end_of_record
TN:
SF:lib/connectors/yardi/index.ts
FN:8,(anonymous_1)
FNF:1
FNH:1
FNDA:1,(anonymous_1)
DA:1,2
DA:2,2
DA:4,2
DA:5,2
DA:7,2
DA:9,1
DA:10,0
DA:12,1
DA:13,1
DA:14,1
DA:18,1
DA:20,0
DA:21,0
DA:25,2
LF:14
LH:11
BRDA:4,0,0,0
BRDA:4,0,1,2
BRDA:9,1,0,0
BRDA:9,2,0,1
BRDA:9,2,1,1
BRF:5
BRH:3
end_of_record
TN:
SF:lib/pdf/templates.ts
FN:3,(anonymous_1)
FN:9,(anonymous_2)
FN:16,(anonymous_3)
FN:24,(anonymous_4)
FN:29,(anonymous_5)
FN:36,(anonymous_6)
FN:47,(anonymous_7)
FNF:7
FNH:7
FNDA:2,(anonymous_1)
FNDA:2,(anonymous_2)
FNDA:2,(anonymous_3)
FNDA:2,(anonymous_4)
FNDA:2,(anonymous_5)
FNDA:2,(anonymous_6)
FNDA:1,(anonymous_7)
DA:1,1
DA:3,2
DA:9,2
DA:16,2
DA:24,2
DA:29,2
DA:36,2
DA:47,1
DA:48,1
DA:50,1
DA:57,1
DA:59,1
LF:12
LH:12
BRDA:4,0,0,2
BRDA:4,0,1,1
BRDA:5,1,0,2
BRDA:5,1,1,1
BRDA:6,2,0,2
BRDA:6,2,1,1
BRDA:10,3,0,2
BRDA:10,3,1,1
BRDA:11,4,0,2
BRDA:11,4,1,1
BRDA:12,5,0,2
BRDA:12,5,1,1
BRDA:13,6,0,2
BRDA:13,6,1,1
BRDA:17,7,0,2
BRDA:17,7,1,1
BRDA:18,8,0,2
BRDA:18,8,1,1
BRDA:19,9,0,2
BRDA:19,9,1,1
BRDA:20,10,0,2
BRDA:20,10,1,1
BRDA:21,11,0,1
BRDA:21,11,1,1
BRDA:25,12,0,1
BRDA:25,12,1,1
BRDA:25,13,0,2
BRDA:25,13,1,2
BRDA:26,14,0,2
BRDA:26,14,1,1
BRDA:30,15,0,2
BRDA:30,15,1,1
BRDA:31,16,0,2
BRDA:31,16,1,1
BRDA:32,17,0,2
BRDA:32,17,1,1
BRDA:33,18,0,2
BRDA:33,18,1,1
BRDA:37,19,0,2
BRDA:37,19,1,1
BRDA:38,20,0,2
BRDA:38,20,1,1
BRDA:39,21,0,2
BRDA:39,21,1,1
BRDA:40,22,0,2
BRDA:40,22,1,2
BRDA:41,23,0,2
BRDA:41,23,1,1
BRDA:42,24,0,2
BRDA:42,24,1,1
BRDA:43,25,0,1
BRDA:43,25,1,1
BRDA:44,26,0,2
BRDA:44,26,1,1
BRDA:50,27,0,1
BRDA:50,28,0,0
BRDA:50,29,0,1
BRDA:50,29,1,0
BRDA:52,30,0,1
BRDA:53,31,0,1
BRDA:54,32,0,0
BRDA:55,33,0,1
BRDA:56,34,0,1
BRDA:57,35,0,1
BRDA:57,35,1,0
BRDA:57,36,0,0
BRDA:57,36,1,1
BRDA:57,37,0,1
BRDA:57,37,1,1
BRDA:60,38,0,1
BRDA:60,38,1,0
BRDA:60,39,0,1
BRDA:60,39,1,0
BRDA:60,40,0,1
BRDA:60,40,1,1
BRDA:60,41,0,0
BRDA:60,41,1,1
BRDA:60,42,0,1
BRDA:60,42,1,1
BRDA:62,43,0,1
BRDA:62,43,1,1
BRDA:63,44,0,1
BRDA:63,44,1,1
BRDA:64,45,0,1
BRDA:64,45,1,1
BRDA:65,46,0,1
BRDA:65,46,1,1
BRDA:66,47,0,0
BRDA:66,47,1,1
BRDA:66,48,0,1
BRDA:66,48,1,1
BRDA:68,49,0,1
BRDA:68,49,1,0
BRDA:68,50,0,0
BRDA:68,50,1,1
BRDA:68,51,0,1
BRDA:68,51,1,1
BRDA:69,52,0,0
BRDA:69,52,1,1
BRDA:69,53,0,1
BRDA:69,53,1,1
BRDA:69,54,0,0
BRDA:69,54,1,1
BRDA:69,55,0,1
BRDA:69,55,1,1
BRDA:70,56,0,0
BRDA:70,56,1,1
BRDA:70,57,0,1
BRDA:70,57,1,1
BRDA:70,58,0,0
BRDA:70,58,1,1
BRDA:70,59,0,1
BRDA:70,59,1,1
BRDA:71,60,0,0
BRDA:71,60,1,1
BRDA:71,61,0,1
BRDA:71,61,1,1
BRDA:71,62,0,0
BRDA:71,62,1,1
BRDA:71,63,0,1
BRDA:71,63,1,1
BRDA:73,64,0,1
BRDA:73,64,1,1
BRDA:74,65,0,0
BRDA:74,65,1,1
BRDA:75,66,0,1
BRDA:75,66,1,1
BRDA:76,67,0,1
BRDA:76,67,1,1
BRDA:77,68,0,1
BRDA:77,68,1,1
BRDA:78,69,0,1
BRDA:78,69,1,1
BRDA:79,70,0,1
BRDA:79,70,1,1
BRDA:80,71,0,0
BRDA:80,71,1,1
BRDA:80,72,0,1
BRDA:80,72,1,1
BRDA:80,73,0,1
BRDA:80,73,1,0
BRDA:80,74,0,1
BRDA:80,74,1,1
BRDA:81,75,0,1
BRDA:81,75,1,1
BRDA:81,76,0,1
BRDA:81,76,1,0
BRDA:81,77,0,1
BRDA:81,77,1,1
BRDA:82,78,0,1
BRDA:82,78,1,1
BRDA:83,79,0,1
BRDA:83,79,1,1
BRDA:84,80,0,0
BRDA:84,80,1,1
BRDA:86,81,0,1
BRDA:86,81,1,1
BRDA:87,82,0,1
BRDA:87,82,1,1
BRDA:87,83,0,1
BRDA:87,83,1,0
BRDA:87,84,0,1
BRDA:87,84,1,1
BRDA:88,85,0,0
BRDA:88,85,1,1
BRDA:88,86,0,1
BRDA:88,86,1,1
BRDA:88,87,0,1
BRDA:88,87,1,0
BRDA:88,88,0,1
BRDA:88,88,1,1
BRDA:89,89,0,0
BRDA:89,89,1,1
BRDA:89,90,0,1
BRDA:89,90,1,1
BRDA:89,91,0,1
BRDA:89,91,1,0
BRDA:89,92,0,1
BRDA:89,92,1,1
BRDA:90,93,0,1
BRDA:90,93,1,1
BRDA:90,94,0,1
BRDA:90,94,1,0
BRDA:90,95,0,1
BRDA:90,95,1,1
BRDA:92,96,0,1
BRDA:92,96,1,1
BRDA:92,97,0,1
BRDA:92,97,1,0
BRDA:92,98,0,1
BRDA:92,98,1,1
BRDA:93,99,0,1
BRDA:93,99,1,1
BRDA:93,100,0,1
BRDA:93,100,1,0
BRDA:93,101,0,1
BRDA:93,101,1,1
BRDA:94,102,0,1
BRDA:94,102,1,1
BRDA:94,103,0,1
BRDA:94,103,1,0
BRDA:94,104,0,1
BRDA:94,104,1,1
BRDA:94,105,0,1
BRDA:94,105,1,0
BRDA:94,106,0,1
BRDA:94,106,1,1
BRDA:95,107,0,0
BRDA:95,107,1,1
BRDA:95,108,0,1
BRDA:95,108,1,1
BRDA:95,109,0,1
BRDA:95,109,1,0
BRDA:95,110,0,1
BRDA:95,110,1,1
BRDA:95,111,0,1
BRDA:95,111,1,0
BRDA:95,112,0,1
BRDA:95,112,1,1
BRDA:97,113,0,0
BRDA:97,113,1,1
BRDA:98,114,0,0
BRDA:98,114,1,1
BRDA:99,115,0,0
BRDA:99,115,1,1
BRDA:100,116,0,0
BRDA:100,116,1,1
BRDA:101,117,0,0
BRDA:101,117,1,1
BRDA:103,118,0,0
BRDA:103,118,1,1
BRDA:103,119,0,1
BRDA:103,119,1,0
BRDA:105,120,0,0
BRDA:105,120,1,1
BRDA:105,121,0,1
BRDA:105,121,1,0
BRDA:109,122,0,0
BRDA:109,122,1,1
BRDA:109,123,0,1
BRDA:109,123,1,0
BRDA:111,124,0,0
BRDA:111,124,1,1
BRDA:111,125,0,1
BRDA:111,125,1,0
BRDA:113,126,0,0
BRDA:113,126,1,1
BRDA:113,127,0,1
BRDA:113,127,1,0
BRDA:115,128,0,0
BRDA:115,128,1,1
BRDA:115,129,0,1
BRDA:115,129,1,0
BRDA:117,130,0,0
BRDA:117,130,1,1
BRDA:117,131,0,1
BRDA:117,131,1,1
BRDA:119,132,0,0
BRDA:119,132,1,1
BRDA:119,133,0,1
BRDA:119,133,1,1
BRDA:124,134,0,1
BRDA:124,134,1,1
BRDA:124,135,0,1
BRDA:124,135,1,0
BRDA:124,136,0,1
BRDA:124,136,1,1
BRDA:125,137,0,1
BRDA:125,137,1,1
BRDA:125,138,0,1
BRDA:125,138,1,0
BRDA:125,139,0,1
BRDA:125,139,1,1
BRDA:126,140,0,1
BRDA:126,140,1,1
BRDA:126,141,0,1
BRDA:126,141,1,0
BRDA:126,142,0,1
BRDA:126,142,1,1
BRDA:127,143,0,1
BRDA:127,143,1,1
BRDA:127,144,0,1
BRDA:127,144,1,0
BRDA:127,145,0,1
BRDA:127,145,1,1
BRDA:128,146,0,1
BRDA:128,146,1,1
BRDA:128,147,0,1
BRDA:128,147,1,0
BRDA:128,148,0,1
BRDA:128,148,1,1
BRDA:129,149,0,1
BRDA:129,149,1,1
BRDA:129,150,0,1
BRDA:129,150,1,0
BRDA:129,151,0,1
BRDA:129,151,1,1
BRDA:130,152,0,0
BRDA:130,152,1,1
BRDA:130,153,0,1
BRDA:130,153,1,0
BRDA:130,154,0,1
BRDA:130,154,1,1
BRDA:131,155,0,1
BRDA:131,155,1,1
BRDA:131,156,0,1
BRDA:131,156,1,0
BRDA:131,157,0,1
BRDA:131,157,1,1
BRDA:134,158,0,1
BRDA:134,158,1,0
BRDA:134,159,0,1
BRDA:134,159,1,1
BRDA:134,160,0,1
BRDA:134,160,1,0
BRDA:134,161,0,1
BRDA:134,161,1,1
BRDA:135,162,0,0
BRDA:135,162,1,1
BRDA:136,163,0,1
BRDA:136,163,1,1
BRDA:137,164,0,1
BRDA:137,164,1,1
BRDA:138,165,0,1
BRDA:138,165,1,1
BRDA:138,166,0,1
BRDA:138,166,1,0
BRDA:138,167,0,1
BRDA:138,167,1,1
BRDA:139,168,0,1
BRDA:139,168,1,1
BRDA:139,169,0,1
BRDA:139,169,1,0
BRDA:139,170,0,1
BRDA:139,170,1,1
BRDA:140,171,0,1
BRDA:140,171,1,1
BRDA:140,172,0,1
BRDA:140,172,1,0
BRDA:140,173,0,1
BRDA:140,173,1,1
BRDA:141,174,0,1
BRDA:141,174,1,1
BRDA:141,175,0,1
BRDA:141,175,1,0
BRDA:141,176,0,1
BRDA:141,176,1,1
BRDA:142,177,0,1
BRDA:142,177,1,1
BRDA:142,178,0,1
BRDA:142,178,1,0
BRDA:142,179,0,1
BRDA:142,179,1,1
BRDA:143,180,0,1
BRDA:143,180,1,1
BRDA:143,181,0,1
BRDA:143,181,1,0
BRDA:143,182,0,1
BRDA:143,182,1,1
BRDA:144,183,0,1
BRDA:144,183,1,1
BRDA:144,184,0,1
BRDA:144,184,1,0
BRDA:144,185,0,1
BRDA:144,185,1,1
BRDA:145,186,0,1
BRDA:145,186,1,1
BRDA:145,187,0,1
BRDA:145,187,1,0
BRDA:145,188,0,1
BRDA:145,188,1,1
BRDA:146,189,0,0
BRDA:146,189,1,1
BRDA:146,190,0,1
BRDA:146,190,1,0
BRDA:146,191,0,1
BRDA:146,191,1,1
BRDA:148,192,0,0
BRDA:148,192,1,1
BRDA:148,193,0,1
BRDA:148,193,1,0
BRDA:150,194,0,0
BRDA:150,194,1,1
BRDA:150,195,0,1
BRDA:150,195,1,0
BRDA:154,196,0,0
BRDA:154,196,1,1
BRDA:154,197,0,1
BRDA:154,197,1,0
BRDA:156,198,0,0
BRDA:156,198,1,1
BRDA:156,199,0,1
BRDA:156,199,1,0
BRF:393
BRH:309
end_of_record
TN:
SF:lib/repositories/leasing-application/client.ts
FN:6,config
FNF:1
FNH:1
FNDA:11,config
DA:1,11
DA:2,11
DA:4,11
DA:7,11
DA:13,11
LF:5
LH:5
BRDA:9,0,0,11
BRDA:9,0,1,0
BRF:2
BRH:1
end_of_record
TN:
SF:lib/repositories/leasing-application/index.ts
FN:40,(anonymous_1)
FN:45,(anonymous_2)
FN:61,setApplicationStatus
FN:80,createCoApplicantApplication
FN:157,getCoApplicationsStatusByApplicationId
FN:171,(anonymous_6)
FN:186,cancelLeasingApplication
FN:222,getLeasingApplicationById
FN:256,getLeasingApplicationCustomerSummaries
FN:270,(anonymous_10)
FN:293,postLeasingApplication
FN:362,patchLeasingApplication
FN:376,(anonymous_13)
FN:404,completeLeasingApplication
FN:429,(anonymous_15)
FN:436,(anonymous_16)
FN:588,getApplicationPaymentSummary
FN:601,(anonymous_18)
FN:619,(anonymous_19)
FN:648,(anonymous_20)
FN:652,sendApplicantInvite
FN:668,(anonymous_22)
FN:683,(anonymous_23)
FN:699,(anonymous_24)
FN:743,editCoApplicantEmail
FN:793,(anonymous_26)
FNF:26
FNH:5
FNDA:11,(anonymous_1)
FNDA:11,(anonymous_2)
FNDA:0,setApplicationStatus
FNDA:0,createCoApplicantApplication
FNDA:0,getCoApplicationsStatusByApplicationId
FNDA:0,(anonymous_6)
FNDA:0,cancelLeasingApplication
FNDA:0,getLeasingApplicationById
FNDA:0,getLeasingApplicationCustomerSummaries
FNDA:0,(anonymous_10)
FNDA:0,postLeasingApplication
FNDA:0,patchLeasingApplication
FNDA:0,(anonymous_13)
FNDA:0,completeLeasingApplication
FNDA:0,(anonymous_15)
FNDA:0,(anonymous_16)
FNDA:0,getApplicationPaymentSummary
FNDA:0,(anonymous_18)
FNDA:0,(anonymous_19)
FNDA:1,(anonymous_20)
FNDA:0,sendApplicantInvite
FNDA:0,(anonymous_22)
FNDA:2,(anonymous_23)
FNDA:2,(anonymous_24)
FNDA:0,editCoApplicantEmail
FNDA:0,(anonymous_26)
DA:1,11
DA:2,11
DA:3,11
DA:12,11
DA:13,11
DA:14,11
DA:40,11
DA:41,11
DA:42,11
DA:45,11
DA:46,11
DA:47,11
DA:48,11
DA:49,11
DA:50,11
DA:51,11
DA:52,11
DA:53,11
DA:54,11
DA:57,11
DA:61,11
DA:62,0
DA:63,0
DA:73,0
DA:75,0
DA:76,0
DA:80,11
DA:81,0
DA:82,0
DA:83,0
DA:85,0
DA:100,0
DA:109,0
DA:110,0
DA:111,0
DA:113,0
DA:115,0
DA:116,0
DA:150,0
DA:152,0
DA:153,0
DA:157,11
DA:158,0
DA:166,0
DA:168,0
DA:169,0
DA:170,0
DA:171,0
DA:172,0
DA:173,0
DA:175,0
DA:177,0
DA:179,0
DA:181,0
DA:182,0
DA:186,11
DA:187,0
DA:188,0
DA:189,0
DA:190,0
DA:192,0
DA:193,0
DA:197,0
DA:199,0
DA:211,0
DA:212,0
DA:214,0
DA:215,0
DA:217,0
DA:218,0
DA:222,11
DA:223,0
DA:229,0
DA:230,0
DA:231,0
DA:232,0
DA:249,0
DA:251,0
DA:252,0
DA:256,11
DA:257,0
DA:265,0
DA:267,0
DA:268,0
DA:269,0
DA:270,0
DA:271,0
DA:283,0
DA:284,0
DA:285,0
DA:287,0
DA:289,0
DA:293,11
DA:294,0
DA:295,0
DA:297,0
DA:312,0
DA:321,0
DA:322,0
DA:323,0
DA:325,0
DA:327,0
DA:328,0
DA:355,0
DA:357,0
DA:358,0
DA:362,11
DA:363,0
DA:364,0
DA:365,0
DA:366,0
DA:368,0
DA:369,0
DA:370,0
DA:372,0
DA:373,0
DA:375,0
DA:376,0
DA:379,0
DA:380,0
DA:381,0
DA:383,0
DA:391,0
DA:392,0
DA:393,0
DA:395,0
DA:396,0
DA:398,0
DA:399,0
DA:404,11
DA:405,0
DA:406,0
DA:407,0
DA:408,0
DA:409,0
DA:410,0
DA:414,0
DA:415,0
DA:416,0
DA:417,0
DA:420,0
DA:422,0
DA:423,0
DA:424,0
DA:427,0
DA:428,0
DA:430,0
DA:435,0
DA:436,0
DA:439,0
DA:440,0
DA:484,0
DA:485,0
DA:503,0
DA:506,0
DA:507,0
DA:554,0
DA:555,0
DA:572,0
DA:575,0
DA:576,0
DA:578,0
DA:580,0
DA:581,0
DA:583,0
DA:584,0
DA:588,11
DA:589,0
DA:598,0
DA:599,0
DA:601,0
DA:602,0
DA:612,0
DA:614,0
DA:615,0
DA:619,11
DA:620,0
DA:621,0
DA:622,0
DA:626,0
DA:627,0
DA:636,0
DA:637,0
DA:638,0
DA:640,0
DA:641,0
DA:643,0
DA:644,0
DA:648,11
DA:649,1
DA:652,11
DA:656,0
DA:657,0
DA:659,0
DA:660,0
DA:663,0
DA:664,0
DA:668,0
DA:669,0
DA:670,0
DA:673,0
DA:675,0
DA:676,0
DA:678,0
DA:679,0
DA:683,11
DA:684,2
DA:699,11
DA:700,2
DA:702,2
DA:743,11
DA:744,0
DA:745,0
DA:746,0
DA:748,0
DA:749,0
DA:750,0
DA:752,0
DA:753,0
DA:755,0
DA:756,0
DA:759,0
DA:760,0
DA:761,0
DA:763,0
DA:764,0
DA:766,0
DA:767,0
DA:770,0
DA:771,0
DA:775,0
DA:776,0
DA:780,0
DA:783,0
DA:785,0
DA:786,0
DA:788,0
DA:789,0
DA:793,11
DA:794,0
DA:796,0
DA:797,0
DA:798,0
DA:799,0
DA:800,0
DA:801,0
DA:802,0
DA:810,0
DA:811,0
DA:813,0
DA:814,0
LF:251
LH:41
BRDA:40,0,0,11
BRDA:40,0,1,11
BRDA:45,1,0,11
BRDA:45,1,1,11
BRDA:109,2,0,0
BRDA:109,3,0,0
BRDA:109,3,1,0
BRDA:109,4,0,0
BRDA:109,4,1,0
BRDA:109,5,0,0
BRDA:109,5,1,0
BRDA:109,6,0,0
BRDA:109,6,1,0
BRDA:124,7,0,0
BRDA:124,7,1,0
BRDA:124,8,0,0
BRDA:124,8,1,0
BRDA:124,9,0,0
BRDA:124,9,1,0
BRDA:124,10,0,0
BRDA:124,10,1,0
BRDA:125,11,0,0
BRDA:125,11,1,0
BRDA:125,12,0,0
BRDA:125,12,1,0
BRDA:125,13,0,0
BRDA:125,13,1,0
BRDA:125,14,0,0
BRDA:125,14,1,0
BRDA:126,15,0,0
BRDA:126,15,1,0
BRDA:126,16,0,0
BRDA:126,16,1,0
BRDA:139,17,0,0
BRDA:139,17,1,0
BRDA:139,18,0,0
BRDA:139,18,1,0
BRDA:172,19,0,0
BRDA:192,20,0,0
BRDA:192,20,1,0
BRDA:193,21,0,0
BRDA:194,22,0,0
BRDA:194,22,1,0
BRDA:214,23,0,0
BRDA:214,24,0,0
BRDA:214,24,1,0
BRDA:231,25,0,0
BRDA:321,26,0,0
BRDA:321,27,0,0
BRDA:321,27,1,0
BRDA:321,28,0,0
BRDA:321,28,1,0
BRDA:321,29,0,0
BRDA:321,29,1,0
BRDA:321,30,0,0
BRDA:321,30,1,0
BRDA:368,31,0,0
BRDA:368,31,1,0
BRDA:369,32,0,0
BRDA:372,33,0,0
BRDA:372,33,1,0
BRDA:395,34,0,0
BRDA:395,35,0,0
BRDA:395,35,1,0
BRDA:408,36,0,0
BRDA:408,36,1,0
BRDA:409,37,0,0
BRDA:415,38,0,0
BRDA:415,38,1,0
BRDA:415,39,0,0
BRDA:415,39,1,0
BRDA:415,40,0,0
BRDA:415,40,1,0
BRDA:415,41,0,0
BRDA:415,41,1,0
BRDA:422,42,0,0
BRDA:422,42,1,0
BRDA:427,43,0,0
BRDA:439,44,0,0
BRDA:484,45,0,0
BRDA:554,46,0,0
BRDA:580,47,0,0
BRDA:580,48,0,0
BRDA:580,48,1,0
BRDA:640,49,0,0
BRDA:640,50,0,0
BRDA:640,50,1,0
BRDA:659,51,0,0
BRDA:663,52,0,0
BRDA:675,53,0,0
BRDA:675,54,0,0
BRDA:675,54,1,0
BRDA:749,55,0,0
BRDA:752,56,0,0
BRDA:755,57,0,0
BRDA:760,58,0,0
BRDA:763,59,0,0
BRDA:766,60,0,0
BRDA:770,61,0,0
BRDA:776,62,0,0
BRDA:776,62,1,0
BRDA:785,63,0,0
BRDA:785,64,0,0
BRDA:785,64,1,0
BRF:104
BRH:4
end_of_record
TN:
SF:lib/schemas/validations.ts
FN:15,(anonymous_0)
FN:45,(anonymous_1)
FNF:2
FNH:0
FNDA:0,(anonymous_0)
FNDA:0,(anonymous_1)
DA:1,0
DA:3,0
DA:4,0
DA:5,0
DA:7,0
DA:8,0
DA:11,0
DA:13,0
DA:16,0
DA:17,0
DA:18,0
DA:19,0
DA:21,0
DA:22,0
DA:26,0
DA:32,0
DA:37,0
DA:42,0
DA:43,0
DA:45,0
DA:46,0
DA:52,0
LF:22
LH:0
BRDA:18,0,0,0
BRDA:18,1,0,0
BRDA:18,1,1,0
BRDA:21,2,0,0
BRDA:21,2,1,0
BRF:5
BRH:0
end_of_record
TN:
SF:lib/schemas/form-data/coapplicants_schema.ts
FNF:0
FNH:0
DA:1,0
DA:3,0
DA:5,0
DA:16,0
LF:4
LH:0
BRF:0
BRH:0
end_of_record
TN:
SF:lib/schemas/form-data/documents_schema.ts
FNF:0
FNH:0
DA:1,0
DA:3,0
DA:5,0
LF:3
LH:0
BRF:0
BRH:0
end_of_record
TN:
SF:lib/schemas/form-data/employment_schema.ts
FNF:0
FNH:0
DA:1,0
DA:3,0
DA:5,0
DA:11,0
LF:4
LH:0
BRF:0
BRH:0
end_of_record
TN:
SF:lib/schemas/form-data/general_schema.ts
FNF:0
FNH:0
DA:1,0
DA:3,0
DA:12,0
LF:3
LH:0
BRF:0
BRH:0
end_of_record
TN:
SF:lib/schemas/form-data/payment_schema.ts
FNF:0
FNH:0
DA:1,0
DA:3,0
DA:5,0
DA:15,0
LF:4
LH:0
BRF:0
BRH:0
end_of_record
TN:
SF:lib/schemas/form-data/personal-details_schema.ts
FNF:0
FNH:0
DA:1,0
DA:3,0
DA:5,0
DA:14,0
DA:22,0
DA:29,0
LF:6
LH:0
BRF:0
BRH:0
end_of_record
TN:
SF:lib/schemas/form-data/residence_schema.ts
FNF:0
FNH:0
DA:1,0
DA:3,0
DA:5,0
DA:17,0
LF:4
LH:0
BRF:0
BRH:0
end_of_record
TN:
SF:lib/utils/uuid.ts
FN:3,isUuidValid
FNF:1
FNH:1
FNDA:20,isUuidValid
DA:1,10
DA:3,10
DA:4,20
LF:3
LH:3
BRDA:4,0,0,20
BRDA:4,0,1,19
BRF:2
BRH:2
end_of_record
TN:
SF:tests/fixtures/index.ts
FN:4,eventFixture
FN:40,authContextFixture
FNF:2
FNH:2
FNDA:24,eventFixture
FNDA:24,authContextFixture
DA:2,9
DA:4,9
DA:5,24
DA:37,24
DA:40,9
DA:41,24
LF:6
LH:6
BRF:0
BRH:0
end_of_record
TN:
SF:tests/mocks/applications.ts
FNF:0
FNH:0
DA:1,3
DA:3,3
DA:86,3
LF:3
LH:3
BRF:0
BRH:0
end_of_record
TN:
SF:types/errors.ts
FN:5,(anonymous_0)
FN:13,(anonymous_1)
FN:20,(anonymous_2)
FN:26,(anonymous_3)
FN:32,(anonymous_4)
FN:38,(anonymous_5)
FN:44,errorToResponse
FNF:7
FNH:4
FNDA:15,(anonymous_0)
FNDA:11,(anonymous_1)
FNDA:4,(anonymous_2)
FNDA:0,(anonymous_3)
FNDA:0,(anonymous_4)
FNDA:0,(anonymous_5)
FNDA:15,errorToResponse
DA:3,11
DA:6,15
DA:7,15
DA:8,15
DA:12,11
DA:14,11
DA:15,11
DA:19,11
DA:21,4
DA:22,4
DA:25,11
DA:27,0
DA:28,0
DA:31,11
DA:33,0
DA:34,0
DA:37,11
DA:39,0
DA:40,0
DA:44,11
DA:45,15
DA:46,15
DA:53,0
LF:23
LH:16
BRDA:45,0,0,15
BRDA:45,0,1,0
BRF:2
BRH:1
end_of_record
