{"/Users/danielwerner/Repos/leasing-application-service/src/functions/DeleteApplication/index.ts": {"path":"/Users/danielwerner/Repos/leasing-application-service/src/functions/DeleteApplication/index.ts","statementMap":{"0":{"start":{"line":2,"column":0},"end":{"line":2,"column":60}},"1":{"start":{"line":3,"column":0},"end":{"line":3,"column":75}},"2":{"start":{"line":4,"column":0},"end":{"line":4,"column":52}},"3":{"start":{"line":7,"column":64},"end":{"line":24,"column":1}},"4":{"start":{"line":11,"column":2},"end":{"line":13,"column":null}},"5":{"start":{"line":12,"column":4},"end":{"line":12,"column":47}},"6":{"start":{"line":15,"column":21},"end":{"line":15,"column":43}},"7":{"start":{"line":17,"column":2},"end":{"line":17,"column":54}},"8":{"start":{"line":19,"column":2},"end":{"line":23,"column":4}},"9":{"start":{"line":7,"column":13},"end":{"line":7,"column":64}},"10":{"start":{"line":26,"column":13},"end":{"line":26,"column":74}}},"fnMap":{"0":{"name":"(anonymous_0)","decl":{"start":{"line":7,"column":64},"end":{"line":7,"column":69}},"loc":{"start":{"line":10,"column":4},"end":{"line":24,"column":1}}}},"branchMap":{"0":{"loc":{"start":{"line":11,"column":2},"end":{"line":13,"column":null}},"type":"if","locations":[{"start":{"line":11,"column":2},"end":{"line":13,"column":null}}]}},"s":{"0":1,"1":1,"2":1,"3":1,"4":2,"5":1,"6":1,"7":1,"8":1,"9":1,"10":1},"f":{"0":2},"b":{"0":[1]}}
,"/Users/danielwerner/Repos/leasing-application-service/src/functions/DeleteDocument/index.ts": {"path":"/Users/danielwerner/Repos/leasing-application-service/src/functions/DeleteDocument/index.ts","statementMap":{"0":{"start":{"line":2,"column":0},"end":{"line":2,"column":60}},"1":{"start":{"line":3,"column":0},"end":{"line":3,"column":37}},"2":{"start":{"line":4,"column":0},"end":{"line":4,"column":69}},"3":{"start":{"line":7,"column":64},"end":{"line":26,"column":1}},"4":{"start":{"line":11,"column":24},"end":{"line":15,"column":15}},"5":{"start":{"line":17,"column":26},"end":{"line":17,"column":74}},"6":{"start":{"line":19,"column":2},"end":{"line":19,"column":56}},"7":{"start":{"line":21,"column":2},"end":{"line":25,"column":4}},"8":{"start":{"line":7,"column":13},"end":{"line":7,"column":64}},"9":{"start":{"line":28,"column":13},"end":{"line":28,"column":74}}},"fnMap":{"0":{"name":"(anonymous_0)","decl":{"start":{"line":7,"column":64},"end":{"line":7,"column":69}},"loc":{"start":{"line":10,"column":4},"end":{"line":26,"column":1}}}},"branchMap":{},"s":{"0":1,"1":1,"2":1,"3":1,"4":2,"5":2,"6":1,"7":1,"8":1,"9":1},"f":{"0":2},"b":{}}
,"/Users/danielwerner/Repos/leasing-application-service/src/functions/DeletePaymentType/index.ts": {"path":"/Users/danielwerner/Repos/leasing-application-service/src/functions/DeletePaymentType/index.ts","statementMap":{"0":{"start":{"line":3,"column":0},"end":{"line":3,"column":60}},"1":{"start":{"line":5,"column":0},"end":{"line":5,"column":75}},"2":{"start":{"line":8,"column":64},"end":{"line":19,"column":1}},"3":{"start":{"line":12,"column":2},"end":{"line":12,"column":46}},"4":{"start":{"line":14,"column":2},"end":{"line":18,"column":4}},"5":{"start":{"line":8,"column":13},"end":{"line":8,"column":64}},"6":{"start":{"line":21,"column":13},"end":{"line":21,"column":74}}},"fnMap":{"0":{"name":"(anonymous_0)","decl":{"start":{"line":8,"column":64},"end":{"line":8,"column":69}},"loc":{"start":{"line":11,"column":4},"end":{"line":19,"column":1}}}},"branchMap":{},"s":{"0":1,"1":1,"2":1,"3":1,"4":1,"5":1,"6":1},"f":{"0":1},"b":{}}
,"/Users/danielwerner/Repos/leasing-application-service/src/functions/GetApplication/index.ts": {"path":"/Users/danielwerner/Repos/leasing-application-service/src/functions/GetApplication/index.ts","statementMap":{"0":{"start":{"line":2,"column":0},"end":{"line":2,"column":60}},"1":{"start":{"line":3,"column":0},"end":{"line":3,"column":70}},"2":{"start":{"line":6,"column":0},"end":{"line":6,"column":92}},"3":{"start":{"line":8,"column":64},"end":{"line":23,"column":1}},"4":{"start":{"line":12,"column":27},"end":{"line":12,"column":64}},"5":{"start":{"line":13,"column":29},"end":{"line":13,"column":77}},"6":{"start":{"line":15,"column":2},"end":{"line":22,"column":4}},"7":{"start":{"line":8,"column":13},"end":{"line":8,"column":64}},"8":{"start":{"line":25,"column":13},"end":{"line":25,"column":74}}},"fnMap":{"0":{"name":"(anonymous_0)","decl":{"start":{"line":8,"column":64},"end":{"line":8,"column":69}},"loc":{"start":{"line":11,"column":4},"end":{"line":23,"column":1}}}},"branchMap":{},"s":{"0":1,"1":1,"2":1,"3":1,"4":1,"5":1,"6":1,"7":1,"8":1},"f":{"0":1},"b":{}}
,"/Users/danielwerner/Repos/leasing-application-service/src/functions/GetApplicationSummary/index.ts": {"path":"/Users/danielwerner/Repos/leasing-application-service/src/functions/GetApplicationSummary/index.ts","statementMap":{"0":{"start":{"line":3,"column":0},"end":{"line":3,"column":79}},"1":{"start":{"line":5,"column":0},"end":{"line":5,"column":60}},"2":{"start":{"line":8,"column":64},"end":{"line":20,"column":1}},"3":{"start":{"line":12,"column":14},"end":{"line":12,"column":57}},"4":{"start":{"line":14,"column":2},"end":{"line":19,"column":4}},"5":{"start":{"line":8,"column":13},"end":{"line":8,"column":64}},"6":{"start":{"line":22,"column":13},"end":{"line":22,"column":74}}},"fnMap":{"0":{"name":"(anonymous_0)","decl":{"start":{"line":8,"column":64},"end":{"line":8,"column":69}},"loc":{"start":{"line":11,"column":4},"end":{"line":20,"column":1}}}},"branchMap":{},"s":{"0":1,"1":1,"2":1,"3":1,"4":1,"5":1,"6":1},"f":{"0":1},"b":{}}
,"/Users/danielwerner/Repos/leasing-application-service/src/functions/GetCardPaymentForm/index.ts": {"path":"/Users/danielwerner/Repos/leasing-application-service/src/functions/GetCardPaymentForm/index.ts","statementMap":{"0":{"start":{"line":2,"column":0},"end":{"line":2,"column":44}},"1":{"start":{"line":4,"column":0},"end":{"line":4,"column":60}},"2":{"start":{"line":6,"column":0},"end":{"line":6,"column":77}},"3":{"start":{"line":9,"column":64},"end":{"line":34,"column":1}},"4":{"start":{"line":13,"column":24},"end":{"line":18,"column":15}},"5":{"start":{"line":20,"column":40},"end":{"line":21,"column":null}},"6":{"start":{"line":24,"column":32},"end":{"line":27,"column":null}},"7":{"start":{"line":30,"column":2},"end":{"line":33,"column":4}},"8":{"start":{"line":9,"column":13},"end":{"line":9,"column":64}},"9":{"start":{"line":36,"column":13},"end":{"line":36,"column":74}}},"fnMap":{"0":{"name":"(anonymous_0)","decl":{"start":{"line":9,"column":64},"end":{"line":9,"column":69}},"loc":{"start":{"line":12,"column":4},"end":{"line":34,"column":1}}}},"branchMap":{},"s":{"0":1,"1":1,"2":1,"3":1,"4":1,"5":1,"6":1,"7":1,"8":1,"9":1},"f":{"0":1},"b":{}}
,"/Users/danielwerner/Repos/leasing-application-service/src/functions/GetCustomerSummaries/index.ts": {"path":"/Users/danielwerner/Repos/leasing-application-service/src/functions/GetCustomerSummaries/index.ts","statementMap":{"0":{"start":{"line":2,"column":0},"end":{"line":2,"column":51}},"1":{"start":{"line":3,"column":0},"end":{"line":3,"column":57}},"2":{"start":{"line":4,"column":0},"end":{"line":4,"column":87}},"3":{"start":{"line":6,"column":0},"end":{"line":6,"column":37}},"4":{"start":{"line":7,"column":0},"end":{"line":7,"column":92}},"5":{"start":{"line":9,"column":60},"end":{"line":40,"column":1}},"6":{"start":{"line":13,"column":24},"end":{"line":15,"column":15}},"7":{"start":{"line":17,"column":26},"end":{"line":17,"column":74}},"8":{"start":{"line":19,"column":2},"end":{"line":23,"column":null}},"9":{"start":{"line":20,"column":4},"end":{"line":22,"column":6}},"10":{"start":{"line":25,"column":23},"end":{"line":25,"column":75}},"11":{"start":{"line":26,"column":30},"end":{"line":29,"column":null}},"12":{"start":{"line":28,"column":6},"end":{"line":28,"column":48}},"13":{"start":{"line":32,"column":2},"end":{"line":39,"column":4}},"14":{"start":{"line":9,"column":13},"end":{"line":9,"column":60}},"15":{"start":{"line":42,"column":13},"end":{"line":42,"column":71}}},"fnMap":{"0":{"name":"(anonymous_0)","decl":{"start":{"line":9,"column":60},"end":{"line":9,"column":65}},"loc":{"start":{"line":12,"column":4},"end":{"line":40,"column":1}}},"1":{"name":"(anonymous_1)","decl":{"start":{"line":27,"column":21},"end":{"line":27,"column":26}},"loc":{"start":{"line":28,"column":6},"end":{"line":28,"column":48}}}},"branchMap":{"0":{"loc":{"start":{"line":19,"column":2},"end":{"line":23,"column":null}},"type":"if","locations":[{"start":{"line":19,"column":2},"end":{"line":23,"column":null}}]}},"s":{"0":1,"1":1,"2":1,"3":1,"4":1,"5":1,"6":2,"7":2,"8":2,"9":1,"10":1,"11":1,"12":1,"13":1,"14":1,"15":1},"f":{"0":2,"1":1},"b":{"0":[1]}}
,"/Users/danielwerner/Repos/leasing-application-service/src/functions/GetDocument/index.ts": {"path":"/Users/danielwerner/Repos/leasing-application-service/src/functions/GetDocument/index.ts","statementMap":{"0":{"start":{"line":2,"column":0},"end":{"line":2,"column":60}},"1":{"start":{"line":3,"column":0},"end":{"line":3,"column":63}},"2":{"start":{"line":5,"column":0},"end":{"line":5,"column":37}},"3":{"start":{"line":7,"column":64},"end":{"line":24,"column":1}},"4":{"start":{"line":11,"column":24},"end":{"line":13,"column":51}},"5":{"start":{"line":15,"column":26},"end":{"line":15,"column":74}},"6":{"start":{"line":17,"column":23},"end":{"line":17,"column":73}},"7":{"start":{"line":19,"column":2},"end":{"line":23,"column":4}},"8":{"start":{"line":7,"column":13},"end":{"line":7,"column":64}},"9":{"start":{"line":26,"column":13},"end":{"line":26,"column":74}}},"fnMap":{"0":{"name":"(anonymous_0)","decl":{"start":{"line":7,"column":64},"end":{"line":7,"column":69}},"loc":{"start":{"line":10,"column":4},"end":{"line":24,"column":1}}}},"branchMap":{},"s":{"0":1,"1":1,"2":1,"3":1,"4":2,"5":2,"6":1,"7":1,"8":1,"9":1},"f":{"0":2},"b":{}}
,"/Users/danielwerner/Repos/leasing-application-service/src/functions/GetDocumentsList/index.ts": {"path":"/Users/danielwerner/Repos/leasing-application-service/src/functions/GetDocumentsList/index.ts","statementMap":{"0":{"start":{"line":2,"column":0},"end":{"line":2,"column":60}},"1":{"start":{"line":3,"column":0},"end":{"line":3,"column":70}},"2":{"start":{"line":6,"column":64},"end":{"line":17,"column":1}},"3":{"start":{"line":10,"column":20},"end":{"line":10,"column":59}},"4":{"start":{"line":12,"column":2},"end":{"line":16,"column":4}},"5":{"start":{"line":6,"column":13},"end":{"line":6,"column":64}},"6":{"start":{"line":19,"column":13},"end":{"line":19,"column":74}}},"fnMap":{"0":{"name":"(anonymous_0)","decl":{"start":{"line":6,"column":64},"end":{"line":6,"column":69}},"loc":{"start":{"line":9,"column":4},"end":{"line":17,"column":1}}}},"branchMap":{},"s":{"0":1,"1":1,"2":1,"3":1,"4":1,"5":1,"6":1},"f":{"0":1},"b":{}}
,"/Users/danielwerner/Repos/leasing-application-service/src/functions/GetLinkedApplications/index.ts": {"path":"/Users/danielwerner/Repos/leasing-application-service/src/functions/GetLinkedApplications/index.ts","statementMap":{"0":{"start":{"line":2,"column":0},"end":{"line":2,"column":60}},"1":{"start":{"line":3,"column":0},"end":{"line":3,"column":78}},"2":{"start":{"line":6,"column":64},"end":{"line":19,"column":1}},"3":{"start":{"line":10,"column":23},"end":{"line":10,"column":64}},"4":{"start":{"line":12,"column":2},"end":{"line":18,"column":4}},"5":{"start":{"line":6,"column":13},"end":{"line":6,"column":64}},"6":{"start":{"line":21,"column":13},"end":{"line":21,"column":74}}},"fnMap":{"0":{"name":"(anonymous_0)","decl":{"start":{"line":6,"column":64},"end":{"line":6,"column":69}},"loc":{"start":{"line":9,"column":4},"end":{"line":19,"column":1}}}},"branchMap":{},"s":{"0":1,"1":1,"2":1,"3":1,"4":1,"5":1,"6":1},"f":{"0":1},"b":{}}
,"/Users/danielwerner/Repos/leasing-application-service/src/functions/GetPaymentSummary/index.ts": {"path":"/Users/danielwerner/Repos/leasing-application-service/src/functions/GetPaymentSummary/index.ts","statementMap":{"0":{"start":{"line":2,"column":0},"end":{"line":2,"column":60}},"1":{"start":{"line":3,"column":0},"end":{"line":3,"column":75}},"2":{"start":{"line":6,"column":64},"end":{"line":17,"column":1}},"3":{"start":{"line":10,"column":25},"end":{"line":10,"column":68}},"4":{"start":{"line":12,"column":2},"end":{"line":16,"column":4}},"5":{"start":{"line":6,"column":13},"end":{"line":6,"column":64}},"6":{"start":{"line":19,"column":13},"end":{"line":19,"column":74}}},"fnMap":{"0":{"name":"(anonymous_0)","decl":{"start":{"line":6,"column":64},"end":{"line":6,"column":69}},"loc":{"start":{"line":9,"column":4},"end":{"line":17,"column":1}}}},"branchMap":{},"s":{"0":1,"1":1,"2":1,"3":1,"4":1,"5":1,"6":1},"f":{"0":1},"b":{}}
,"/Users/danielwerner/Repos/leasing-application-service/src/functions/PatchCoapplicantCustomer/index.ts": {"path":"/Users/danielwerner/Repos/leasing-application-service/src/functions/PatchCoapplicantCustomer/index.ts","statementMap":{"0":{"start":{"line":2,"column":0},"end":{"line":2,"column":48}},"1":{"start":{"line":3,"column":0},"end":{"line":3,"column":60}},"2":{"start":{"line":4,"column":0},"end":{"line":4,"column":91}},"3":{"start":{"line":6,"column":0},"end":{"line":6,"column":37}},"4":{"start":{"line":8,"column":64},"end":{"line":34,"column":1}},"5":{"start":{"line":12,"column":24},"end":{"line":17,"column":30}},"6":{"start":{"line":19,"column":48},"end":{"line":20,"column":null}},"7":{"start":{"line":23,"column":2},"end":{"line":27,"column":4}},"8":{"start":{"line":29,"column":2},"end":{"line":33,"column":4}},"9":{"start":{"line":8,"column":13},"end":{"line":8,"column":64}},"10":{"start":{"line":36,"column":13},"end":{"line":36,"column":74}}},"fnMap":{"0":{"name":"(anonymous_0)","decl":{"start":{"line":8,"column":64},"end":{"line":8,"column":69}},"loc":{"start":{"line":11,"column":4},"end":{"line":34,"column":1}}}},"branchMap":{},"s":{"0":1,"1":1,"2":1,"3":1,"4":1,"5":2,"6":2,"7":1,"8":1,"9":1,"10":1},"f":{"0":2},"b":{}}
,"/Users/danielwerner/Repos/leasing-application-service/src/functions/PatchCompleteApplication/index.ts": {"path":"/Users/danielwerner/Repos/leasing-application-service/src/functions/PatchCompleteApplication/index.ts","statementMap":{"0":{"start":{"line":2,"column":0},"end":{"line":2,"column":77}},"1":{"start":{"line":4,"column":0},"end":{"line":4,"column":60}},"2":{"start":{"line":5,"column":0},"end":{"line":5,"column":52}},"3":{"start":{"line":6,"column":64},"end":{"line":46,"column":1}},"4":{"start":{"line":10,"column":27},"end":{"line":11,"column":null}},"5":{"start":{"line":14,"column":20},"end":{"line":15,"column":null}},"6":{"start":{"line":18,"column":24},"end":{"line":18,"column":58}},"7":{"start":{"line":20,"column":31},"end":{"line":27,"column":4}},"8":{"start":{"line":29,"column":43},"end":{"line":30,"column":null}},"9":{"start":{"line":33,"column":2},"end":{"line":39,"column":4}},"10":{"start":{"line":41,"column":2},"end":{"line":45,"column":4}},"11":{"start":{"line":6,"column":13},"end":{"line":6,"column":64}},"12":{"start":{"line":48,"column":13},"end":{"line":48,"column":74}}},"fnMap":{"0":{"name":"(anonymous_0)","decl":{"start":{"line":6,"column":64},"end":{"line":6,"column":69}},"loc":{"start":{"line":9,"column":4},"end":{"line":46,"column":1}}}},"branchMap":{"0":{"loc":{"start":{"line":18,"column":24},"end":{"line":18,"column":58}},"type":"binary-expr","locations":[{"start":{"line":18,"column":24},"end":{"line":18,"column":52}},{"start":{"line":18,"column":56},"end":{"line":18,"column":58}}]},"1":{"loc":{"start":{"line":30,"column":15},"end":{"line":30,"column":31}},"type":"binary-expr","locations":[{"start":{"line":30,"column":15},"end":{"line":30,"column":25}},{"start":{"line":30,"column":29},"end":{"line":30,"column":31}}]}},"s":{"0":1,"1":1,"2":1,"3":1,"4":8,"5":8,"6":7,"7":7,"8":7,"9":2,"10":2,"11":1,"12":1},"f":{"0":8},"b":{"0":[7,1],"1":[7,1]}}
,"/Users/danielwerner/Repos/leasing-application-service/src/functions/PatchFormData/index.ts": {"path":"/Users/danielwerner/Repos/leasing-application-service/src/functions/PatchFormData/index.ts","statementMap":{"0":{"start":{"line":2,"column":0},"end":{"line":2,"column":60}},"1":{"start":{"line":3,"column":0},"end":{"line":3,"column":69}},"2":{"start":{"line":6,"column":0},"end":{"line":6,"column":37}},"3":{"start":{"line":8,"column":64},"end":{"line":38,"column":1}},"4":{"start":{"line":12,"column":24},"end":{"line":14,"column":30}},"5":{"start":{"line":16,"column":24},"end":{"line":17,"column":null}},"6":{"start":{"line":20,"column":27},"end":{"line":21,"column":null}},"7":{"start":{"line":24,"column":20},"end":{"line":25,"column":null}},"8":{"start":{"line":28,"column":33},"end":{"line":31,"column":null}},"9":{"start":{"line":33,"column":2},"end":{"line":37,"column":4}},"10":{"start":{"line":8,"column":13},"end":{"line":8,"column":64}},"11":{"start":{"line":40,"column":13},"end":{"line":40,"column":74}}},"fnMap":{"0":{"name":"(anonymous_0)","decl":{"start":{"line":8,"column":64},"end":{"line":8,"column":69}},"loc":{"start":{"line":11,"column":4},"end":{"line":38,"column":1}}}},"branchMap":{"0":{"loc":{"start":{"line":17,"column":15},"end":{"line":17,"column":31}},"type":"binary-expr","locations":[{"start":{"line":17,"column":15},"end":{"line":17,"column":25}},{"start":{"line":17,"column":29},"end":{"line":17,"column":31}}]}},"s":{"0":1,"1":1,"2":1,"3":1,"4":3,"5":3,"6":2,"7":2,"8":1,"9":1,"10":1,"11":1},"f":{"0":3},"b":{"0":[3,1]}}
,"/Users/danielwerner/Repos/leasing-application-service/src/functions/PostApplication/index.ts": {"path":"/Users/danielwerner/Repos/leasing-application-service/src/functions/PostApplication/index.ts","statementMap":{"0":{"start":{"line":2,"column":0},"end":{"line":2,"column":57}},"1":{"start":{"line":3,"column":0},"end":{"line":3,"column":75}},"2":{"start":{"line":5,"column":0},"end":{"line":5,"column":null}},"3":{"start":{"line":10,"column":0},"end":{"line":10,"column":37}},"4":{"start":{"line":11,"column":0},"end":{"line":11,"column":87}},"5":{"start":{"line":12,"column":0},"end":{"line":12,"column":92}},"6":{"start":{"line":13,"column":0},"end":{"line":13,"column":78}},"7":{"start":{"line":15,"column":60},"end":{"line":97,"column":1}},"8":{"start":{"line":19,"column":24},"end":{"line":25,"column":30}},"9":{"start":{"line":27,"column":38},"end":{"line":28,"column":null}},"10":{"start":{"line":30,"column":20},"end":{"line":30,"column":54}},"11":{"start":{"line":32,"column":2},"end":{"line":36,"column":null}},"12":{"start":{"line":33,"column":4},"end":{"line":35,"column":6}},"13":{"start":{"line":38,"column":31},"end":{"line":38,"column":53}},"14":{"start":{"line":39,"column":2},"end":{"line":43,"column":null}},"15":{"start":{"line":40,"column":4},"end":{"line":42,"column":6}},"16":{"start":{"line":45,"column":31},"end":{"line":46,"column":null}},"17":{"start":{"line":49,"column":44},"end":{"line":59,"column":null}},"18":{"start":{"line":51,"column":6},"end":{"line":58,"column":null}},"19":{"start":{"line":55,"column":8},"end":{"line":55,"column":58}},"20":{"start":{"line":57,"column":8},"end":{"line":57,"column":44}},"21":{"start":{"line":62,"column":51},"end":{"line":63,"column":null}},"22":{"start":{"line":66,"column":2},"end":{"line":84,"column":null}},"23":{"start":{"line":67,"column":4},"end":{"line":83,"column":7}},"24":{"start":{"line":68,"column":28},"end":{"line":73,"column":8}},"25":{"start":{"line":75,"column":6},"end":{"line":82,"column":null}},"26":{"start":{"line":79,"column":8},"end":{"line":81,"column":10}},"27":{"start":{"line":86,"column":22},"end":{"line":89,"column":null}},"28":{"start":{"line":92,"column":2},"end":{"line":96,"column":4}},"29":{"start":{"line":15,"column":13},"end":{"line":15,"column":60}},"30":{"start":{"line":99,"column":13},"end":{"line":99,"column":71}}},"fnMap":{"0":{"name":"(anonymous_0)","decl":{"start":{"line":15,"column":60},"end":{"line":15,"column":65}},"loc":{"start":{"line":18,"column":4},"end":{"line":97,"column":1}}},"1":{"name":"(anonymous_1)","decl":{"start":{"line":50,"column":4},"end":{"line":50,"column":5}},"loc":{"start":{"line":50,"column":20},"end":{"line":59,"column":5}}},"2":{"name":"(anonymous_2)","decl":{"start":{"line":67,"column":38},"end":{"line":67,"column":39}},"loc":{"start":{"line":67,"column":54},"end":{"line":83,"column":5}}}},"branchMap":{"0":{"loc":{"start":{"line":28,"column":15},"end":{"line":28,"column":31}},"type":"binary-expr","locations":[{"start":{"line":28,"column":15},"end":{"line":28,"column":25}},{"start":{"line":28,"column":29},"end":{"line":28,"column":31}}]},"1":{"loc":{"start":{"line":32,"column":2},"end":{"line":36,"column":null}},"type":"if","locations":[{"start":{"line":32,"column":2},"end":{"line":36,"column":null}}]},"2":{"loc":{"start":{"line":39,"column":2},"end":{"line":43,"column":null}},"type":"if","locations":[{"start":{"line":39,"column":2},"end":{"line":43,"column":null}}]},"3":{"loc":{"start":{"line":51,"column":6},"end":{"line":58,"column":null}},"type":"if","locations":[{"start":{"line":51,"column":6},"end":{"line":58,"column":null}},{"start":{"line":56,"column":13},"end":{"line":58,"column":null}}]},"4":{"loc":{"start":{"line":52,"column":8},"end":{"line":53,"column":57}},"type":"binary-expr","locations":[{"start":{"line":52,"column":8},"end":{"line":52,"column":68}},{"start":{"line":53,"column":8},"end":{"line":53,"column":57}}]},"5":{"loc":{"start":{"line":66,"column":2},"end":{"line":84,"column":null}},"type":"if","locations":[{"start":{"line":66,"column":2},"end":{"line":84,"column":null}}]},"6":{"loc":{"start":{"line":75,"column":6},"end":{"line":82,"column":null}},"type":"if","locations":[{"start":{"line":75,"column":6},"end":{"line":82,"column":null}}]},"7":{"loc":{"start":{"line":76,"column":8},"end":{"line":77,"column":51}},"type":"binary-expr","locations":[{"start":{"line":76,"column":8},"end":{"line":76,"column":63}},{"start":{"line":77,"column":8},"end":{"line":77,"column":51}}]}},"s":{"0":1,"1":1,"2":1,"3":1,"4":1,"5":1,"6":1,"7":1,"8":7,"9":7,"10":6,"11":6,"12":1,"13":5,"14":5,"15":1,"16":4,"17":4,"18":3,"19":2,"20":1,"21":4,"22":4,"23":3,"24":3,"25":3,"26":2,"27":2,"28":2,"29":1,"30":1},"f":{"0":7,"1":3,"2":3},"b":{"0":[7,1],"1":[1],"2":[1],"3":[2,1],"4":[3,2],"5":[3],"6":[2],"7":[3,2]}}
,"/Users/danielwerner/Repos/leasing-application-service/src/functions/PostBankPaymentInfo/index.ts": {"path":"/Users/danielwerner/Repos/leasing-application-service/src/functions/PostBankPaymentInfo/index.ts","statementMap":{"0":{"start":{"line":2,"column":0},"end":{"line":2,"column":60}},"1":{"start":{"line":3,"column":0},"end":{"line":3,"column":83}},"2":{"start":{"line":4,"column":0},"end":{"line":4,"column":37}},"3":{"start":{"line":7,"column":64},"end":{"line":37,"column":1}},"4":{"start":{"line":11,"column":24},"end":{"line":26,"column":30}},"5":{"start":{"line":28,"column":19},"end":{"line":28,"column":75}},"6":{"start":{"line":30,"column":2},"end":{"line":30,"column":60}},"7":{"start":{"line":32,"column":2},"end":{"line":36,"column":4}},"8":{"start":{"line":7,"column":13},"end":{"line":7,"column":64}},"9":{"start":{"line":39,"column":13},"end":{"line":39,"column":74}}},"fnMap":{"0":{"name":"(anonymous_0)","decl":{"start":{"line":7,"column":64},"end":{"line":7,"column":69}},"loc":{"start":{"line":10,"column":4},"end":{"line":37,"column":1}}}},"branchMap":{"0":{"loc":{"start":{"line":28,"column":57},"end":{"line":28,"column":73}},"type":"binary-expr","locations":[{"start":{"line":28,"column":57},"end":{"line":28,"column":67}},{"start":{"line":28,"column":71},"end":{"line":28,"column":73}}]}},"s":{"0":1,"1":1,"2":1,"3":1,"4":2,"5":2,"6":1,"7":1,"8":1,"9":1},"f":{"0":2},"b":{"0":[2,1]}}
,"/Users/danielwerner/Repos/leasing-application-service/src/functions/PostDocument/index.ts": {"path":"/Users/danielwerner/Repos/leasing-application-service/src/functions/PostDocument/index.ts","statementMap":{"0":{"start":{"line":2,"column":0},"end":{"line":2,"column":60}},"1":{"start":{"line":3,"column":0},"end":{"line":3,"column":69}},"2":{"start":{"line":5,"column":0},"end":{"line":5,"column":37}},"3":{"start":{"line":6,"column":0},"end":{"line":6,"column":68}},"4":{"start":{"line":8,"column":64},"end":{"line":36,"column":1}},"5":{"start":{"line":12,"column":24},"end":{"line":19,"column":30}},"6":{"start":{"line":21,"column":51},"end":{"line":22,"column":null}},"7":{"start":{"line":25,"column":24},"end":{"line":28,"column":null}},"8":{"start":{"line":31,"column":2},"end":{"line":35,"column":4}},"9":{"start":{"line":8,"column":13},"end":{"line":8,"column":64}},"10":{"start":{"line":38,"column":13},"end":{"line":38,"column":74}}},"fnMap":{"0":{"name":"(anonymous_0)","decl":{"start":{"line":8,"column":64},"end":{"line":8,"column":69}},"loc":{"start":{"line":11,"column":4},"end":{"line":36,"column":1}}}},"branchMap":{"0":{"loc":{"start":{"line":22,"column":15},"end":{"line":22,"column":31}},"type":"binary-expr","locations":[{"start":{"line":22,"column":15},"end":{"line":22,"column":25}},{"start":{"line":22,"column":29},"end":{"line":22,"column":31}}]}},"s":{"0":1,"1":1,"2":1,"3":1,"4":1,"5":15,"6":15,"7":8,"8":8,"9":1,"10":1},"f":{"0":15},"b":{"0":[15,1]}}
,"/Users/danielwerner/Repos/leasing-application-service/src/functions/PostInviteApplicant/index.ts": {"path":"/Users/danielwerner/Repos/leasing-application-service/src/functions/PostInviteApplicant/index.ts","statementMap":{"0":{"start":{"line":2,"column":0},"end":{"line":2,"column":60}},"1":{"start":{"line":4,"column":0},"end":{"line":4,"column":37}},"2":{"start":{"line":5,"column":0},"end":{"line":5,"column":78}},"3":{"start":{"line":6,"column":0},"end":{"line":6,"column":88}},"4":{"start":{"line":7,"column":0},"end":{"line":7,"column":52}},"5":{"start":{"line":9,"column":64},"end":{"line":43,"column":1}},"6":{"start":{"line":13,"column":24},"end":{"line":17,"column":30}},"7":{"start":{"line":19,"column":41},"end":{"line":20,"column":null}},"8":{"start":{"line":23,"column":33},"end":{"line":24,"column":null}},"9":{"start":{"line":27,"column":2},"end":{"line":34,"column":null}},"10":{"start":{"line":31,"column":4},"end":{"line":33,"column":6}},"11":{"start":{"line":36,"column":2},"end":{"line":36,"column":75}},"12":{"start":{"line":38,"column":2},"end":{"line":42,"column":4}},"13":{"start":{"line":9,"column":13},"end":{"line":9,"column":64}},"14":{"start":{"line":45,"column":13},"end":{"line":45,"column":74}}},"fnMap":{"0":{"name":"(anonymous_0)","decl":{"start":{"line":9,"column":64},"end":{"line":9,"column":69}},"loc":{"start":{"line":12,"column":4},"end":{"line":43,"column":1}}}},"branchMap":{"0":{"loc":{"start":{"line":20,"column":15},"end":{"line":20,"column":31}},"type":"binary-expr","locations":[{"start":{"line":20,"column":15},"end":{"line":20,"column":25}},{"start":{"line":20,"column":29},"end":{"line":20,"column":31}}]},"1":{"loc":{"start":{"line":27,"column":2},"end":{"line":34,"column":null}},"type":"if","locations":[{"start":{"line":27,"column":2},"end":{"line":34,"column":null}}]}},"s":{"0":1,"1":1,"2":1,"3":1,"4":1,"5":1,"6":3,"7":3,"8":2,"9":2,"10":1,"11":1,"12":1,"13":1,"14":1},"f":{"0":3},"b":{"0":[3,1],"1":[1]}}
,"/Users/danielwerner/Repos/leasing-application-service/src/functions/PrimaryApplicationRemoved/index.ts": {"path":"/Users/danielwerner/Repos/leasing-application-service/src/functions/PrimaryApplicationRemoved/index.ts","statementMap":{"0":{"start":{"line":2,"column":0},"end":{"line":2,"column":null}},"1":{"start":{"line":6,"column":0},"end":{"line":6,"column":72}},"2":{"start":{"line":8,"column":22},"end":{"line":19,"column":13}},"3":{"start":{"line":25,"column":4},"end":{"line":55,"column":1}},"4":{"start":{"line":26,"column":2},"end":{"line":54,"column":null}},"5":{"start":{"line":27,"column":21},"end":{"line":27,"column":33}},"6":{"start":{"line":29,"column":6},"end":{"line":29,"column":61}},"7":{"start":{"line":31,"column":4},"end":{"line":33,"column":6}},"8":{"start":{"line":34,"column":33},"end":{"line":37,"column":null}},"9":{"start":{"line":40,"column":4},"end":{"line":44,"column":6}},"10":{"start":{"line":46,"column":4},"end":{"line":51,"column":null}},"11":{"start":{"line":47,"column":6},"end":{"line":47,"column":53}},"12":{"start":{"line":48,"column":6},"end":{"line":48,"column":45}},"13":{"start":{"line":50,"column":6},"end":{"line":50,"column":25}},"14":{"start":{"line":53,"column":4},"end":{"line":53,"column":14}},"15":{"start":{"line":21,"column":13},"end":{"line":21,"column":null}}},"fnMap":{"0":{"name":"(anonymous_0)","decl":{"start":{"line":25,"column":4},"end":{"line":25,"column":9}},"loc":{"start":{"line":25,"column":20},"end":{"line":55,"column":1}}}},"branchMap":{"0":{"loc":{"start":{"line":46,"column":4},"end":{"line":51,"column":null}},"type":"if","locations":[{"start":{"line":46,"column":4},"end":{"line":51,"column":null}},{"start":{"line":49,"column":11},"end":{"line":51,"column":null}}]}},"s":{"0":1,"1":1,"2":1,"3":1,"4":3,"5":3,"6":3,"7":2,"8":2,"9":1,"10":2,"11":1,"12":1,"13":1,"14":2,"15":1},"f":{"0":3},"b":{"0":[1,1]}}
,"/Users/danielwerner/Repos/leasing-application-service/src/functions/ProcessCustomerVerified/index.ts": {"path":"/Users/danielwerner/Repos/leasing-application-service/src/functions/ProcessCustomerVerified/index.ts","statementMap":{"0":{"start":{"line":2,"column":0},"end":{"line":2,"column":84}},"1":{"start":{"line":8,"column":4},"end":{"line":13,"column":1}},"2":{"start":{"line":9,"column":2},"end":{"line":9,"column":66}},"3":{"start":{"line":10,"column":33},"end":{"line":10,"column":50}},"4":{"start":{"line":12,"column":2},"end":{"line":12,"column":54}},"5":{"start":{"line":4,"column":13},"end":{"line":4,"column":null}}},"fnMap":{"0":{"name":"(anonymous_0)","decl":{"start":{"line":8,"column":4},"end":{"line":8,"column":9}},"loc":{"start":{"line":8,"column":20},"end":{"line":13,"column":1}}}},"branchMap":{},"s":{"0":1,"1":1,"2":1,"3":1,"4":1,"5":1},"f":{"0":1},"b":{}}
,"/Users/danielwerner/Repos/leasing-application-service/src/functions/PutAddCoapplicant/index.ts": {"path":"/Users/danielwerner/Repos/leasing-application-service/src/functions/PutAddCoapplicant/index.ts","statementMap":{"0":{"start":{"line":2,"column":0},"end":{"line":2,"column":60}},"1":{"start":{"line":4,"column":0},"end":{"line":4,"column":37}},"2":{"start":{"line":5,"column":0},"end":{"line":5,"column":52}},"3":{"start":{"line":6,"column":0},"end":{"line":6,"column":69}},"4":{"start":{"line":7,"column":0},"end":{"line":7,"column":63}},"5":{"start":{"line":9,"column":64},"end":{"line":48,"column":1}},"6":{"start":{"line":13,"column":24},"end":{"line":21,"column":30}},"7":{"start":{"line":23,"column":26},"end":{"line":24,"column":null}},"8":{"start":{"line":27,"column":20},"end":{"line":27,"column":54}},"9":{"start":{"line":29,"column":2},"end":{"line":33,"column":null}},"10":{"start":{"line":30,"column":4},"end":{"line":32,"column":6}},"11":{"start":{"line":35,"column":2},"end":{"line":37,"column":null}},"12":{"start":{"line":36,"column":4},"end":{"line":36,"column":74}},"13":{"start":{"line":39,"column":14},"end":{"line":39,"column":78}},"14":{"start":{"line":41,"column":2},"end":{"line":47,"column":4}},"15":{"start":{"line":9,"column":13},"end":{"line":9,"column":64}},"16":{"start":{"line":50,"column":13},"end":{"line":50,"column":74}}},"fnMap":{"0":{"name":"(anonymous_0)","decl":{"start":{"line":9,"column":64},"end":{"line":9,"column":69}},"loc":{"start":{"line":12,"column":4},"end":{"line":48,"column":1}}}},"branchMap":{"0":{"loc":{"start":{"line":24,"column":15},"end":{"line":24,"column":31}},"type":"binary-expr","locations":[{"start":{"line":24,"column":15},"end":{"line":24,"column":25}},{"start":{"line":24,"column":29},"end":{"line":24,"column":31}}]},"1":{"loc":{"start":{"line":29,"column":2},"end":{"line":33,"column":null}},"type":"if","locations":[{"start":{"line":29,"column":2},"end":{"line":33,"column":null}}]},"2":{"loc":{"start":{"line":35,"column":2},"end":{"line":37,"column":null}},"type":"if","locations":[{"start":{"line":35,"column":2},"end":{"line":37,"column":null}}]}},"s":{"0":1,"1":1,"2":1,"3":1,"4":1,"5":1,"6":5,"7":5,"8":4,"9":4,"10":2,"11":2,"12":1,"13":1,"14":1,"15":1,"16":1},"f":{"0":5},"b":{"0":[5,1],"1":[2],"2":[1]}}
,"/Users/danielwerner/Repos/leasing-application-service/src/lib/authorizer/index.ts": {"path":"/Users/danielwerner/Repos/leasing-application-service/src/lib/authorizer/index.ts","statementMap":{"0":{"start":{"line":1,"column":0},"end":{"line":1,"column":48}},"1":{"start":{"line":3,"column":0},"end":{"line":3,"column":88}},"2":{"start":{"line":5,"column":0},"end":{"line":5,"column":43}},"3":{"start":{"line":6,"column":0},"end":{"line":6,"column":52}},"4":{"start":{"line":8,"column":0},"end":{"line":8,"column":68}},"5":{"start":{"line":9,"column":0},"end":{"line":9,"column":null}},"6":{"start":{"line":17,"column":0},"end":{"line":17,"column":37}},"7":{"start":{"line":20,"column":2},"end":{"line":22,"column":3}},"8":{"start":{"line":20,"column":16},"end":{"line":22,"column":3}},"9":{"start":{"line":21,"column":4},"end":{"line":21,"column":68}},"10":{"start":{"line":19,"column":13},"end":{"line":19,"column":null}},"11":{"start":{"line":25,"column":2},"end":{"line":27,"column":3}},"12":{"start":{"line":25,"column":16},"end":{"line":27,"column":3}},"13":{"start":{"line":26,"column":4},"end":{"line":26,"column":52}},"14":{"start":{"line":24,"column":13},"end":{"line":24,"column":null}},"15":{"start":{"line":29,"column":72},"end":{"line":34,"column":1}},"16":{"start":{"line":33,"column":2},"end":{"line":33,"column":71}},"17":{"start":{"line":29,"column":13},"end":{"line":29,"column":72}},"18":{"start":{"line":36,"column":60},"end":{"line":70,"column":1}},"19":{"start":{"line":37,"column":2},"end":{"line":69,"column":4}},"20":{"start":{"line":38,"column":26},"end":{"line":50,"column":17}},"21":{"start":{"line":42,"column":10},"end":{"line":46,"column":null}},"22":{"start":{"line":43,"column":12},"end":{"line":45,"column":15}},"23":{"start":{"line":48,"column":10},"end":{"line":48,"column":22}},"24":{"start":{"line":52,"column":31},"end":{"line":52,"column":79}},"25":{"start":{"line":54,"column":23},"end":{"line":54,"column":45}},"26":{"start":{"line":56,"column":24},"end":{"line":56,"column":60}},"27":{"start":{"line":58,"column":4},"end":{"line":60,"column":null}},"28":{"start":{"line":59,"column":6},"end":{"line":59,"column":78}},"29":{"start":{"line":62,"column":4},"end":{"line":64,"column":null}},"30":{"start":{"line":63,"column":6},"end":{"line":63,"column":52}},"31":{"start":{"line":66,"column":4},"end":{"line":66,"column":73}},"32":{"start":{"line":68,"column":4},"end":{"line":68,"column":53}},"33":{"start":{"line":36,"column":13},"end":{"line":36,"column":60}},"34":{"start":{"line":72,"column":53},"end":{"line":87,"column":1}},"35":{"start":{"line":76,"column":2},"end":{"line":86,"column":null}},"36":{"start":{"line":77,"column":4},"end":{"line":81,"column":null}},"37":{"start":{"line":78,"column":6},"end":{"line":80,"column":8}},"38":{"start":{"line":83,"column":4},"end":{"line":83,"column":48}},"39":{"start":{"line":85,"column":4},"end":{"line":85,"column":32}},"40":{"start":{"line":72,"column":13},"end":{"line":72,"column":53}},"41":{"start":{"line":89,"column":49},"end":{"line":116,"column":1}},"42":{"start":{"line":90,"column":18},"end":{"line":90,"column":34}},"43":{"start":{"line":92,"column":26},"end":{"line":92,"column":45}},"44":{"start":{"line":93,"column":2},"end":{"line":100,"column":null}},"45":{"start":{"line":94,"column":4},"end":{"line":99,"column":6}},"46":{"start":{"line":102,"column":24},"end":{"line":102,"column":51}},"47":{"start":{"line":103,"column":2},"end":{"line":110,"column":null}},"48":{"start":{"line":104,"column":4},"end":{"line":109,"column":6}},"49":{"start":{"line":112,"column":2},"end":{"line":112,"column":73}},"50":{"start":{"line":114,"column":22},"end":{"line":114,"column":69}},"51":{"start":{"line":115,"column":2},"end":{"line":115,"column":44}},"52":{"start":{"line":89,"column":13},"end":{"line":89,"column":49}}},"fnMap":{"0":{"name":"(anonymous_0)","decl":{"start":{"line":20,"column":2},"end":{"line":20,"column":3}},"loc":{"start":{"line":20,"column":16},"end":{"line":22,"column":3}}},"1":{"name":"(anonymous_1)","decl":{"start":{"line":20,"column":16},"end":{"line":20,"column":21}},"loc":{"start":{"line":20,"column":32},"end":{"line":22,"column":3}}},"2":{"name":"(anonymous_2)","decl":{"start":{"line":25,"column":2},"end":{"line":25,"column":3}},"loc":{"start":{"line":25,"column":16},"end":{"line":27,"column":3}}},"3":{"name":"(anonymous_3)","decl":{"start":{"line":25,"column":16},"end":{"line":25,"column":21}},"loc":{"start":{"line":25,"column":32},"end":{"line":27,"column":3}}},"4":{"name":"(anonymous_4)","decl":{"start":{"line":29,"column":72},"end":{"line":29,"column":77}},"loc":{"start":{"line":32,"column":4},"end":{"line":34,"column":1}}},"5":{"name":"(anonymous_5)","decl":{"start":{"line":36,"column":60},"end":{"line":36,"column":61}},"loc":{"start":{"line":36,"column":73},"end":{"line":70,"column":1}}},"6":{"name":"(anonymous_6)","decl":{"start":{"line":37,"column":9},"end":{"line":37,"column":14}},"loc":{"start":{"line":37,"column":38},"end":{"line":69,"column":3}}},"7":{"name":"(anonymous_7)","decl":{"start":{"line":41,"column":57},"end":{"line":41,"column":67}},"loc":{"start":{"line":41,"column":72},"end":{"line":49,"column":9}}},"8":{"name":"(anonymous_8)","decl":{"start":{"line":72,"column":53},"end":{"line":72,"column":58}},"loc":{"start":{"line":75,"column":4},"end":{"line":87,"column":1}}},"9":{"name":"(anonymous_9)","decl":{"start":{"line":89,"column":49},"end":{"line":89,"column":54}},"loc":{"start":{"line":89,"column":75},"end":{"line":116,"column":1}}}},"branchMap":{"0":{"loc":{"start":{"line":42,"column":10},"end":{"line":46,"column":null}},"type":"if","locations":[{"start":{"line":42,"column":10},"end":{"line":46,"column":null}}]},"1":{"loc":{"start":{"line":58,"column":4},"end":{"line":60,"column":null}},"type":"if","locations":[{"start":{"line":58,"column":4},"end":{"line":60,"column":null}}]},"2":{"loc":{"start":{"line":62,"column":4},"end":{"line":64,"column":null}},"type":"if","locations":[{"start":{"line":62,"column":4},"end":{"line":64,"column":null}}]},"3":{"loc":{"start":{"line":77,"column":4},"end":{"line":81,"column":null}},"type":"if","locations":[{"start":{"line":77,"column":4},"end":{"line":81,"column":null}}]},"4":{"loc":{"start":{"line":93,"column":2},"end":{"line":100,"column":null}},"type":"if","locations":[{"start":{"line":93,"column":2},"end":{"line":100,"column":null}}]},"5":{"loc":{"start":{"line":103,"column":2},"end":{"line":110,"column":null}},"type":"if","locations":[{"start":{"line":103,"column":2},"end":{"line":110,"column":null}}]}},"s":{"0":19,"1":19,"2":19,"3":19,"4":19,"5":19,"6":19,"7":19,"8":17,"9":1,"10":19,"11":19,"12":3,"13":1,"14":19,"15":19,"16":1,"17":19,"18":19,"19":5,"20":5,"21":4,"22":1,"23":3,"24":5,"25":3,"26":3,"27":3,"28":1,"29":2,"30":1,"31":1,"32":1,"33":19,"34":19,"35":3,"36":3,"37":1,"38":1,"39":3,"40":19,"41":19,"42":4,"43":4,"44":3,"45":1,"46":2,"47":2,"48":1,"49":1,"50":1,"51":1,"52":19},"f":{"0":17,"1":1,"2":3,"3":1,"4":1,"5":5,"6":5,"7":4,"8":3,"9":4},"b":{"0":[1],"1":[1],"2":[1],"3":[1],"4":[1],"5":[1]}}
,"/Users/danielwerner/Repos/leasing-application-service/src/lib/connectors/customer-service/index.ts": {"path":"/Users/danielwerner/Repos/leasing-application-service/src/lib/connectors/customer-service/index.ts","statementMap":{"0":{"start":{"line":1,"column":0},"end":{"line":1,"column":63}},"1":{"start":{"line":8,"column":13},"end":{"line":8,"column":79}},"2":{"start":{"line":10,"column":34},"end":{"line":23,"column":1}},"3":{"start":{"line":13,"column":15},"end":{"line":13,"column":40}},"4":{"start":{"line":14,"column":45},"end":{"line":16,"column":4}},"5":{"start":{"line":18,"column":2},"end":{"line":20,"column":null}},"6":{"start":{"line":19,"column":4},"end":{"line":19,"column":29}},"7":{"start":{"line":22,"column":2},"end":{"line":22,"column":14}},"8":{"start":{"line":10,"column":13},"end":{"line":10,"column":34}}},"fnMap":{"0":{"name":"(anonymous_1)","decl":{"start":{"line":10,"column":34},"end":{"line":10,"column":39}},"loc":{"start":{"line":12,"column":37},"end":{"line":23,"column":1}}}},"branchMap":{"0":{"loc":{"start":{"line":18,"column":2},"end":{"line":20,"column":null}},"type":"if","locations":[{"start":{"line":18,"column":2},"end":{"line":20,"column":null}}]}},"s":{"0":1,"1":1,"2":1,"3":2,"4":2,"5":2,"6":1,"7":1,"8":1},"f":{"0":2},"b":{"0":[1]}}
,"/Users/danielwerner/Repos/leasing-application-service/src/lib/connectors/email-service/index.ts": {"path":"/Users/danielwerner/Repos/leasing-application-service/src/lib/connectors/email-service/index.ts","statementMap":{"0":{"start":{"line":2,"column":0},"end":{"line":2,"column":63}},"1":{"start":{"line":10,"column":32},"end":{"line":10,"column":61}},"2":{"start":{"line":12,"column":13},"end":{"line":14,"column":2}},"3":{"start":{"line":16,"column":25},"end":{"line":34,"column":1}},"4":{"start":{"line":21,"column":15},"end":{"line":21,"column":22}},"5":{"start":{"line":22,"column":15},"end":{"line":27,"column":4}},"6":{"start":{"line":29,"column":14},"end":{"line":29,"column":45}},"7":{"start":{"line":31,"column":2},"end":{"line":33,"column":4}},"8":{"start":{"line":16,"column":13},"end":{"line":16,"column":25}}},"fnMap":{"0":{"name":"(anonymous_1)","decl":{"start":{"line":16,"column":25},"end":{"line":16,"column":30}},"loc":{"start":{"line":20,"column":45},"end":{"line":34,"column":1}}}},"branchMap":{},"s":{"0":1,"1":1,"2":1,"3":1,"4":1,"5":1,"6":1,"7":1,"8":1},"f":{"0":1},"b":{}}
,"/Users/danielwerner/Repos/leasing-application-service/src/lib/connectors/lambda/index.ts": {"path":"/Users/danielwerner/Repos/leasing-application-service/src/lib/connectors/lambda/index.ts","statementMap":{"0":{"start":{"line":1,"column":0},"end":{"line":1,"column":69}},"1":{"start":{"line":3,"column":28},"end":{"line":9,"column":1}},"2":{"start":{"line":4,"column":23},"end":{"line":6,"column":4}},"3":{"start":{"line":8,"column":2},"end":{"line":8,"column":36}},"4":{"start":{"line":3,"column":13},"end":{"line":3,"column":28}}},"fnMap":{"0":{"name":"(anonymous_0)","decl":{"start":{"line":3,"column":28},"end":{"line":3,"column":33}},"loc":{"start":{"line":3,"column":61},"end":{"line":9,"column":1}}}},"branchMap":{},"s":{"0":2,"1":2,"2":1,"3":1,"4":2},"f":{"0":1},"b":{}}
,"/Users/danielwerner/Repos/leasing-application-service/src/lib/connectors/pls/index.ts": {"path":"/Users/danielwerner/Repos/leasing-application-service/src/lib/connectors/pls/index.ts","statementMap":{"0":{"start":{"line":2,"column":0},"end":{"line":2,"column":26}},"1":{"start":{"line":4,"column":13},"end":{"line":6,"column":3}},"2":{"start":{"line":8,"column":33},"end":{"line":50,"column":1}},"3":{"start":{"line":9,"column":14},"end":{"line":9,"column":67}},"4":{"start":{"line":26,"column":6},"end":{"line":26,"column":14}},"5":{"start":{"line":28,"column":18},"end":{"line":28,"column":49}},"6":{"start":{"line":30,"column":2},"end":{"line":49,"column":4}},"7":{"start":{"line":8,"column":13},"end":{"line":8,"column":33}}},"fnMap":{"0":{"name":"(anonymous_1)","decl":{"start":{"line":8,"column":33},"end":{"line":8,"column":38}},"loc":{"start":{"line":8,"column":75},"end":{"line":50,"column":1}}}},"branchMap":{},"s":{"0":1,"1":1,"2":1,"3":1,"4":1,"5":1,"6":1,"7":1},"f":{"0":1},"b":{}}
,"/Users/danielwerner/Repos/leasing-application-service/src/lib/connectors/s3/index.ts": {"path":"/Users/danielwerner/Repos/leasing-application-service/src/lib/connectors/s3/index.ts","statementMap":{"0":{"start":{"line":1,"column":0},"end":{"line":1,"column":null}},"1":{"start":{"line":14,"column":0},"end":{"line":14,"column":61}},"2":{"start":{"line":18,"column":0},"end":{"line":18,"column":50}},"3":{"start":{"line":36,"column":20},"end":{"line":36,"column":83}},"4":{"start":{"line":37,"column":28},"end":{"line":37,"column":31}},"5":{"start":{"line":39,"column":17},"end":{"line":41,"column":2}},"6":{"start":{"line":43,"column":13},"end":{"line":43,"column":47}},"7":{"start":{"line":45,"column":36},"end":{"line":80,"column":1}},"8":{"start":{"line":50,"column":20},"end":{"line":51,"column":null}},"9":{"start":{"line":54,"column":2},"end":{"line":56,"column":null}},"10":{"start":{"line":55,"column":4},"end":{"line":55,"column":80}},"11":{"start":{"line":58,"column":14},"end":{"line":58,"column":38}},"12":{"start":{"line":59,"column":19},"end":{"line":59,"column":55}},"13":{"start":{"line":60,"column":21},"end":{"line":60,"column":74}},"14":{"start":{"line":61,"column":37},"end":{"line":61,"column":76}},"15":{"start":{"line":62,"column":23},"end":{"line":66,"column":4}},"16":{"start":{"line":67,"column":18},"end":{"line":67,"column":52}},"17":{"start":{"line":69,"column":20},"end":{"line":72,"column":4}},"18":{"start":{"line":74,"column":43},"end":{"line":77,"column":4}},"19":{"start":{"line":79,"column":2},"end":{"line":79,"column":23}},"20":{"start":{"line":45,"column":13},"end":{"line":45,"column":36}},"21":{"start":{"line":82,"column":38},"end":{"line":112,"column":1}},"22":{"start":{"line":87,"column":46},"end":{"line":90,"column":4}},"23":{"start":{"line":92,"column":28},"end":{"line":92,"column":63}},"24":{"start":{"line":93,"column":40},"end":{"line":93,"column":78}},"25":{"start":{"line":95,"column":25},"end":{"line":95,"column":62}},"26":{"start":{"line":96,"column":2},"end":{"line":98,"column":null}},"27":{"start":{"line":97,"column":4},"end":{"line":97,"column":42}},"28":{"start":{"line":100,"column":18},"end":{"line":100,"column":52}},"29":{"start":{"line":102,"column":20},"end":{"line":104,"column":4}},"30":{"start":{"line":106,"column":42},"end":{"line":109,"column":4}},"31":{"start":{"line":111,"column":2},"end":{"line":111,"column":22}},"32":{"start":{"line":82,"column":13},"end":{"line":82,"column":38}},"33":{"start":{"line":114,"column":43},"end":{"line":130,"column":1}},"34":{"start":{"line":117,"column":23},"end":{"line":120,"column":4}},"35":{"start":{"line":122,"column":23},"end":{"line":122,"column":61}},"36":{"start":{"line":123,"column":23},"end":{"line":123,"column":56}},"37":{"start":{"line":125,"column":2},"end":{"line":127,"column":null}},"38":{"start":{"line":126,"column":4},"end":{"line":126,"column":14}},"39":{"start":{"line":129,"column":2},"end":{"line":129,"column":18}},"40":{"start":{"line":114,"column":13},"end":{"line":114,"column":43}},"41":{"start":{"line":132,"column":40},"end":{"line":157,"column":1}},"42":{"start":{"line":135,"column":19},"end":{"line":135,"column":67}},"43":{"start":{"line":137,"column":22},"end":{"line":146,"column":8}},"44":{"start":{"line":138,"column":23},"end":{"line":138,"column":42}},"45":{"start":{"line":139,"column":23},"end":{"line":139,"column":42}},"46":{"start":{"line":141,"column":4},"end":{"line":143,"column":null}},"47":{"start":{"line":142,"column":6},"end":{"line":142,"column":22}},"48":{"start":{"line":145,"column":4},"end":{"line":145,"column":75}},"49":{"start":{"line":148,"column":16},"end":{"line":148,"column":66}},"50":{"start":{"line":150,"column":2},"end":{"line":156,"column":9}},"51":{"start":{"line":151,"column":4},"end":{"line":153,"column":null}},"52":{"start":{"line":152,"column":6},"end":{"line":152,"column":17}},"53":{"start":{"line":155,"column":4},"end":{"line":155,"column":26}},"54":{"start":{"line":132,"column":13},"end":{"line":132,"column":40}},"55":{"start":{"line":159,"column":29},"end":{"line":172,"column":1}},"56":{"start":{"line":162,"column":2},"end":{"line":164,"column":null}},"57":{"start":{"line":163,"column":4},"end":{"line":163,"column":16}},"58":{"start":{"line":166,"column":21},"end":{"line":169,"column":4}},"59":{"start":{"line":171,"column":2},"end":{"line":171,"column":49}},"60":{"start":{"line":159,"column":13},"end":{"line":159,"column":29}},"61":{"start":{"line":174,"column":29},"end":{"line":185,"column":1}},"62":{"start":{"line":175,"column":28},"end":{"line":175,"column":56}},"63":{"start":{"line":177,"column":2},"end":{"line":179,"column":null}},"64":{"start":{"line":178,"column":4},"end":{"line":178,"column":16}},"65":{"start":{"line":181,"column":26},"end":{"line":181,"column":51}},"66":{"start":{"line":182,"column":21},"end":{"line":182,"column":56}},"67":{"start":{"line":184,"column":2},"end":{"line":184,"column":20}},"68":{"start":{"line":174,"column":13},"end":{"line":174,"column":29}},"69":{"start":{"line":187,"column":31},"end":{"line":195,"column":1}},"70":{"start":{"line":188,"column":26},"end":{"line":188,"column":73}},"71":{"start":{"line":188,"column":45},"end":{"line":188,"column":72}},"72":{"start":{"line":190,"column":2},"end":{"line":192,"column":null}},"73":{"start":{"line":191,"column":4},"end":{"line":191,"column":16}},"74":{"start":{"line":194,"column":2},"end":{"line":194,"column":31}},"75":{"start":{"line":187,"column":13},"end":{"line":187,"column":31}},"76":{"start":{"line":197,"column":30},"end":{"line":224,"column":1}},"77":{"start":{"line":201,"column":2},"end":{"line":223,"column":null}},"78":{"start":{"line":202,"column":17},"end":{"line":202,"column":45}},"79":{"start":{"line":204,"column":4},"end":{"line":206,"column":null}},"80":{"start":{"line":205,"column":6},"end":{"line":205,"column":18}},"81":{"start":{"line":208,"column":17},"end":{"line":208,"column":45}},"82":{"start":{"line":210,"column":4},"end":{"line":212,"column":null}},"83":{"start":{"line":211,"column":6},"end":{"line":211,"column":18}},"84":{"start":{"line":214,"column":4},"end":{"line":218,"column":6}},"85":{"start":{"line":220,"column":4},"end":{"line":220,"column":67}},"86":{"start":{"line":221,"column":4},"end":{"line":221,"column":23}},"87":{"start":{"line":222,"column":4},"end":{"line":222,"column":16}},"88":{"start":{"line":197,"column":13},"end":{"line":197,"column":30}},"89":{"start":{"line":226,"column":30},"end":{"line":237,"column":1}},"90":{"start":{"line":230,"column":23},"end":{"line":233,"column":4}},"91":{"start":{"line":235,"column":18},"end":{"line":235,"column":55}},"92":{"start":{"line":236,"column":2},"end":{"line":236,"column":31}},"93":{"start":{"line":226,"column":13},"end":{"line":226,"column":30}}},"fnMap":{"0":{"name":"(anonymous_0)","decl":{"start":{"line":45,"column":36},"end":{"line":45,"column":41}},"loc":{"start":{"line":49,"column":32},"end":{"line":80,"column":1}}},"1":{"name":"(anonymous_1)","decl":{"start":{"line":82,"column":38},"end":{"line":82,"column":43}},"loc":{"start":{"line":86,"column":32},"end":{"line":112,"column":1}}},"2":{"name":"(anonymous_2)","decl":{"start":{"line":114,"column":43},"end":{"line":114,"column":48}},"loc":{"start":{"line":116,"column":25},"end":{"line":130,"column":1}}},"3":{"name":"(anonymous_3)","decl":{"start":{"line":132,"column":40},"end":{"line":132,"column":45}},"loc":{"start":{"line":134,"column":21},"end":{"line":157,"column":1}}},"4":{"name":"(anonymous_4)","decl":{"start":{"line":137,"column":52},"end":{"line":137,"column":53}},"loc":{"start":{"line":137,"column":71},"end":{"line":146,"column":3}}},"5":{"name":"(anonymous_5)","decl":{"start":{"line":150,"column":30},"end":{"line":150,"column":31}},"loc":{"start":{"line":150,"column":44},"end":{"line":156,"column":3}}},"6":{"name":"(anonymous_6)","decl":{"start":{"line":159,"column":29},"end":{"line":159,"column":null}},"loc":{"start":{"line":161,"column":36},"end":{"line":172,"column":1}}},"7":{"name":"(anonymous_7)","decl":{"start":{"line":174,"column":29},"end":{"line":174,"column":30}},"loc":{"start":{"line":174,"column":63},"end":{"line":185,"column":1}}},"8":{"name":"(anonymous_8)","decl":{"start":{"line":187,"column":31},"end":{"line":187,"column":32}},"loc":{"start":{"line":187,"column":62},"end":{"line":195,"column":1}}},"9":{"name":"(anonymous_9)","decl":{"start":{"line":188,"column":36},"end":{"line":188,"column":37}},"loc":{"start":{"line":188,"column":45},"end":{"line":188,"column":72}}},"10":{"name":"(anonymous_10)","decl":{"start":{"line":197,"column":30},"end":{"line":197,"column":35}},"loc":{"start":{"line":200,"column":39},"end":{"line":224,"column":1}}},"11":{"name":"(anonymous_11)","decl":{"start":{"line":226,"column":30},"end":{"line":226,"column":35}},"loc":{"start":{"line":229,"column":4},"end":{"line":237,"column":1}}}},"branchMap":{"0":{"loc":{"start":{"line":54,"column":2},"end":{"line":56,"column":null}},"type":"if","locations":[{"start":{"line":54,"column":2},"end":{"line":56,"column":null}}]},"1":{"loc":{"start":{"line":85,"column":2},"end":{"line":85,"column":33}},"type":"default-arg","locations":[{"start":{"line":85,"column":14},"end":{"line":85,"column":33}}]},"2":{"loc":{"start":{"line":96,"column":2},"end":{"line":98,"column":null}},"type":"if","locations":[{"start":{"line":96,"column":2},"end":{"line":98,"column":null}}]},"3":{"loc":{"start":{"line":125,"column":2},"end":{"line":127,"column":null}},"type":"if","locations":[{"start":{"line":125,"column":2},"end":{"line":127,"column":null}}]},"4":{"loc":{"start":{"line":141,"column":4},"end":{"line":143,"column":null}},"type":"if","locations":[{"start":{"line":141,"column":4},"end":{"line":143,"column":null}}]},"5":{"loc":{"start":{"line":141,"column":8},"end":{"line":141,"column":34}},"type":"binary-expr","locations":[{"start":{"line":141,"column":8},"end":{"line":141,"column":19}},{"start":{"line":141,"column":23},"end":{"line":141,"column":34}}]},"6":{"loc":{"start":{"line":151,"column":4},"end":{"line":153,"column":null}},"type":"if","locations":[{"start":{"line":151,"column":4},"end":{"line":153,"column":null}}]},"7":{"loc":{"start":{"line":162,"column":2},"end":{"line":164,"column":null}},"type":"if","locations":[{"start":{"line":162,"column":2},"end":{"line":164,"column":null}}]},"8":{"loc":{"start":{"line":177,"column":2},"end":{"line":179,"column":null}},"type":"if","locations":[{"start":{"line":177,"column":2},"end":{"line":179,"column":null}}]},"9":{"loc":{"start":{"line":177,"column":6},"end":{"line":177,"column":52}},"type":"binary-expr","locations":[{"start":{"line":177,"column":6},"end":{"line":177,"column":15}},{"start":{"line":177,"column":19},"end":{"line":177,"column":52}}]},"10":{"loc":{"start":{"line":190,"column":2},"end":{"line":192,"column":null}},"type":"if","locations":[{"start":{"line":190,"column":2},"end":{"line":192,"column":null}}]},"11":{"loc":{"start":{"line":190,"column":6},"end":{"line":190,"column":48}},"type":"binary-expr","locations":[{"start":{"line":190,"column":6},"end":{"line":190,"column":22}},{"start":{"line":190,"column":26},"end":{"line":190,"column":48}}]},"12":{"loc":{"start":{"line":204,"column":4},"end":{"line":206,"column":null}},"type":"if","locations":[{"start":{"line":204,"column":4},"end":{"line":206,"column":null}}]},"13":{"loc":{"start":{"line":210,"column":4},"end":{"line":212,"column":null}},"type":"if","locations":[{"start":{"line":210,"column":4},"end":{"line":212,"column":null}}]}},"s":{"0":1,"1":1,"2":1,"3":1,"4":1,"5":1,"6":1,"7":1,"8":2,"9":2,"10":1,"11":1,"12":1,"13":1,"14":1,"15":1,"16":1,"17":1,"18":1,"19":1,"20":1,"21":1,"22":2,"23":2,"24":2,"25":2,"26":2,"27":1,"28":1,"29":1,"30":1,"31":1,"32":1,"33":1,"34":8,"35":8,"36":8,"37":8,"38":1,"39":7,"40":1,"41":1,"42":5,"43":5,"44":12,"45":12,"46":12,"47":2,"48":10,"49":5,"50":5,"51":10,"52":1,"53":9,"54":1,"55":1,"56":2,"57":1,"58":1,"59":1,"60":1,"61":1,"62":3,"63":3,"64":2,"65":1,"66":1,"67":1,"68":1,"69":1,"70":3,"71":4,"72":3,"73":2,"74":1,"75":1,"76":1,"77":5,"78":5,"79":4,"80":1,"81":3,"82":2,"83":1,"84":1,"85":2,"86":2,"87":2,"88":1,"89":1,"90":1,"91":1,"92":1,"93":1},"f":{"0":2,"1":2,"2":8,"3":5,"4":12,"5":10,"6":2,"7":3,"8":3,"9":4,"10":5,"11":1},"b":{"0":[1],"1":[2],"2":[1],"3":[1],"4":[2],"5":[12,11],"6":[1],"7":[1],"8":[2],"9":[3,2],"10":[2],"11":[3,2],"12":[1],"13":[1]}}
,"/Users/danielwerner/Repos/leasing-application-service/src/lib/connectors/yardi-service/index.ts": {"path":"/Users/danielwerner/Repos/leasing-application-service/src/lib/connectors/yardi-service/index.ts","statementMap":{"0":{"start":{"line":2,"column":0},"end":{"line":2,"column":63}},"1":{"start":{"line":3,"column":0},"end":{"line":3,"column":37}},"2":{"start":{"line":5,"column":0},"end":{"line":5,"column":67}},"3":{"start":{"line":15,"column":0},"end":{"line":15,"column":62}},"4":{"start":{"line":16,"column":0},"end":{"line":16,"column":72}},"5":{"start":{"line":17,"column":0},"end":{"line":17,"column":81}},"6":{"start":{"line":19,"column":13},"end":{"line":21,"column":2}},"7":{"start":{"line":23,"column":31},"end":{"line":31,"column":1}},"8":{"start":{"line":27,"column":15},"end":{"line":27,"column":55}},"9":{"start":{"line":28,"column":14},"end":{"line":28,"column":74}},"10":{"start":{"line":30,"column":2},"end":{"line":30,"column":18}},"11":{"start":{"line":23,"column":13},"end":{"line":23,"column":31}},"12":{"start":{"line":33,"column":31},"end":{"line":52,"column":1}},"13":{"start":{"line":39,"column":6},"end":{"line":39,"column":17}},"14":{"start":{"line":41,"column":2},"end":{"line":45,"column":null}},"15":{"start":{"line":42,"column":4},"end":{"line":44,"column":6}},"16":{"start":{"line":47,"column":15},"end":{"line":47,"column":134}},"17":{"start":{"line":49,"column":14},"end":{"line":49,"column":38}},"18":{"start":{"line":51,"column":2},"end":{"line":51,"column":18}},"19":{"start":{"line":33,"column":13},"end":{"line":33,"column":31}},"20":{"start":{"line":54,"column":28},"end":{"line":77,"column":1}},"21":{"start":{"line":59,"column":2},"end":{"line":63,"column":null}},"22":{"start":{"line":60,"column":4},"end":{"line":62,"column":6}},"23":{"start":{"line":65,"column":15},"end":{"line":65,"column":70}},"24":{"start":{"line":67,"column":2},"end":{"line":76,"column":null}},"25":{"start":{"line":68,"column":16},"end":{"line":70,"column":6}},"26":{"start":{"line":72,"column":4},"end":{"line":72,"column":46}},"27":{"start":{"line":74,"column":4},"end":{"line":74,"column":23}},"28":{"start":{"line":75,"column":4},"end":{"line":75,"column":68}},"29":{"start":{"line":54,"column":13},"end":{"line":54,"column":28}},"30":{"start":{"line":79,"column":28},"end":{"line":94,"column":1}},"31":{"start":{"line":83,"column":24},"end":{"line":86,"column":4}},"32":{"start":{"line":87,"column":2},"end":{"line":87,"column":60}},"33":{"start":{"line":89,"column":15},"end":{"line":89,"column":70}},"34":{"start":{"line":91,"column":14},"end":{"line":91,"column":38}},"35":{"start":{"line":93,"column":2},"end":{"line":93,"column":18}},"36":{"start":{"line":79,"column":13},"end":{"line":79,"column":28}},"37":{"start":{"line":96,"column":34},"end":{"line":136,"column":1}},"38":{"start":{"line":101,"column":24},"end":{"line":104,"column":15}},"39":{"start":{"line":110,"column":6},"end":{"line":110,"column":17}},"40":{"start":{"line":112,"column":2},"end":{"line":116,"column":null}},"41":{"start":{"line":113,"column":4},"end":{"line":115,"column":6}},"42":{"start":{"line":118,"column":41},"end":{"line":118,"column":46}},"43":{"start":{"line":119,"column":28},"end":{"line":119,"column":36}},"44":{"start":{"line":121,"column":2},"end":{"line":124,"column":5}},"45":{"start":{"line":126,"column":15},"end":{"line":126,"column":123}},"46":{"start":{"line":128,"column":14},"end":{"line":133,"column":4}},"47":{"start":{"line":135,"column":2},"end":{"line":135,"column":18}},"48":{"start":{"line":96,"column":13},"end":{"line":96,"column":34}},"49":{"start":{"line":138,"column":30},"end":{"line":181,"column":1}},"50":{"start":{"line":149,"column":6},"end":{"line":149,"column":17}},"51":{"start":{"line":151,"column":2},"end":{"line":155,"column":null}},"52":{"start":{"line":152,"column":4},"end":{"line":154,"column":6}},"53":{"start":{"line":157,"column":41},"end":{"line":157,"column":46}},"54":{"start":{"line":158,"column":28},"end":{"line":158,"column":36}},"55":{"start":{"line":159,"column":20},"end":{"line":159,"column":78}},"56":{"start":{"line":162,"column":35},"end":{"line":162,"column":64}},"57":{"start":{"line":163,"column":15},"end":{"line":163,"column":113}},"58":{"start":{"line":165,"column":14},"end":{"line":177,"column":null}},"59":{"start":{"line":180,"column":2},"end":{"line":180,"column":18}},"60":{"start":{"line":138,"column":13},"end":{"line":138,"column":30}},"61":{"start":{"line":183,"column":33},"end":{"line":191,"column":1}},"62":{"start":{"line":188,"column":15},"end":{"line":188,"column":125}},"63":{"start":{"line":189,"column":14},"end":{"line":189,"column":52}},"64":{"start":{"line":190,"column":2},"end":{"line":190,"column":18}},"65":{"start":{"line":183,"column":13},"end":{"line":183,"column":33}},"66":{"start":{"line":193,"column":31},"end":{"line":201,"column":1}},"67":{"start":{"line":198,"column":15},"end":{"line":198,"column":82}},"68":{"start":{"line":199,"column":14},"end":{"line":199,"column":50}},"69":{"start":{"line":200,"column":2},"end":{"line":200,"column":18}},"70":{"start":{"line":193,"column":13},"end":{"line":193,"column":31}},"71":{"start":{"line":203,"column":31},"end":{"line":211,"column":1}},"72":{"start":{"line":208,"column":15},"end":{"line":208,"column":98}},"73":{"start":{"line":209,"column":14},"end":{"line":209,"column":41}},"74":{"start":{"line":210,"column":2},"end":{"line":210,"column":18}},"75":{"start":{"line":203,"column":13},"end":{"line":203,"column":31}},"76":{"start":{"line":213,"column":33},"end":{"line":227,"column":1}},"77":{"start":{"line":220,"column":15},"end":{"line":220,"column":124}},"78":{"start":{"line":221,"column":14},"end":{"line":225,"column":4}},"79":{"start":{"line":226,"column":2},"end":{"line":226,"column":18}},"80":{"start":{"line":213,"column":13},"end":{"line":213,"column":33}}},"fnMap":{"0":{"name":"(anonymous_1)","decl":{"start":{"line":23,"column":31},"end":{"line":23,"column":36}},"loc":{"start":{"line":26,"column":37},"end":{"line":31,"column":1}}},"1":{"name":"(anonymous_2)","decl":{"start":{"line":33,"column":31},"end":{"line":33,"column":36}},"loc":{"start":{"line":35,"column":40},"end":{"line":52,"column":1}}},"2":{"name":"(anonymous_3)","decl":{"start":{"line":54,"column":28},"end":{"line":54,"column":33}},"loc":{"start":{"line":58,"column":37},"end":{"line":77,"column":1}}},"3":{"name":"(anonymous_4)","decl":{"start":{"line":79,"column":28},"end":{"line":79,"column":33}},"loc":{"start":{"line":82,"column":4},"end":{"line":94,"column":1}}},"4":{"name":"(anonymous_5)","decl":{"start":{"line":96,"column":34},"end":{"line":96,"column":39}},"loc":{"start":{"line":100,"column":4},"end":{"line":136,"column":1}}},"5":{"name":"(anonymous_6)","decl":{"start":{"line":138,"column":30},"end":{"line":138,"column":35}},"loc":{"start":{"line":144,"column":43},"end":{"line":181,"column":1}}},"6":{"name":"(anonymous_7)","decl":{"start":{"line":183,"column":33},"end":{"line":183,"column":38}},"loc":{"start":{"line":187,"column":49},"end":{"line":191,"column":1}}},"7":{"name":"(anonymous_8)","decl":{"start":{"line":193,"column":31},"end":{"line":193,"column":36}},"loc":{"start":{"line":197,"column":4},"end":{"line":201,"column":1}}},"8":{"name":"(anonymous_9)","decl":{"start":{"line":203,"column":31},"end":{"line":203,"column":36}},"loc":{"start":{"line":207,"column":4},"end":{"line":211,"column":1}}},"9":{"name":"(anonymous_10)","decl":{"start":{"line":213,"column":33},"end":{"line":213,"column":38}},"loc":{"start":{"line":219,"column":4},"end":{"line":227,"column":1}}}},"branchMap":{"0":{"loc":{"start":{"line":41,"column":2},"end":{"line":45,"column":null}},"type":"if","locations":[{"start":{"line":41,"column":2},"end":{"line":45,"column":null}}]},"1":{"loc":{"start":{"line":59,"column":2},"end":{"line":63,"column":null}},"type":"if","locations":[{"start":{"line":59,"column":2},"end":{"line":63,"column":null}}]},"2":{"loc":{"start":{"line":59,"column":6},"end":{"line":59,"column":32}},"type":"binary-expr","locations":[{"start":{"line":59,"column":6},"end":{"line":59,"column":16}},{"start":{"line":59,"column":20},"end":{"line":59,"column":32}}]},"3":{"loc":{"start":{"line":112,"column":2},"end":{"line":116,"column":null}},"type":"if","locations":[{"start":{"line":112,"column":2},"end":{"line":116,"column":null}}]},"4":{"loc":{"start":{"line":151,"column":2},"end":{"line":155,"column":null}},"type":"if","locations":[{"start":{"line":151,"column":2},"end":{"line":155,"column":null}}]}},"s":{"0":1,"1":1,"2":1,"3":1,"4":1,"5":1,"6":1,"7":1,"8":1,"9":1,"10":1,"11":1,"12":1,"13":2,"14":2,"15":1,"16":1,"17":1,"18":1,"19":1,"20":1,"21":4,"22":2,"23":2,"24":2,"25":2,"26":1,"27":1,"28":1,"29":1,"30":1,"31":1,"32":1,"33":1,"34":1,"35":1,"36":1,"37":1,"38":4,"39":4,"40":4,"41":1,"42":3,"43":3,"44":3,"45":1,"46":1,"47":1,"48":1,"49":1,"50":2,"51":2,"52":1,"53":1,"54":1,"55":1,"56":1,"57":1,"58":1,"59":1,"60":1,"61":1,"62":1,"63":1,"64":1,"65":1,"66":1,"67":1,"68":1,"69":1,"70":1,"71":1,"72":1,"73":1,"74":1,"75":1,"76":1,"77":1,"78":1,"79":1,"80":1},"f":{"0":1,"1":2,"2":4,"3":1,"4":4,"5":2,"6":1,"7":1,"8":1,"9":1},"b":{"0":[1],"1":[2],"2":[4,3],"3":[1],"4":[1]}}
,"/Users/danielwerner/Repos/leasing-application-service/src/lib/form-validation/validator.ts": {"path":"/Users/danielwerner/Repos/leasing-application-service/src/lib/form-validation/validator.ts","statementMap":{"0":{"start":{"line":2,"column":0},"end":{"line":2,"column":49}},"1":{"start":{"line":4,"column":0},"end":{"line":4,"column":50}},"2":{"start":{"line":5,"column":0},"end":{"line":5,"column":63}},"3":{"start":{"line":6,"column":0},"end":{"line":6,"column":80}},"4":{"start":{"line":7,"column":0},"end":{"line":7,"column":69}},"5":{"start":{"line":8,"column":0},"end":{"line":8,"column":69}},"6":{"start":{"line":9,"column":0},"end":{"line":9,"column":67}},"7":{"start":{"line":10,"column":0},"end":{"line":10,"column":73}},"8":{"start":{"line":12,"column":48},"end":{"line":19,"column":2}},"9":{"start":{"line":26,"column":2},"end":{"line":44,"column":null}},"10":{"start":{"line":27,"column":4},"end":{"line":29,"column":null}},"11":{"start":{"line":28,"column":6},"end":{"line":28,"column":60}},"12":{"start":{"line":31,"column":37},"end":{"line":34,"column":6}},"13":{"start":{"line":36,"column":4},"end":{"line":36,"column":54}},"14":{"start":{"line":37,"column":4},"end":{"line":37,"column":16}},"15":{"start":{"line":39,"column":4},"end":{"line":41,"column":null}},"16":{"start":{"line":40,"column":6},"end":{"line":40,"column":78}},"17":{"start":{"line":43,"column":4},"end":{"line":43,"column":14}},"18":{"start":{"line":21,"column":0},"end":{"line":21,"column":16}},"19":{"start":{"line":51,"column":22},"end":{"line":51,"column":46}},"20":{"start":{"line":53,"column":15},"end":{"line":53,"column":20}},"21":{"start":{"line":54,"column":2},"end":{"line":60,"column":5}},"22":{"start":{"line":55,"column":4},"end":{"line":59,"column":null}},"23":{"start":{"line":56,"column":6},"end":{"line":56,"column":46}},"24":{"start":{"line":58,"column":6},"end":{"line":58,"column":20}},"25":{"start":{"line":62,"column":2},"end":{"line":62,"column":17}},"26":{"start":{"line":47,"column":0},"end":{"line":47,"column":16}}},"fnMap":{"0":{"name":"validateSection","decl":{"start":{"line":21,"column":16},"end":{"line":21,"column":31}},"loc":{"start":{"line":24,"column":39},"end":{"line":45,"column":1}}},"1":{"name":"validateFormData","decl":{"start":{"line":47,"column":16},"end":{"line":47,"column":32}},"loc":{"start":{"line":49,"column":34},"end":{"line":63,"column":1}}},"2":{"name":"(anonymous_3)","decl":{"start":{"line":54,"column":22},"end":{"line":54,"column":23}},"loc":{"start":{"line":54,"column":42},"end":{"line":60,"column":3}}}},"branchMap":{"0":{"loc":{"start":{"line":24,"column":2},"end":{"line":24,"column":39}},"type":"default-arg","locations":[{"start":{"line":24,"column":37},"end":{"line":24,"column":39}}]},"1":{"loc":{"start":{"line":27,"column":4},"end":{"line":29,"column":null}},"type":"if","locations":[{"start":{"line":27,"column":4},"end":{"line":29,"column":null}}]},"2":{"loc":{"start":{"line":39,"column":4},"end":{"line":41,"column":null}},"type":"if","locations":[{"start":{"line":39,"column":4},"end":{"line":41,"column":null}}]}},"s":{"0":1,"1":1,"2":1,"3":1,"4":1,"5":1,"6":1,"7":1,"8":1,"9":14,"10":14,"11":2,"12":12,"13":12,"14":10,"15":4,"16":2,"17":4,"18":1,"19":2,"20":2,"21":2,"22":11,"23":11,"24":1,"25":2,"26":1},"f":{"0":14,"1":2,"2":11},"b":{"0":[1],"1":[2],"2":[2]}}
,"/Users/danielwerner/Repos/leasing-application-service/src/lib/form-validation/schemas/shared.schema.ts": {"path":"/Users/danielwerner/Repos/leasing-application-service/src/lib/form-validation/schemas/shared.schema.ts","statementMap":{"0":{"start":{"line":1,"column":0},"end":{"line":1,"column":26}},"1":{"start":{"line":2,"column":0},"end":{"line":2,"column":29}},"2":{"start":{"line":4,"column":22},"end":{"line":4,"column":37}},"3":{"start":{"line":5,"column":26},"end":{"line":5,"column":34}},"4":{"start":{"line":6,"column":32},"end":{"line":6,"column":48}},"5":{"start":{"line":8,"column":19},"end":{"line":8,"column":61}},"6":{"start":{"line":10,"column":2},"end":{"line":10,"column":153}},"7":{"start":{"line":12,"column":13},"end":{"line":12,"column":61}},"8":{"start":{"line":14,"column":13},"end":{"line":37,"column":2}},"9":{"start":{"line":18,"column":4},"end":{"line":20,"column":null}},"10":{"start":{"line":19,"column":6},"end":{"line":19,"column":18}},"11":{"start":{"line":22,"column":26},"end":{"line":22,"column":51}},"12":{"start":{"line":23,"column":27},"end":{"line":23,"column":62}},"13":{"start":{"line":24,"column":4},"end":{"line":26,"column":null}},"14":{"start":{"line":25,"column":6},"end":{"line":25,"column":18}},"15":{"start":{"line":27,"column":4},"end":{"line":35,"column":null}},"16":{"start":{"line":28,"column":6},"end":{"line":30,"column":9}},"17":{"start":{"line":32,"column":6},"end":{"line":34,"column":9}},"18":{"start":{"line":39,"column":13},"end":{"line":39,"column":67}},"19":{"start":{"line":41,"column":13},"end":{"line":45,"column":5}},"20":{"start":{"line":44,"column":4},"end":{"line":44,"column":34}}},"fnMap":{"0":{"name":"(anonymous_1)","decl":{"start":{"line":17,"column":2},"end":{"line":17,"column":12}},"loc":{"start":{"line":17,"column":17},"end":{"line":36,"column":3}}},"1":{"name":"(anonymous_2)","decl":{"start":{"line":43,"column":56},"end":{"line":43,"column":57}},"loc":{"start":{"line":43,"column":66},"end":{"line":45,"column":3}}}},"branchMap":{"0":{"loc":{"start":{"line":18,"column":4},"end":{"line":20,"column":null}},"type":"if","locations":[{"start":{"line":18,"column":4},"end":{"line":20,"column":null}}]},"1":{"loc":{"start":{"line":24,"column":4},"end":{"line":26,"column":null}},"type":"if","locations":[{"start":{"line":24,"column":4},"end":{"line":26,"column":null}}]},"2":{"loc":{"start":{"line":24,"column":8},"end":{"line":24,"column":39}},"type":"binary-expr","locations":[{"start":{"line":24,"column":8},"end":{"line":24,"column":21}},{"start":{"line":24,"column":25},"end":{"line":24,"column":39}}]},"3":{"loc":{"start":{"line":27,"column":4},"end":{"line":35,"column":null}},"type":"if","locations":[{"start":{"line":27,"column":4},"end":{"line":35,"column":null}},{"start":{"line":31,"column":11},"end":{"line":35,"column":null}}]}},"s":{"0":9,"1":9,"2":9,"3":9,"4":9,"5":9,"6":9,"7":9,"8":9,"9":54,"10":1,"11":53,"12":53,"13":53,"14":49,"15":4,"16":2,"17":2,"18":9,"19":9,"20":65},"f":{"0":54,"1":65},"b":{"0":[1],"1":[49],"2":[53,6],"3":[2,2]}}
,"/Users/danielwerner/Repos/leasing-application-service/src/lib/form-validation/schemas/yardi.schema.ts": {"path":"/Users/danielwerner/Repos/leasing-application-service/src/lib/form-validation/schemas/yardi.schema.ts","statementMap":{"0":{"start":{"line":1,"column":0},"end":{"line":1,"column":37}},"1":{"start":{"line":3,"column":13},"end":{"line":37,"column":3}}},"fnMap":{},"branchMap":{},"s":{"0":1,"1":1},"f":{},"b":{}}
,"/Users/danielwerner/Repos/leasing-application-service/src/lib/form-validation/schemas/form-data/coapplicants.schema.ts": {"path":"/Users/danielwerner/Repos/leasing-application-service/src/lib/form-validation/schemas/form-data/coapplicants.schema.ts","statementMap":{"0":{"start":{"line":1,"column":0},"end":{"line":1,"column":53}},"1":{"start":{"line":3,"column":0},"end":{"line":3,"column":67}},"2":{"start":{"line":5,"column":13},"end":{"line":27,"column":3}},"3":{"start":{"line":12,"column":2},"end":{"line":14,"column":null}},"4":{"start":{"line":13,"column":4},"end":{"line":13,"column":16}},"5":{"start":{"line":16,"column":21},"end":{"line":18,"column":10}},"6":{"start":{"line":17,"column":15},"end":{"line":17,"column":42}},"7":{"start":{"line":20,"column":2},"end":{"line":24,"column":null}},"8":{"start":{"line":21,"column":4},"end":{"line":23,"column":7}},"9":{"start":{"line":26,"column":2},"end":{"line":26,"column":14}},"10":{"start":{"line":29,"column":15},"end":{"line":41,"column":2}},"11":{"start":{"line":33,"column":6},"end":{"line":35,"column":null}},"12":{"start":{"line":34,"column":8},"end":{"line":34,"column":29}},"13":{"start":{"line":37,"column":6},"end":{"line":37,"column":28}},"14":{"start":{"line":43,"column":0},"end":{"line":43,"column":22}}},"fnMap":{"0":{"name":"(anonymous_0)","decl":{"start":{"line":11,"column":49},"end":{"line":11,"column":59}},"loc":{"start":{"line":11,"column":64},"end":{"line":27,"column":1}}},"1":{"name":"(anonymous_1)","decl":{"start":{"line":17,"column":4},"end":{"line":17,"column":5}},"loc":{"start":{"line":17,"column":15},"end":{"line":17,"column":42}}},"2":{"name":"(anonymous_2)","decl":{"start":{"line":32,"column":4},"end":{"line":32,"column":5}},"loc":{"start":{"line":32,"column":39},"end":{"line":38,"column":5}}}},"branchMap":{"0":{"loc":{"start":{"line":12,"column":2},"end":{"line":14,"column":null}},"type":"if","locations":[{"start":{"line":12,"column":2},"end":{"line":14,"column":null}}]},"1":{"loc":{"start":{"line":12,"column":6},"end":{"line":12,"column":49}},"type":"binary-expr","locations":[{"start":{"line":12,"column":6},"end":{"line":12,"column":18}},{"start":{"line":12,"column":22},"end":{"line":12,"column":49}}]},"2":{"loc":{"start":{"line":20,"column":2},"end":{"line":24,"column":null}},"type":"if","locations":[{"start":{"line":20,"column":2},"end":{"line":24,"column":null}}]},"3":{"loc":{"start":{"line":33,"column":6},"end":{"line":35,"column":null}},"type":"if","locations":[{"start":{"line":33,"column":6},"end":{"line":35,"column":null}}]}},"s":{"0":3,"1":3,"2":3,"3":5,"4":2,"5":3,"6":6,"7":3,"8":1,"9":2,"10":3,"11":18,"12":14,"13":4,"14":3},"f":{"0":5,"1":6,"2":18},"b":{"0":[2],"1":[5,4],"2":[1],"3":[14]}}
,"/Users/danielwerner/Repos/leasing-application-service/src/lib/form-validation/schemas/form-data/documents.schema.ts": {"path":"/Users/danielwerner/Repos/leasing-application-service/src/lib/form-validation/schemas/form-data/documents.schema.ts","statementMap":{"0":{"start":{"line":1,"column":0},"end":{"line":1,"column":38}},"1":{"start":{"line":3,"column":15},"end":{"line":5,"column":2}},"2":{"start":{"line":7,"column":0},"end":{"line":7,"column":22}}},"fnMap":{},"branchMap":{},"s":{"0":2,"1":2,"2":2},"f":{},"b":{}}
,"/Users/danielwerner/Repos/leasing-application-service/src/lib/form-validation/schemas/form-data/employment.schema.ts": {"path":"/Users/danielwerner/Repos/leasing-application-service/src/lib/form-validation/schemas/form-data/employment.schema.ts","statementMap":{"0":{"start":{"line":1,"column":0},"end":{"line":1,"column":64}},"1":{"start":{"line":2,"column":0},"end":{"line":2,"column":57}},"2":{"start":{"line":4,"column":21},"end":{"line":6,"column":31}},"3":{"start":{"line":8,"column":15},"end":{"line":38,"column":2}},"4":{"start":{"line":42,"column":0},"end":{"line":42,"column":22}}},"fnMap":{},"branchMap":{},"s":{"0":3,"1":3,"2":3,"3":3,"4":3},"f":{},"b":{}}
,"/Users/danielwerner/Repos/leasing-application-service/src/lib/form-validation/schemas/form-data/general.schema.ts": {"path":"/Users/danielwerner/Repos/leasing-application-service/src/lib/form-validation/schemas/form-data/general.schema.ts","statementMap":{"0":{"start":{"line":1,"column":0},"end":{"line":1,"column":63}},"1":{"start":{"line":2,"column":0},"end":{"line":2,"column":26}},"2":{"start":{"line":3,"column":0},"end":{"line":3,"column":48}},"3":{"start":{"line":5,"column":0},"end":{"line":5,"column":null}},"4":{"start":{"line":11,"column":15},"end":{"line":86,"column":2}},"5":{"start":{"line":29,"column":8},"end":{"line":34,"column":null}},"6":{"start":{"line":33,"column":10},"end":{"line":33,"column":52}},"7":{"start":{"line":36,"column":8},"end":{"line":40,"column":null}},"8":{"start":{"line":37,"column":10},"end":{"line":39,"column":13}},"9":{"start":{"line":42,"column":26},"end":{"line":42,"column":38}},"10":{"start":{"line":43,"column":8},"end":{"line":47,"column":null}},"11":{"start":{"line":44,"column":10},"end":{"line":46,"column":13}},"12":{"start":{"line":49,"column":8},"end":{"line":53,"column":null}},"13":{"start":{"line":50,"column":10},"end":{"line":52,"column":13}},"14":{"start":{"line":55,"column":8},"end":{"line":55,"column":20}},"15":{"start":{"line":61,"column":47},"end":{"line":61,"column":53}},"16":{"start":{"line":62,"column":28},"end":{"line":64,"column":29}},"17":{"start":{"line":66,"column":6},"end":{"line":66,"column":55}},"18":{"start":{"line":74,"column":67},"end":{"line":74,"column":74}},"19":{"start":{"line":75,"column":8},"end":{"line":77,"column":null}},"20":{"start":{"line":76,"column":10},"end":{"line":76,"column":38}},"21":{"start":{"line":79,"column":8},"end":{"line":81,"column":null}},"22":{"start":{"line":80,"column":10},"end":{"line":80,"column":46}},"23":{"start":{"line":83,"column":8},"end":{"line":83,"column":20}},"24":{"start":{"line":90,"column":0},"end":{"line":90,"column":22}}},"fnMap":{"0":{"name":"(anonymous_1)","decl":{"start":{"line":28,"column":6},"end":{"line":28,"column":7}},"loc":{"start":{"line":28,"column":60},"end":{"line":56,"column":7}}},"1":{"name":"(anonymous_2)","decl":{"start":{"line":60,"column":56},"end":{"line":60,"column":57}},"loc":{"start":{"line":60,"column":78},"end":{"line":67,"column":5}}},"2":{"name":"(anonymous_3)","decl":{"start":{"line":73,"column":6},"end":{"line":73,"column":7}},"loc":{"start":{"line":73,"column":52},"end":{"line":84,"column":7}}}},"branchMap":{"0":{"loc":{"start":{"line":28,"column":27},"end":{"line":28,"column":39}},"type":"default-arg","locations":[{"start":{"line":28,"column":37},"end":{"line":28,"column":39}}]},"1":{"loc":{"start":{"line":29,"column":8},"end":{"line":34,"column":null}},"type":"if","locations":[{"start":{"line":29,"column":8},"end":{"line":34,"column":null}}]},"2":{"loc":{"start":{"line":30,"column":10},"end":{"line":31,"column":26}},"type":"binary-expr","locations":[{"start":{"line":30,"column":10},"end":{"line":30,"column":66}},{"start":{"line":31,"column":10},"end":{"line":31,"column":26}}]},"3":{"loc":{"start":{"line":36,"column":8},"end":{"line":40,"column":null}},"type":"if","locations":[{"start":{"line":36,"column":8},"end":{"line":40,"column":null}}]},"4":{"loc":{"start":{"line":36,"column":12},"end":{"line":36,"column":60}},"type":"binary-expr","locations":[{"start":{"line":36,"column":12},"end":{"line":36,"column":35}},{"start":{"line":36,"column":39},"end":{"line":36,"column":60}}]},"5":{"loc":{"start":{"line":43,"column":8},"end":{"line":47,"column":null}},"type":"if","locations":[{"start":{"line":43,"column":8},"end":{"line":47,"column":null}}]},"6":{"loc":{"start":{"line":49,"column":8},"end":{"line":53,"column":null}},"type":"if","locations":[{"start":{"line":49,"column":8},"end":{"line":53,"column":null}}]},"7":{"loc":{"start":{"line":73,"column":7},"end":{"line":73,"column":17}},"type":"default-arg","locations":[{"start":{"line":73,"column":15},"end":{"line":73,"column":17}}]},"8":{"loc":{"start":{"line":73,"column":32},"end":{"line":73,"column":44}},"type":"default-arg","locations":[{"start":{"line":73,"column":42},"end":{"line":73,"column":44}}]},"9":{"loc":{"start":{"line":75,"column":8},"end":{"line":77,"column":null}},"type":"if","locations":[{"start":{"line":75,"column":8},"end":{"line":77,"column":null}}]},"10":{"loc":{"start":{"line":75,"column":12},"end":{"line":75,"column":72}},"type":"binary-expr","locations":[{"sta
[...]
lumn":0},"end":{"line":5,"column":90}},"3":{"start":{"line":7,"column":0},"end":{"line":7,"column":80}},"4":{"start":{"line":9,"column":0},"end":{"line":9,"column":50}},"5":{"start":{"line":15,"column":39},"end":{"line":31,"column":1}},"6":{"start":{"line":18,"column":2},"end":{"line":30,"column":4}},"7":{"start":{"line":15,"column":13},"end":{"line":15,"column":39}},"8":{"start":{"line":33,"column":41},"end":{"line":43,"column":1}},"9":{"start":{"line":37,"column":20},"end":{"line":37,"column":63}},"10":{"start":{"line":38,"column":35},"end":{"line":38,"column":71}},"11":{"start":{"line":40,"column":2},"end":{"line":40,"column":54}},"12":{"start":{"line":42,"column":2},"end":{"line":42,"column":19}},"13":{"start":{"line":33,"column":13},"end":{"line":33,"column":41}},"14":{"start":{"line":45,"column":46},"end":{"line":99,"column":1}},"15":{"start":{"line":52,"column":6},"end":{"line":52,"column":51}},"16":{"start":{"line":54,"column":23},"end":{"line":57,"column":4}},"17":{"start":{"line":59,"column":27},"end":{"line":63,"column":4}},"18":{"start":{"line":65,"column":21},"end":{"line":92,"column":4}},"19":{"start":{"line":94,"column":2},"end":{"line":98,"column":4}},"20":{"start":{"line":45,"column":13},"end":{"line":45,"column":46}},"21":{"start":{"line":101,"column":31},"end":{"line":125,"column":1}},"22":{"start":{"line":104,"column":27},"end":{"line":104,"column":70}},"23":{"start":{"line":105,"column":20},"end":{"line":107,"column":null}},"24":{"start":{"line":110,"column":27},"end":{"line":116,"column":4}},"25":{"start":{"line":118,"column":2},"end":{"line":118,"column":73}},"26":{"start":{"line":119,"column":2},"end":{"line":119,"column":61}},"27":{"start":{"line":120,"column":2},"end":{"line":120,"column":76}},"28":{"start":{"line":122,"column":2},"end":{"line":122,"column":50}},"29":{"start":{"line":124,"column":2},"end":{"line":124,"column":21}},"30":{"start":{"line":101,"column":13},"end":{"line":101,"column":31}},"31":{"start":{"line":127,"column":37},"end":{"line":139,"column":1}},"32":{"start":{"line":132,"column":6},"end":{"line":132,"column":17}},"33":{"start":{"line":134,"column":2},"end":{"line":136,"column":null}},"34":{"start":{"line":135,"column":4},"end":{"line":135,"column":23}},"35":{"start":{"line":138,"column":2},"end":{"line":138,"column":44}},"36":{"start":{"line":127,"column":13},"end":{"line":127,"column":37}}},"fnMap":{"0":{"name":"(anonymous_1)","decl":{"start":{"line":15,"column":39},"end":{"line":15,"column":null}},"loc":{"start":{"line":17,"column":20},"end":{"line":31,"column":1}}},"1":{"name":"(anonymous_2)","decl":{"start":{"line":33,"column":41},"end":{"line":33,"column":null}},"loc":{"start":{"line":36,"column":20},"end":{"line":43,"column":1}}},"2":{"name":"(anonymous_3)","decl":{"start":{"line":45,"column":46},"end":{"line":45,"column":null}},"loc":{"start":{"line":47,"column":20},"end":{"line":99,"column":1}}},"3":{"name":"(anonymous_4)","decl":{"start":{"line":101,"column":31},"end":{"line":101,"column":36}},"loc":{"start":{"line":103,"column":26},"end":{"line":125,"column":1}}},"4":{"name":"(anonymous_5)","decl":{"start":{"line":127,"column":37},"end":{"line":127,"column":42}},"loc":{"start":{"line":129,"column":26},"end":{"line":139,"column":1}}}},"branchMap":{"0":{"loc":{"start":{"line":77,"column":20},"end":{"line":77,"column":48}},"type":"binary-expr","locations":[{"start":{"line":77,"column":20},"end":{"line":77,"column":38}},{"start":{"line":77,"column":42},"end":{"line":77,"column":48}}]},"1":{"loc":{"start":{"line":83,"column":16},"end":{"line":83,"column":54}},"type":"binary-expr","locations":[{"start":{"line":83,"column":16},"end":{"line":83,"column":48}},{"start":{"line":83,"column":52},"end":{"line":83,"column":54}}]},"2":{"loc":{"start":{"line":84,"column":17},"end":{"line":84,"column":56}},"type":"binary-expr","locations":[{"start":{"line":84,"column":17},"end":{"line":84,"column":50}},{"start":{"line":84,"column":54},"end":{"line":84,"column":56}}]},"3":{"loc":{"start":{"line":85,"column":23},"end":{"line":85,"column":64}},"type":"binary-expr","locations":[{"start":{"line":85,"column":23},"end":{"line":85,"column":58}},{"start":{"line":85,"column":62},"end":{"line":85,"column":64}}]},"4":{"loc":{"start":{"line":134,"column":2},"end":{"line":136,"column":null}},"type":"if","locations":[{"start":{"line":134,"column":2},"end":{"line":136,"column":null}}]}},"s":{"0":1,"1":1,"2":1,"3":1,"4":1,"5":1,"6":1,"7":1,"8":1,"9":1,"10":1,"11":1,"12":1,"13":1,"14":1,"15":3,"16":3,"17":3,"18":3,"19":3,"20":1,"21":1,"22":1,"23":1,"24":1,"25":1,"26":1,"27":1,"28":1,"29":1,"30":1,"31":1,"32":2,"33":2,"34":1,"35":1,"36":1},"f":{"0":1,"1":1,"2":3,"3":1,"4":2},"b":{"0":[3,1],"1":[3,1],"2":[3,1],"3":[3,1],"4":[1]}}
,"/Users/danielwerner/Repos/leasing-application-service/src/lib/utils/jwt.ts": {"path":"/Users/danielwerner/Repos/leasing-application-service/src/lib/utils/jwt.ts","statementMap":{"0":{"start":{"line":1,"column":0},"end":{"line":1,"column":36}},"1":{"start":{"line":3,"column":25},"end":{"line":11,"column":1}},"2":{"start":{"line":4,"column":26},"end":{"line":4,"column":39}},"3":{"start":{"line":6,"column":2},"end":{"line":8,"column":null}},"4":{"start":{"line":7,"column":4},"end":{"line":7,"column":44}},"5":{"start":{"line":10,"column":2},"end":{"line":10,"column":59}},"6":{"start":{"line":3,"column":13},"end":{"line":3,"column":25}}},"fnMap":{"0":{"name":"(anonymous_1)","decl":{"start":{"line":3,"column":25},"end":{"line":3,"column":26}},"loc":{"start":{"line":3,"column":35},"end":{"line":11,"column":1}}}},"branchMap":{"0":{"loc":{"start":{"line":6,"column":2},"end":{"line":8,"column":null}},"type":"if","locations":[{"start":{"line":6,"column":2},"end":{"line":8,"column":null}}]}},"s":{"0":19,"1":19,"2":2,"3":2,"4":1,"5":2,"6":19},"f":{"0":2},"b":{"0":[1]}}
,"/Users/danielwerner/Repos/leasing-application-service/src/lib/utils/mask-pii-info.ts": {"path":"/Users/danielwerner/Repos/leasing-application-service/src/lib/utils/mask-pii-info.ts","statementMap":{"0":{"start":{"line":1,"column":27},"end":{"line":15,"column":1}},"1":{"start":{"line":2,"column":2},"end":{"line":4,"column":null}},"2":{"start":{"line":3,"column":4},"end":{"line":3,"column":15}},"3":{"start":{"line":6,"column":2},"end":{"line":8,"column":null}},"4":{"start":{"line":7,"column":4},"end":{"line":7,"column":17}},"5":{"start":{"line":10,"column":24},"end":{"line":10,"column":54}},"6":{"start":{"line":11,"column":17},"end":{"line":11,"column":42}},"7":{"start":{"line":12,"column":17},"end":{"line":12,"column":64}},"8":{"start":{"line":14,"column":2},"end":{"line":14,"column":25}},"9":{"start":{"line":1,"column":13},"end":{"line":1,"column":27}}},"fnMap":{"0":{"name":"(anonymous_0)","decl":{"start":{"line":1,"column":27},"end":{"line":1,"column":28}},"loc":{"start":{"line":1,"column":67},"end":{"line":15,"column":1}}}},"branchMap":{"0":{"loc":{"start":{"line":1,"column":44},"end":{"line":1,"column":63}},"type":"default-arg","locations":[{"start":{"line":1,"column":62},"end":{"line":1,"column":63}}]},"1":{"loc":{"start":{"line":2,"column":2},"end":{"line":4,"column":null}},"type":"if","locations":[{"start":{"line":2,"column":2},"end":{"line":4,"column":null}}]},"2":{"loc":{"start":{"line":6,"column":2},"end":{"line":8,"column":null}},"type":"if","locations":[{"start":{"line":6,"column":2},"end":{"line":8,"column":null}}]}},"s":{"0":3,"1":9,"2":1,"3":8,"4":1,"5":7,"6":7,"7":7,"8":7,"9":3},"f":{"0":9},"b":{"0":[6],"1":[1],"2":[1]}}
,"/Users/danielwerner/Repos/leasing-application-service/src/lib/utils/method-of-contact.ts": {"path":"/Users/danielwerner/Repos/leasing-application-service/src/lib/utils/method-of-contact.ts","statementMap":{"0":{"start":{"line":1,"column":31},"end":{"line":12,"column":1}},"1":{"start":{"line":2,"column":2},"end":{"line":4,"column":null}},"2":{"start":{"line":3,"column":4},"end":{"line":3,"column":48}},"3":{"start":{"line":7,"column":4},"end":{"line":9,"column":14}},"4":{"start":{"line":11,"column":2},"end":{"line":11,"column":34}},"5":{"start":{"line":1,"column":13},"end":{"line":1,"column":31}}},"fnMap":{"0":{"name":"(anonymous_0)","decl":{"start":{"line":1,"column":31},"end":{"line":1,"column":32}},"loc":{"start":{"line":1,"column":78},"end":{"line":12,"column":1}}}},"branchMap":{"0":{"loc":{"start":{"line":2,"column":2},"end":{"line":4,"column":null}},"type":"if","locations":[{"start":{"line":2,"column":2},"end":{"line":4,"column":null}}]},"1":{"loc":{"start":{"line":7,"column":4},"end":{"line":9,"column":14}},"type":"cond-expr","locations":[{"start":{"line":8,"column":8},"end":{"line":8,"column":21}},{"start":{"line":9,"column":8},"end":{"line":9,"column":14}}]},"2":{"loc":{"start":{"line":7,"column":4},"end":{"line":7,"column":55}},"type":"binary-expr","locations":[{"start":{"line":7,"column":4},"end":{"line":7,"column":31}},{"start":{"line":7,"column":35},"end":{"line":7,"column":55}}]}},"s":{"0":2,"1":6,"2":1,"3":5,"4":5,"5":2},"f":{"0":6},"b":{"0":[1],"1":[3,2],"2":[5,4]}}
,"/Users/danielwerner/Repos/leasing-application-service/src/lib/utils/payment-amount.ts": {"path":"/Users/danielwerner/Repos/leasing-application-service/src/lib/utils/payment-amount.ts","statementMap":{"0":{"start":{"line":2,"column":0},"end":{"line":2,"column":52}},"1":{"start":{"line":4,"column":31},"end":{"line":11,"column":1}},"2":{"start":{"line":5,"column":2},"end":{"line":10,"column":null}},"3":{"start":{"line":7,"column":6},"end":{"line":7,"column":16}},"4":{"start":{"line":9,"column":6},"end":{"line":9,"column":16}},"5":{"start":{"line":4,"column":13},"end":{"line":4,"column":31}},"6":{"start":{"line":13,"column":38},"end":{"line":18,"column":1}},"7":{"start":{"line":17,"column":2},"end":{"line":17,"column":42}},"8":{"start":{"line":13,"column":13},"end":{"line":13,"column":38}},"9":{"start":{"line":20,"column":37},"end":{"line":46,"column":1}},"10":{"start":{"line":26,"column":41},"end":{"line":26,"column":52}},"11":{"start":{"line":28,"column":2},"end":{"line":30,"column":null}},"12":{"start":{"line":29,"column":4},"end":{"line":29,"column":11}},"13":{"start":{"line":32,"column":2},"end":{"line":36,"column":null}},"14":{"start":{"line":33,"column":4},"end":{"line":35,"column":6}},"15":{"start":{"line":38,"column":23},"end":{"line":38,"column":50}},"16":{"start":{"line":39,"column":24},"end":{"line":39,"column":72}},"17":{"start":{"line":41,"column":2},"end":{"line":45,"column":null}},"18":{"start":{"line":42,"column":4},"end":{"line":44,"column":6}},"19":{"start":{"line":20,"column":13},"end":{"line":20,"column":37}}},"fnMap":{"0":{"name":"(anonymous_0)","decl":{"start":{"line":4,"column":31},"end":{"line":4,"column":32}},"loc":{"start":{"line":4,"column":62},"end":{"line":11,"column":1}}},"1":{"name":"(anonymous_1)","decl":{"start":{"line":13,"column":38},"end":{"line":13,"column":null}},"loc":{"start":{"line":16,"column":4},"end":{"line":18,"column":1}}},"2":{"name":"(anonymous_2)","decl":{"start":{"line":20,"column":37},"end":{"line":20,"column":null}},"loc":{"start":{"line":25,"column":4},"end":{"line":46,"column":1}}}},"branchMap":{"0":{"loc":{"start":{"line":5,"column":2},"end":{"line":10,"column":null}},"type":"switch","locations":[{"start":{"line":6,"column":4},"end":{"line":7,"column":16}},{"start":{"line":8,"column":4},"end":{"line":9,"column":16}}]},"1":{"loc":{"start":{"line":28,"column":2},"end":{"line":30,"column":null}},"type":"if","locations":[{"start":{"line":28,"column":2},"end":{"line":30,"column":null}}]},"2":{"loc":{"start":{"line":32,"column":2},"end":{"line":36,"column":null}},"type":"if","locations":[{"start":{"line":32,"column":2},"end":{"line":36,"column":null}}]},"3":{"loc":{"start":{"line":32,"column":6},"end":{"line":32,"column":77}},"type":"binary-expr","locations":[{"start":{"line":32,"column":6},"end":{"line":32,"column":24}},{"start":{"line":32,"column":28},"end":{"line":32,"column":77}}]},"4":{"loc":{"start":{"line":41,"column":2},"end":{"line":45,"column":null}},"type":"if","locations":[{"start":{"line":41,"column":2},"end":{"line":45,"column":null}}]}},"s":{"0":1,"1":1,"2":4,"3":3,"4":1,"5":1,"6":1,"7":3,"8":1,"9":1,"10":4,"11":4,"12":1,"13":3,"14":1,"15":2,"16":2,"17":2,"18":1,"19":1},"f":{"0":4,"1":3,"2":4},"b":{"0":[3,1],"1":[1],"2":[1],"3":[3,1],"4":[1]}}
,"/Users/danielwerner/Repos/leasing-application-service/src/lib/utils/phone.ts": {"path":"/Users/danielwerner/Repos/leasing-application-service/src/lib/utils/phone.ts","statementMap":{"0":{"start":{"line":1,"column":36},"end":{"line":3,"column":1}},"1":{"start":{"line":2,"column":2},"end":{"line":2,"column":31}},"2":{"start":{"line":1,"column":13},"end":{"line":1,"column":36}}},"fnMap":{"0":{"name":"(anonymous_0)","decl":{"start":{"line":1,"column":36},"end":{"line":1,"column":37}},"loc":{"start":{"line":1,"column":63},"end":{"line":3,"column":1}}}},"branchMap":{},"s":{"0":1,"1":2,"2":1},"f":{"0":2},"b":{}}
,"/Users/danielwerner/Repos/leasing-application-service/src/lib/utils/property.ts": {"path":"/Users/danielwerner/Repos/leasing-application-service/src/lib/utils/property.ts","statementMap":{"0":{"start":{"line":1,"column":0},"end":{"line":1,"column":29}},"1":{"start":{"line":3,"column":22},"end":{"line":6,"column":39}},"2":{"start":{"line":13,"column":27},"end":{"line":22,"column":1}},"3":{"start":{"line":14,"column":2},"end":{"line":14,"column":37}},"4":{"start":{"line":16,"column":35},"end":{"line":16,"column":52}},"5":{"start":{"line":18,"column":2},"end":{"line":21,"column":4}},"6":{"start":{"line":13,"column":13},"end":{"line":13,"column":27}}},"fnMap":{"0":{"name":"(anonymous_0)","decl":{"start":{"line":13,"column":27},"end":{"line":13,"column":28}},"loc":{"start":{"line":13,"column":67},"end":{"line":22,"column":1}}}},"branchMap":{},"s":{"0":1,"1":1,"2":1,"3":3,"4":1,"5":1,"6":1},"f":{"0":3},"b":{}}
,"/Users/danielwerner/Repos/leasing-application-service/src/lib/utils/remove-primary-applicant.ts": {"path":"/Users/danielwerner/Repos/leasing-application-service/src/lib/utils/remove-primary-applicant.ts","statementMap":{"0":{"start":{"line":3,"column":0},"end":{"line":3,"column":null}},"1":{"start":{"line":10,"column":35},"end":{"line":24,"column":1}},"2":{"start":{"line":13,"column":2},"end":{"line":23,"column":4}},"3":{"start":{"line":15,"column":58},"end":{"line":15,"column":74}},"4":{"start":{"line":17,"column":6},"end":{"line":20,"column":8}},"5":{"start":{"line":10,"column":13},"end":{"line":10,"column":35}},"6":{"start":{"line":26,"column":38},"end":{"line":54,"column":1}},"7":{"start":{"line":27,"column":38},"end":{"line":27,"column":50}},"8":{"start":{"line":28,"column":2},"end":{"line":53,"column":4}},"9":{"start":{"line":33,"column":32},"end":{"line":35,"column":17}},"10":{"start":{"line":36,"column":33},"end":{"line":38,"column":17}},"11":{"start":{"line":40,"column":6},"end":{"line":45,"column":null}},"12":{"start":{"line":41,"column":8},"end":{"line":44,"column":10}},"13":{"start":{"line":47,"column":6},"end":{"line":50,"column":8}},"14":{"start":{"line":26,"column":13},"end":{"line":26,"column":38}},"15":{"start":{"line":56,"column":31},"end":{"line":68,"column":1}},"16":{"start":{"line":60,"column":2},"end":{"line":62,"column":null}},"17":{"start":{"line":61,"column":4},"end":{"line":61,"column":26}},"18":{"start":{"line":64,"column":25},"end":{"line":64,"column":53}},"19":{"start":{"line":65,"column":42},"end":{"line":65,"column":73}},"20":{"start":{"line":67,"column":2},"end":{"line":67,"column":19}},"21":{"start":{"line":56,"column":13},"end":{"line":56,"column":31}}},"fnMap":{"0":{"name":"(anonymous_0)","decl":{"start":{"line":10,"column":35},"end":{"line":10,"column":null}},"loc":{"start":{"line":12,"column":4},"end":{"line":24,"column":1}}},"1":{"name":"(anonymous_1)","decl":{"start":{"line":14,"column":4},"end":{"line":14,"column":5}},"loc":{"start":{"line":14,"column":39},"end":{"line":21,"column":5}}},"2":{"name":"(anonymous_2)","decl":{"start":{"line":26,"column":38},"end":{"line":26,"column":39}},"loc":{"start":{"line":26,"column":70},"end":{"line":54,"column":1}}},"3":{"name":"(anonymous_3)","decl":{"start":{"line":32,"column":4},"end":{"line":32,"column":5}},"loc":{"start":{"line":32,"column":68},"end":{"line":51,"column":5}}},"4":{"name":"(anonymous_4)","decl":{"start":{"line":56,"column":31},"end":{"line":56,"column":null}},"loc":{"start":{"line":59,"column":4},"end":{"line":68,"column":1}}}},"branchMap":{"0":{"loc":{"start":{"line":40,"column":6},"end":{"line":45,"column":null}},"type":"if","locations":[{"start":{"line":40,"column":6},"end":{"line":45,"column":null}}]},"1":{"loc":{"start":{"line":60,"column":2},"end":{"line":62,"column":null}},"type":"if","locations":[{"start":{"line":60,"column":2},"end":{"line":62,"column":null}}]},"2":{"loc":{"start":{"line":64,"column":10},"end":{"line":64,"column":20}},"type":"default-arg","locations":[{"start":{"line":64,"column":18},"end":{"line":64,"column":20}}]}},"s":{"0":1,"1":1,"2":1,"3":2,"4":2,"5":1,"6":1,"7":3,"8":3,"9":6,"10":6,"11":6,"12":3,"13":3,"14":1,"15":1,"16":3,"17":1,"18":2,"19":2,"20":2,"21":1},"f":{"0":1,"1":2,"2":3,"3":6,"4":3},"b":{"0":[3],"1":[1],"2":[1]}}
,"/Users/danielwerner/Repos/leasing-application-service/src/lib/utils/validate-payment-data.ts": {"path":"/Users/danielwerner/Repos/leasing-application-service/src/lib/utils/validate-payment-data.ts","statementMap":{"0":{"start":{"line":1,"column":0},"end":{"line":1,"column":29}},"1":{"start":{"line":2,"column":0},"end":{"line":2,"column":72}},"2":{"start":{"line":3,"column":0},"end":{"line":3,"column":52}},"3":{"start":{"line":9,"column":35},"end":{"line":44,"column":1}},"4":{"start":{"line":13,"column":34},"end":{"line":15,"column":47}},"5":{"start":{"line":17,"column":24},"end":{"line":18,"column":null}},"6":{"start":{"line":21,"column":29},"end":{"line":21,"column":51}},"7":{"start":{"line":23,"column":41},"end":{"line":24,"column":null}},"8":{"start":{"line":27,"column":2},"end":{"line":31,"column":null}},"9":{"start":{"line":28,"column":4},"end":{"line":30,"column":6}},"10":{"start":{"line":33,"column":2},"end":{"line":37,"column":null}},"11":{"start":{"line":34,"column":4},"end":{"line":36,"column":6}},"12":{"start":{"line":39,"column":2},"end":{"line":43,"column":null}},"13":{"start":{"line":40,"column":4},"end":{"line":42,"column":6}},"14":{"start":{"line":9,"column":13},"end":{"line":9,"column":35}},"15":{"start":{"line":46,"column":0},"end":{"line":46,"column":35}}},"fnMap":{"0":{"name":"(anonymous_0)","decl":{"start":{"line":9,"column":35},"end":{"line":9,"column":null}},"loc":{"start":{"line":12,"column":4},"end":{"line":44,"column":1}}}},"branchMap":{"0":{"loc":{"start":{"line":27,"column":2},"end":{"line":31,"column":null}},"type":"if","locations":[{"start":{"line":27,"column":2},"end":{"line":31,"column":null}}]},"1":{"loc":{"start":{"line":27,"column":6},"end":{"line":27,"column":60}},"type":"binary-expr","locations":[{"start":{"line":27,"column":6},"end":{"line":27,"column":25}},{"start":{"line":27,"column":29},"end":{"line":27,"column":60}}]},"2":{"loc":{"start":{"line":33,"column":2},"end":{"line":37,"column":null}},"type":"if","locations":[{"start":{"line":33,"column":2},"end":{"line":37,"column":null}}]},"3":{"loc":{"start":{"line":33,"column":6},"end":{"line":33,"column":43}},"type":"binary-expr","locations":[{"start":{"line":33,"column":6},"end":{"line":33,"column":25}},{"start":{"line":33,"column":29},"end":{"line":33,"column":43}}]},"4":{"loc":{"start":{"line":39,"column":2},"end":{"line":43,"column":null}},"type":"if","locations":[{"start":{"line":39,"column":2},"end":{"line":43,"column":null}}]},"5":{"loc":{"start":{"line":39,"column":6},"end":{"line":39,"column":50}},"type":"binary-expr","locations":[{"start":{"line":39,"column":6},"end":{"line":39,"column":20}},{"start":{"line":39,"column":24},"end":{"line":39,"column":50}}]}},"s":{"0":2,"1":2,"2":2,"3":2,"4":15,"5":15,"6":15,"7":15,"8":15,"9":4,"10":11,"11":2,"12":9,"13":2,"14":2,"15":2},"f":{"0":15},"b":{"0":[4],"1":[15,11],"2":[2],"3":[11,7],"4":[2],"5":[9,2]}}
}
