TN:
SF:src/functions/DeleteApplication/index.ts
FN:7,(anonymous_0)
FNF:1
FNH:1
FNDA:2,(anonymous_0)
DA:2,1
DA:3,1
DA:4,1
DA:7,1
DA:11,2
DA:12,1
DA:15,1
DA:17,1
DA:19,1
DA:26,1
LF:10
LH:10
BRDA:11,0,0,1
BRF:1
BRH:1
end_of_record
TN:
SF:src/functions/DeleteDocument/index.ts
FN:7,(anonymous_0)
FNF:1
FNH:1
FNDA:2,(anonymous_0)
DA:2,1
DA:3,1
DA:4,1
DA:7,1
DA:11,2
DA:17,2
DA:19,1
DA:21,1
DA:28,1
LF:9
LH:9
BRF:0
BRH:0
end_of_record
TN:
SF:src/functions/DeletePaymentType/index.ts
FN:8,(anonymous_0)
FNF:1
FNH:1
FNDA:1,(anonymous_0)
DA:3,1
DA:5,1
DA:8,1
DA:12,1
DA:14,1
DA:21,1
LF:6
LH:6
BRF:0
BRH:0
end_of_record
TN:
SF:src/functions/GetApplication/index.ts
FN:8,(anonymous_0)
FNF:1
FNH:1
FNDA:1,(anonymous_0)
DA:2,1
DA:3,1
DA:6,1
DA:8,1
DA:12,1
DA:13,1
DA:15,1
DA:25,1
LF:8
LH:8
BRF:0
BRH:0
end_of_record
TN:
SF:src/functions/GetApplicationSummary/index.ts
FN:8,(anonymous_0)
FNF:1
FNH:1
FNDA:1,(anonymous_0)
DA:3,1
DA:5,1
DA:8,1
DA:12,1
DA:14,1
DA:22,1
LF:6
LH:6
BRF:0
BRH:0
end_of_record
TN:
SF:src/functions/GetCardPaymentForm/index.ts
FN:9,(anonymous_0)
FNF:1
FNH:1
FNDA:1,(anonymous_0)
DA:2,1
DA:4,1
DA:6,1
DA:9,1
DA:13,1
DA:20,1
DA:24,1
DA:30,1
DA:36,1
LF:9
LH:9
BRF:0
BRH:0
end_of_record
TN:
SF:src/functions/GetCustomerSummaries/index.ts
FN:9,(anonymous_0)
FN:27,(anonymous_1)
FNF:2
FNH:2
FNDA:2,(anonymous_0)
FNDA:1,(anonymous_1)
DA:2,1
DA:3,1
DA:4,1
DA:6,1
DA:7,1
DA:9,1
DA:13,2
DA:17,2
DA:19,2
DA:20,1
DA:25,1
DA:26,1
DA:28,1
DA:32,1
DA:42,1
LF:15
LH:15
BRDA:19,0,0,1
BRF:1
BRH:1
end_of_record
TN:
SF:src/functions/GetDocument/index.ts
FN:7,(anonymous_0)
FNF:1
FNH:1
FNDA:2,(anonymous_0)
DA:2,1
DA:3,1
DA:5,1
DA:7,1
DA:11,2
DA:15,2
DA:17,1
DA:19,1
DA:26,1
LF:9
LH:9
BRF:0
BRH:0
end_of_record
TN:
SF:src/functions/GetDocumentsList/index.ts
FN:6,(anonymous_0)
FNF:1
FNH:1
FNDA:1,(anonymous_0)
DA:2,1
DA:3,1
DA:6,1
DA:10,1
DA:12,1
DA:19,1
LF:6
LH:6
BRF:0
BRH:0
end_of_record
TN:
SF:src/functions/GetLinkedApplications/index.ts
FN:6,(anonymous_0)
FNF:1
FNH:1
FNDA:1,(anonymous_0)
DA:2,1
DA:3,1
DA:6,1
DA:10,1
DA:12,1
DA:21,1
LF:6
LH:6
BRF:0
BRH:0
end_of_record
TN:
SF:src/functions/GetPaymentSummary/index.ts
FN:6,(anonymous_0)
FNF:1
FNH:1
FNDA:1,(anonymous_0)
DA:2,1
DA:3,1
DA:6,1
DA:10,1
DA:12,1
DA:19,1
LF:6
LH:6
BRF:0
BRH:0
end_of_record
TN:
SF:src/functions/PatchCoapplicantCustomer/index.ts
FN:8,(anonymous_0)
FNF:1
FNH:1
FNDA:2,(anonymous_0)
DA:2,1
DA:3,1
DA:4,1
DA:6,1
DA:8,1
DA:12,2
DA:19,2
DA:23,1
DA:29,1
DA:36,1
LF:10
LH:10
BRF:0
BRH:0
end_of_record
TN:
SF:src/functions/PatchCompleteApplication/index.ts
FN:6,(anonymous_0)
FNF:1
FNH:1
FNDA:8,(anonymous_0)
DA:2,1
DA:4,1
DA:5,1
DA:6,1
DA:10,8
DA:14,8
DA:18,7
DA:20,7
DA:29,7
DA:33,2
DA:41,2
DA:48,1
LF:12
LH:12
BRDA:18,0,0,7
BRDA:18,0,1,1
BRDA:30,1,0,7
BRDA:30,1,1,1
BRF:4
BRH:4
end_of_record
TN:
SF:src/functions/PatchFormData/index.ts
FN:8,(anonymous_0)
FNF:1
FNH:1
FNDA:3,(anonymous_0)
DA:2,1
DA:3,1
DA:6,1
DA:8,1
DA:12,3
DA:16,3
DA:20,2
DA:24,2
DA:28,1
DA:33,1
DA:40,1
LF:11
LH:11
BRDA:17,0,0,3
BRDA:17,0,1,1
BRF:2
BRH:2
end_of_record
TN:
SF:src/functions/PostApplication/index.ts
FN:15,(anonymous_0)
FN:50,(anonymous_1)
FN:67,(anonymous_2)
FNF:3
FNH:3
FNDA:7,(anonymous_0)
FNDA:3,(anonymous_1)
FNDA:3,(anonymous_2)
DA:2,1
DA:3,1
DA:5,1
DA:10,1
DA:11,1
DA:12,1
DA:13,1
DA:15,1
DA:19,7
DA:27,7
DA:30,6
DA:32,6
DA:33,1
DA:38,5
DA:39,5
DA:40,1
DA:45,4
DA:49,4
DA:51,3
DA:55,2
DA:57,1
DA:62,4
DA:66,4
DA:67,3
DA:68,3
DA:75,3
DA:79,2
DA:86,2
DA:92,2
DA:99,1
LF:30
LH:30
BRDA:28,0,0,7
BRDA:28,0,1,1
BRDA:32,1,0,1
BRDA:39,2,0,1
BRDA:51,3,0,2
BRDA:51,3,1,1
BRDA:52,4,0,3
BRDA:52,4,1,2
BRDA:66,5,0,3
BRDA:75,6,0,2
BRDA:76,7,0,3
BRDA:76,7,1,2
BRF:12
BRH:12
end_of_record
TN:
SF:src/functions/PostBankPaymentInfo/index.ts
FN:7,(anonymous_0)
FNF:1
FNH:1
FNDA:2,(anonymous_0)
DA:2,1
DA:3,1
DA:4,1
DA:7,1
DA:11,2
DA:28,2
DA:30,1
DA:32,1
DA:39,1
LF:9
LH:9
BRDA:28,0,0,2
BRDA:28,0,1,1
BRF:2
BRH:2
end_of_record
TN:
SF:src/functions/PostDocument/index.ts
FN:8,(anonymous_0)
FNF:1
FNH:1
FNDA:15,(anonymous_0)
DA:2,1
DA:3,1
DA:5,1
DA:6,1
DA:8,1
DA:12,15
DA:21,15
DA:25,8
DA:31,8
DA:38,1
LF:10
LH:10
BRDA:22,0,0,15
BRDA:22,0,1,1
BRF:2
BRH:2
end_of_record
TN:
SF:src/functions/PostInviteApplicant/index.ts
FN:9,(anonymous_0)
FNF:1
FNH:1
FNDA:3,(anonymous_0)
DA:2,1
DA:4,1
DA:5,1
DA:6,1
DA:7,1
DA:9,1
DA:13,3
DA:19,3
DA:23,2
DA:27,2
DA:31,1
DA:36,1
DA:38,1
DA:45,1
LF:14
LH:14
BRDA:20,0,0,3
BRDA:20,0,1,1
BRDA:27,1,0,1
BRF:3
BRH:3
end_of_record
TN:
SF:src/functions/PrimaryApplicationRemoved/index.ts
FN:25,(anonymous_0)
FNF:1
FNH:1
FNDA:3,(anonymous_0)
DA:2,1
DA:6,1
DA:8,1
DA:21,1
DA:25,1
DA:26,3
DA:27,3
DA:29,3
DA:31,2
DA:34,2
DA:40,1
DA:46,2
DA:47,1
DA:48,1
DA:50,1
DA:53,2
LF:16
LH:16
BRDA:46,0,0,1
BRDA:46,0,1,1
BRF:2
BRH:2
end_of_record
TN:
SF:src/functions/ProcessCustomerVerified/index.ts
FN:8,(anonymous_0)
FNF:1
FNH:1
FNDA:1,(anonymous_0)
DA:2,1
DA:4,1
DA:8,1
DA:9,1
DA:10,1
DA:12,1
LF:6
LH:6
BRF:0
BRH:0
end_of_record
TN:
SF:src/functions/PutAddCoapplicant/index.ts
FN:9,(anonymous_0)
FNF:1
FNH:1
FNDA:5,(anonymous_0)
DA:2,1
DA:4,1
DA:5,1
DA:6,1
DA:7,1
DA:9,1
DA:13,5
DA:23,5
DA:27,4
DA:29,4
DA:30,2
DA:35,2
DA:36,1
DA:39,1
DA:41,1
DA:50,1
LF:16
LH:16
BRDA:24,0,0,5
BRDA:24,0,1,1
BRDA:29,1,0,2
BRDA:35,2,0,1
BRF:4
BRH:4
end_of_record
TN:
SF:src/lib/authorizer/index.ts
FN:20,(anonymous_0)
FN:20,(anonymous_1)
FN:25,(anonymous_2)
FN:25,(anonymous_3)
FN:29,(anonymous_4)
FN:36,(anonymous_5)
FN:37,(anonymous_6)
FN:41,(anonymous_7)
FN:72,(anonymous_8)
FN:89,(anonymous_9)
FNF:10
FNH:10
FNDA:17,(anonymous_0)
FNDA:1,(anonymous_1)
FNDA:3,(anonymous_2)
FNDA:1,(anonymous_3)
FNDA:1,(anonymous_4)
FNDA:5,(anonymous_5)
FNDA:5,(anonymous_6)
FNDA:4,(anonymous_7)
FNDA:3,(anonymous_8)
FNDA:4,(anonymous_9)
DA:1,19
DA:3,19
DA:5,19
DA:6,19
DA:8,19
DA:9,19
DA:17,19
DA:19,19
DA:20,19
DA:21,1
DA:24,19
DA:25,19
DA:26,1
DA:29,19
DA:33,1
DA:36,19
DA:37,5
DA:38,5
DA:42,4
DA:43,1
DA:48,3
DA:52,5
DA:54,3
DA:56,3
DA:58,3
DA:59,1
DA:62,2
DA:63,1
DA:66,1
DA:68,1
DA:72,19
DA:76,3
DA:77,3
DA:78,1
DA:83,1
DA:85,3
DA:89,19
DA:90,4
DA:92,4
DA:93,3
DA:94,1
DA:102,2
DA:103,2
DA:104,1
DA:112,1
DA:114,1
DA:115,1
LF:47
LH:47
BRDA:42,0,0,1
BRDA:58,1,0,1
BRDA:62,2,0,1
BRDA:77,3,0,1
BRDA:93,4,0,1
BRDA:103,5,0,1
BRF:6
BRH:6
end_of_record
TN:
SF:src/lib/connectors/customer-service/index.ts
FN:10,(anonymous_1)
FNF:1
FNH:1
FNDA:2,(anonymous_1)
DA:1,1
DA:8,1
DA:10,1
DA:13,2
DA:14,2
DA:18,2
DA:19,1
DA:22,1
LF:8
LH:8
BRDA:18,0,0,1
BRF:1
BRH:1
end_of_record
TN:
SF:src/lib/connectors/email-service/index.ts
FN:16,(anonymous_1)
FNF:1
FNH:1
FNDA:1,(anonymous_1)
DA:2,1
DA:10,1
DA:12,1
DA:16,1
DA:21,1
DA:22,1
DA:29,1
DA:31,1
LF:8
LH:8
BRF:0
BRH:0
end_of_record
TN:
SF:src/lib/connectors/lambda/index.ts
FN:3,(anonymous_0)
FNF:1
FNH:1
FNDA:1,(anonymous_0)
DA:1,2
DA:3,2
DA:4,1
DA:8,1
LF:4
LH:4
BRF:0
BRH:0
end_of_record
TN:
SF:src/lib/connectors/pls/index.ts
FN:8,(anonymous_1)
FNF:1
FNH:1
FNDA:1,(anonymous_1)
DA:2,1
DA:4,1
DA:8,1
DA:9,1
DA:26,1
DA:28,1
DA:30,1
LF:7
LH:7
BRF:0
BRH:0
end_of_record
TN:
SF:src/lib/connectors/s3/index.ts
FN:45,(anonymous_0)
FN:82,(anonymous_1)
FN:114,(anonymous_2)
FN:132,(anonymous_3)
FN:137,(anonymous_4)
FN:150,(anonymous_5)
FN:159,(anonymous_6)
FN:174,(anonymous_7)
FN:187,(anonymous_8)
FN:188,(anonymous_9)
FN:197,(anonymous_10)
FN:226,(anonymous_11)
FNF:12
FNH:12
FNDA:2,(anonymous_0)
FNDA:2,(anonymous_1)
FNDA:8,(anonymous_2)
FNDA:5,(anonymous_3)
FNDA:12,(anonymous_4)
FNDA:10,(anonymous_5)
FNDA:2,(anonymous_6)
FNDA:3,(anonymous_7)
FNDA:3,(anonymous_8)
FNDA:4,(anonymous_9)
FNDA:5,(anonymous_10)
FNDA:1,(anonymous_11)
DA:1,1
DA:14,1
DA:18,1
DA:36,1
DA:37,1
DA:39,1
DA:43,1
DA:45,1
DA:50,2
DA:54,2
DA:55,1
DA:58,1
DA:59,1
DA:60,1
DA:61,1
DA:62,1
DA:67,1
DA:69,1
DA:74,1
DA:79,1
DA:82,1
DA:87,2
DA:92,2
DA:93,2
DA:95,2
DA:96,2
DA:97,1
DA:100,1
DA:102,1
DA:106,1
DA:111,1
DA:114,1
DA:117,8
DA:122,8
DA:123,8
DA:125,8
DA:126,1
DA:129,7
DA:132,1
DA:135,5
DA:137,5
DA:138,12
DA:139,12
DA:141,12
DA:142,2
DA:145,10
DA:148,5
DA:150,5
DA:151,10
DA:152,1
DA:155,9
DA:159,1
DA:162,2
DA:163,1
DA:166,1
DA:171,1
DA:174,1
DA:175,3
DA:177,3
DA:178,2
DA:181,1
DA:182,1
DA:184,1
DA:187,1
DA:188,4
DA:190,3
DA:191,2
DA:194,1
DA:197,1
DA:201,5
DA:202,5
DA:204,4
DA:205,1
DA:208,3
DA:210,2
DA:211,1
DA:214,1
DA:220,2
DA:221,2
DA:222,2
DA:226,1
DA:230,1
DA:235,1
DA:236,1
LF:84
LH:84
BRDA:54,0,0,1
BRDA:85,1,0,2
BRDA:96,2,0,1
BRDA:125,3,0,1
BRDA:141,4,0,2
BRDA:141,5,0,12
BRDA:141,5,1,11
BRDA:151,6,0,1
BRDA:162,7,0,1
BRDA:177,8,0,2
BRDA:177,9,0,3
BRDA:177,9,1,2
BRDA:190,10,0,2
BRDA:190,11,0,3
BRDA:190,11,1,2
BRDA:204,12,0,1
BRDA:210,13,0,1
BRF:17
BRH:17
end_of_record
TN:
SF:src/lib/connectors/yardi-service/index.ts
FN:23,(anonymous_1)
FN:33,(anonymous_2)
FN:54,(anonymous_3)
FN:79,(anonymous_4)
FN:96,(anonymous_5)
FN:138,(anonymous_6)
FN:183,(anonymous_7)
FN:193,(anonymous_8)
FN:203,(anonymous_9)
FN:213,(anonymous_10)
FNF:10
FNH:10
FNDA:1,(anonymous_1)
FNDA:2,(anonymous_2)
FNDA:4,(anonymous_3)
FNDA:1,(anonymous_4)
FNDA:4,(anonymous_5)
FNDA:2,(anonymous_6)
FNDA:1,(anonymous_7)
FNDA:1,(anonymous_8)
FNDA:1,(anonymous_9)
FNDA:1,(anonymous_10)
DA:2,1
DA:3,1
DA:5,1
DA:15,1
DA:16,1
DA:17,1
DA:19,1
DA:23,1
DA:27,1
DA:28,1
DA:30,1
DA:33,1
DA:39,2
DA:41,2
DA:42,1
DA:47,1
DA:49,1
DA:51,1
DA:54,1
DA:59,4
DA:60,2
DA:65,2
DA:67,2
DA:68,2
DA:72,1
DA:74,1
DA:75,1
DA:79,1
DA:83,1
DA:87,1
DA:89,1
DA:91,1
DA:93,1
DA:96,1
DA:101,4
DA:110,4
DA:112,4
DA:113,1
DA:118,3
DA:119,3
DA:121,3
DA:126,1
DA:128,1
DA:135,1
DA:138,1
DA:149,2
DA:151,2
DA:152,1
DA:157,1
DA:158,1
DA:159,1
DA:162,1
DA:163,1
DA:165,1
DA:180,1
DA:183,1
DA:188,1
DA:189,1
DA:190,1
DA:193,1
DA:198,1
DA:199,1
DA:200,1
DA:203,1
DA:208,1
DA:209,1
DA:210,1
DA:213,1
DA:220,1
DA:221,1
DA:226,1
LF:71
LH:71
BRDA:41,0,0,1
BRDA:59,1,0,2
BRDA:59,2,0,4
BRDA:59,2,1,3
BRDA:112,3,0,1
BRDA:151,4,0,1
BRF:6
BRH:6
end_of_record
TN:
SF:src/lib/form-validation/validator.ts
FN:21,validateSection
FN:47,validateFormData
FN:54,(anonymous_3)
FNF:3
FNH:3
FNDA:14,validateSection
FNDA:2,validateFormData
FNDA:11,(anonymous_3)
DA:2,1
DA:4,1
DA:5,1
DA:6,1
DA:7,1
DA:8,1
DA:9,1
DA:10,1
DA:12,1
DA:21,1
DA:26,14
DA:27,14
DA:28,2
DA:31,12
DA:36,12
DA:37,10
DA:39,4
DA:40,2
DA:43,4
DA:47,1
DA:51,2
DA:53,2
DA:54,2
DA:55,11
DA:56,11
DA:58,1
DA:62,2
LF:27
LH:27
BRDA:24,0,0,1
BRDA:27,1,0,2
BRDA:39,2,0,2
BRF:3
BRH:3
end_of_record
TN:
SF:src/lib/form-validation/schemas/shared.schema.ts
FN:17,(anonymous_1)
FN:43,(anonymous_2)
FNF:2
FNH:2
FNDA:54,(anonymous_1)
FNDA:65,(anonymous_2)
DA:1,9
DA:2,9
DA:4,9
DA:5,9
DA:6,9
DA:8,9
DA:10,9
DA:12,9
DA:14,9
DA:18,54
DA:19,1
DA:22,53
DA:23,53
DA:24,53
DA:25,49
DA:27,4
DA:28,2
DA:32,2
DA:39,9
DA:41,9
DA:44,65
LF:21
LH:21
BRDA:18,0,0,1
BRDA:24,1,0,49
BRDA:24,2,0,53
BRDA:24,2,1,6
BRDA:27,3,0,2
BRDA:27,3,1,2
BRF:6
BRH:6
end_of_record
TN:
SF:src/lib/form-validation/schemas/yardi.schema.ts
FNF:0
FNH:0
DA:1,1
DA:3,1
LF:2
LH:2
BRF:0
BRH:0
end_of_record
TN:
SF:src/lib/form-validation/schemas/form-data/coapplicants.schema.ts
FN:11,(anonymous_0)
FN:17,(anonymous_1)
FN:32,(anonymous_2)
FNF:3
FNH:3
FNDA:5,(anonymous_0)
FNDA:6,(anonymous_1)
FNDA:18,(anonymous_2)
DA:1,3
DA:3,3
DA:5,3
DA:12,5
DA:13,2
DA:16,3
DA:17,6
DA:20,3
DA:21,1
DA:26,2
DA:29,3
DA:33,18
DA:34,14
DA:37,4
DA:43,3
LF:15
LH:15
BRDA:12,0,0,2
BRDA:12,1,0,5
BRDA:12,1,1,4
BRDA:20,2,0,1
BRDA:33,3,0,14
BRF:5
BRH:5
end_of_record
TN:
SF:src/lib/form-validation/schemas/form-data/documents.schema.ts
FNF:0
FNH:0
DA:1,2
DA:3,2
DA:7,2
LF:3
LH:3
BRF:0
BRH:0
end_of_record
TN:
SF:src/lib/form-validation/schemas/form-data/employment.schema.ts
FNF:0
FNH:0
DA:1,3
DA:2,3
DA:4,3
DA:8,3
DA:42,3
LF:5
LH:5
BRF:0
BRH:0
end_of_record
TN:
SF:src/lib/form-validation/schemas/form-data/general.schema.ts
FN:28,(anonymous_1)
FN:60,(anonymous_2)
FN:73,(anonymous_3)
FNF:3
FNH:3
FNDA:34,(anonymous_1)
FNDA:35,(anonymous_2)
FNDA:36,(anonymous_3)
DA:1,3
DA:2,3
DA:3,3
DA:5,3
DA:11,3
DA:29,34
DA:33,3
DA:36,31
DA:37,5
DA:42,26
DA:43,26
DA:44,1
DA:49,25
DA:50,1
DA:55,24
DA:61,35
DA:62,35
DA:66,35
DA:74,36
DA:75,36
DA:76,3
DA:79,33
DA:80,25
DA:83,8
DA:90,3
LF:25
LH:25
BRDA:28,0,0,1
BRDA:29,1,0,3
BRDA:30,2,0,34
BRDA:30,2,1,33
BRDA:36,3,0,5
BRDA:36,4,0,31
BRDA:36,4,1,27
BRDA:43,5,0,1
BRDA:49,6,0,1
BRDA:73,7,0,1
BRDA:73,8,0,1
BRDA:75,9,0,3
BRDA:75,10,0,36
BRDA:75,10,1,34
BRDA:79,11,0,25
BRF:15
BRH:15
end_of_record
TN:
SF:src/lib/form-validation/schemas/form-data/personal-details.schema.ts
FN:41,(anonymous_1)
FN:48,(anonymous_2)
FN:58,(anonymous_3)
FN:83,(anonymous_4)
FN:88,(anonymous_5)
FN:102,(anonymous_6)
FNF:6
FNH:6
FNDA:176,(anonymous_1)
FNDA:17,(anonymous_2)
FNDA:53,(anonymous_3)
FNDA:60,(anonymous_4)
FNDA:58,(anonymous_5)
FNDA:58,(anonymous_6)
DA:1,3
DA:2,3
DA:4,3
DA:10,3
DA:22,3
DA:33,3
DA:40,3
DA:41,176
DA:45,3
DA:49,17
DA:51,17
DA:58,53
DA:83,60
DA:88,58
DA:103,58
DA:111,3
LF:16
LH:16
BRDA:41,0,0,176
BRDA:41,0,1,166
BRDA:88,1,0,58
BRDA:88,1,1,55
BRDA:103,2,0,58
BRDA:103,2,1,58
BRDA:103,2,2,52
BRDA:103,2,3,52
BRF:8
BRH:8
end_of_record
TN:
SF:src/lib/form-validation/schemas/form-data/residences.schema.ts
FN:7,(anonymous_1)
FN:26,(anonymous_2)
FN:41,(anonymous_3)
FN:48,hasRequiredMonths
FNF:4
FNH:4
FNDA:78,(anonymous_1)
FNDA:12,(anonymous_2)
FNDA:1,(anonymous_3)
FNDA:13,hasRequiredMonths
DA:1,3
DA:2,3
DA:4,3
DA:6,3
DA:7,78
DA:11,3
DA:23,3
DA:30,12
DA:32,12
DA:33,9
DA:36,3
DA:37,1
DA:40,2
DA:41,1
DA:44,2
DA:47,3
DA:49,13
DA:51,13
DA:57,3
LF:19
LH:19
BRDA:32,0,0,9
BRDA:36,1,0,1
BRF:2
BRH:2
end_of_record
TN:
SF:src/lib/form-validation/schemas/integration-data/yardi-integration-data.schema.ts
FNF:0
FNH:0
DA:1,2
DA:3,2
DA:8,2
DA:16,2
LF:4
LH:4
BRF:0
BRH:0
end_of_record
TN:
SF:src/lib/parsers/repositories/integration-data.parser.ts
FN:6,(anonymous_0)
FNF:1
FNH:1
FNDA:3,(anonymous_0)
DA:6,2
DA:9,3
DA:11,3
DA:15,3
DA:16,2
DA:17,2
DA:22,3
LF:7
LH:7
BRDA:15,0,0,2
BRF:1
BRH:1
end_of_record
TN:
SF:src/lib/pdf/generate-pdf.ts
FN:6,(anonymous_1)
FN:19,(anonymous_2)
FN:20,(anonymous_3)
FN:49,(anonymous_4)
FNF:4
FNH:4
FNDA:1,(anonymous_1)
FNDA:2,(anonymous_2)
FNDA:2,(anonymous_3)
FNDA:2,(anonymous_4)
DA:1,1
DA:2,1
DA:3,1
DA:4,1
DA:6,1
DA:7,1
DA:8,1
DA:9,1
DA:11,1
DA:15,1
DA:16,1
DA:19,1
DA:20,2
DA:21,2
DA:50,2
DA:51,1
DA:55,2
LF:17
LH:17
BRDA:50,0,0,1
BRF:1
BRH:1
end_of_record
TN:
SF:src/lib/pdf/templates.ts
FN:5,(anonymous_1)
FN:11,(anonymous_2)
FN:18,(anonymous_3)
FN:26,(anonymous_4)
FN:31,(anonymous_5)
FN:38,(anonymous_6)
FN:49,(anonymous_7)
FN:59,(anonymous_8)
FNF:8
FNH:8
FNDA:2,(anonymous_1)
FNDA:2,(anonymous_2)
FNDA:2,(anonymous_3)
FNDA:2,(anonymous_4)
FNDA:2,(anonymous_5)
FNDA:2,(anonymous_6)
FNDA:4,(anonymous_7)
FNDA:2,(anonymous_8)
DA:2,1
DA:3,1
DA:5,2
DA:11,2
DA:18,2
DA:26,2
DA:31,2
DA:38,2
DA:49,1
DA:50,4
DA:59,1
DA:63,2
DA:65,2
DA:67,2
DA:69,2
LF:15
LH:15
BRDA:6,0,0,2
BRDA:6,0,1,1
BRDA:7,1,0,2
BRDA:7,1,1,1
BRDA:8,2,0,2
BRDA:8,2,1,1
BRDA:12,3,0,2
BRDA:12,3,1,1
BRDA:13,4,0,2
BRDA:13,4,1,1
BRDA:14,5,0,2
BRDA:14,5,1,1
BRDA:15,6,0,2
BRDA:15,6,1,1
BRDA:19,7,0,2
BRDA:19,7,1,1
BRDA:20,8,0,2
BRDA:20,8,1,1
BRDA:21,9,0,2
BRDA:21,9,1,1
BRDA:22,10,0,2
BRDA:22,10,1,1
BRDA:23,11,0,1
BRDA:23,11,1,1
BRDA:27,12,0,2
BRDA:27,12,1,1
BRDA:28,13,0,2
BRDA:28,13,1,1
BRDA:32,14,0,2
BRDA:32,14,1,1
BRDA:33,15,0,2
BRDA:33,15,1,1
BRDA:34,16,0,2
BRDA:34,16,1,1
BRDA:35,17,0,2
BRDA:35,17,1,1
BRDA:39,18,0,2
BRDA:39,18,1,1
BRDA:40,19,0,2
BRDA:40,19,1,1
BRDA:41,20,0,2
BRDA:41,20,1,1
BRDA:42,21,0,2
BRDA:42,21,1,2
BRDA:43,22,0,2
BRDA:43,22,1,1
BRDA:44,23,0,2
BRDA:44,23,1,1
BRDA:45,24,0,1
BRDA:45,24,1,1
BRDA:46,25,0,2
BRDA:46,25,1,1
BRDA:51,26,0,4
BRDA:51,26,1,2
BRDA:51,26,2,1
BRDA:51,26,3,1
BRDA:51,26,4,1
BRDA:70,27,0,2
BRDA:70,27,1,1
BRDA:71,28,0,2
BRDA:71,28,1,1
BRDA:72,29,0,2
BRDA:72,29,1,1
BRDA:73,30,0,2
BRDA:73,30,1,1
BRDA:74,31,0,2
BRDA:74,31,1,1
BRDA:76,32,0,2
BRDA:76,32,1,1
BRDA:77,33,0,2
BRDA:77,33,1,1
BRDA:78,34,0,1
BRDA:78,34,1,1
BRDA:79,35,0,2
BRDA:79,35,1,1
BRDA:81,36,0,2
BRDA:81,36,1,1
BRDA:83,37,0,2
BRDA:83,37,1,1
BRDA:84,38,0,2
BRDA:84,38,1,1
BRDA:85,39,0,2
BRDA:85,39,1,1
BRDA:86,40,0,2
BRDA:86,40,1,2
BRDA:87,41,0,2
BRDA:87,41,1,1
BRDA:88,42,0,2
BRDA:88,42,1,1
BRDA:89,43,0,2
BRDA:89,43,1,1
BRDA:90,44,0,2
BRDA:90,44,1,1
BRDA:91,45,0,2
BRDA:91,45,1,1
BRDA:92,46,0,2
BRDA:92,46,1,1
BRDA:93,47,0,1
BRDA:93,47,1,1
BRDA:97,48,0,2
BRDA:97,48,1,1
BRDA:98,49,0,2
BRDA:98,49,1,1
BRDA:99,50,0,1
BRDA:99,50,1,1
BRDA:102,51,0,1
BRDA:102,51,1,1
BRDA:105,52,0,2
BRDA:105,52,1,1
BRDA:107,53,0,1
BRDA:107,53,1,1
BRDA:110,54,0,1
BRDA:110,54,1,1
BRDA:114,55,0,2
BRDA:114,55,1,1
BRDA:116,56,0,2
BRDA:116,56,1,1
BRDA:118,57,0,2
BRDA:118,57,1,1
BRDA:120,58,0,2
BRDA:120,58,1,1
BRDA:122,59,0,1
BRDA:122,59,1,1
BRDA:123,60,0,1
BRDA:123,60,1,1
BRDA:124,61,0,1
BRDA:124,61,1,1
BRDA:125,62,0,1
BRDA:125,62,1,1
BRDA:126,63,0,1
BRDA:126,63,1,1
BRDA:129,64,0,1
BRDA:129,64,1,1
BRDA:129,65,0,2
BRDA:129,65,1,2
BRDA:133,66,0,1
BRDA:133,66,1,1
BRDA:133,67,0,2
BRDA:133,67,1,2
BRDA:138,68,0,1
BRDA:138,68,1,1
BRDA:138,69,0,2
BRDA:138,69,1,2
BRDA:142,70,0,1
BRDA:142,70,1,1
BRDA:142,71,0,2
BRDA:142,71,1,2
BRDA:147,72,0,1
BRDA:147,72,1,1
BRDA:147,73,0,2
BRDA:147,73,1,2
BRDA:149,74,0,1
BRDA:149,74,1,1
BRDA:149,75,0,2
BRDA:149,75,1,2
BRDA:154,76,0,1
BRDA:154,76,1,1
BRDA:154,77,0,2
BRDA:154,77,1,2
BRDA:158,78,0,1
BRDA:158,78,1,1
BRDA:158,79,0,2
BRDA:158,79,1,2
BRDA:163,80,0,2
BRDA:163,80,1,1
BRDA:164,81,0,2
BRDA:164,81,1,1
BRDA:165,82,0,2
BRDA:165,82,1,1
BRDA:166,83,0,2
BRDA:166,83,1,2
BRDA:167,84,0,2
BRDA:167,84,1,1
BRDA:168,85,0,2
BRDA:168,85,1,1
BRDA:169,86,0,1
BRDA:169,86,1,1
BRDA:170,87,0,2
BRDA:170,87,1,1
BRDA:174,88,0,1
BRDA:174,88,1,1
BRDA:175,89,0,2
BRDA:175,89,1,1
BRDA:176,90,0,2
BRDA:176,90,1,1
BRDA:177,91,0,2
BRDA:177,91,1,1
BRDA:178,92,0,2
BRDA:178,92,1,1
BRDA:179,93,0,2
BRDA:179,93,1,1
BRDA:180,94,0,2
BRDA:180,94,1,1
BRDA:181,95,0,2
BRDA:181,95,1,2
BRDA:182,96,0,2
BRDA:182,96,1,1
BRDA:183,97,0,2
BRDA:183,97,1,1
BRDA:184,98,0,2
BRDA:184,98,1,1
BRDA:185,99,0,1
BRDA:185,99,1,1
BRDA:188,100,0,1
BRDA:188,100,1,1
BRDA:188,101,0,2
BRDA:188,101,1,2
BRDA:192,102,0,1
BRDA:192,102,1,1
BRDA:192,103,0,2
BRDA:192,103,1,2
BRDA:197,104,0,1
BRDA:197,104,1,1
BRDA:197,105,0,2
BRDA:197,105,1,2
BRDA:201,106,0,1
BRDA:201,106,1,1
BRDA:201,107,0,2
BRDA:201,107,1,2
BRDA:207,108,0,1
BRDA:207,108,1,1
BRDA:210,109,0,1
BRDA:210,109,1,1
BRDA:216,110,0,2
BRDA:216,110,1,1
BRF:225
BRH:225
end_of_record
TN:
SF:src/lib/repositories/leasing-application/create-application.ts
FN:19,(anonymous_1)
FN:63,(anonymous_2)
FNF:2
FNH:2
FNDA:2,(anonymous_1)
FNDA:3,(anonymous_2)
DA:1,1
DA:2,1
DA:10,1
DA:12,1
DA:13,1
DA:14,1
DA:15,1
DA:19,1
DA:24,2
DA:25,2
DA:27,2
DA:53,2
DA:55,2
DA:56,2
DA:57,1
DA:60,1
DA:63,1
DA:70,3
DA:71,3
DA:72,3
DA:76,3
DA:77,3
DA:78,3
DA:82,3
DA:117,3
DA:119,3
DA:120,3
DA:121,1
DA:124,2
LF:29
LH:29
BRDA:56,0,0,1
BRDA:78,1,0,1
BRDA:78,1,1,2
BRDA:84,2,0,3
BRDA:84,2,1,2
BRDA:94,3,0,3
BRDA:94,3,1,2
BRDA:120,4,0,1
BRF:8
BRH:8
end_of_record
TN:
SF:src/lib/repositories/leasing-application/delete-application.ts
FN:4,(anonymous_0)
FNF:1
FNH:1
FNDA:1,(anonymous_0)
DA:1,1
DA:2,1
DA:4,1
DA:8,1
DA:10,1
DA:11,1
DA:17,1
LF:7
LH:7
BRF:0
BRH:0
end_of_record
TN:
SF:src/lib/repositories/leasing-application/dynamo-client.ts
FN:28,(anonymous_0)
FN:62,(anonymous_1)
FN:82,(anonymous_2)
FN:91,(anonymous_3)
FN:101,(anonymous_4)
FNF:5
FNH:5
FNDA:2,(anonymous_0)
FNDA:2,(anonymous_1)
FNDA:1,(anonymous_2)
FNDA:1,(anonymous_3)
FNDA:1,(anonymous_4)
DA:2,20
DA:8,20
DA:20,20
DA:22,20
DA:26,20
DA:28,20
DA:34,2
DA:45,2
DA:46,1
DA:49,2
DA:50,1
DA:53,2
DA:54,1
DA:57,2
DA:59,2
DA:62,20
DA:66,2
DA:73,2
DA:74,1
DA:77,2
DA:79,2
DA:82,20
DA:83,1
DA:88,1
DA:91,20
DA:94,1
DA:96,1
DA:98,1
DA:101,20
DA:104,1
DA:108,1
DA:110,1
DA:113,20
LF:33
LH:33
BRDA:32,0,0,1
BRDA:45,1,0,1
BRDA:49,2,0,1
BRDA:53,3,0,1
BRDA:64,4,0,1
BRDA:73,5,0,1
BRDA:73,6,0,2
BRDA:73,6,1,2
BRF:8
BRH:8
end_of_record
TN:
SF:src/lib/repositories/leasing-application/read-application.ts
FN:17,(anonymous_0)
FN:59,(anonymous_1)
FN:71,(anonymous_2)
FN:90,(anonymous_3)
FN:103,(anonymous_4)
FN:130,(anonymous_5)
FN:134,(anonymous_6)
FN:158,(anonymous_7)
FNF:8
FNH:8
FNDA:3,(anonymous_0)
FNDA:2,(anonymous_1)
FNDA:5,(anonymous_2)
FNDA:2,(anonymous_3)
FNDA:5,(anonymous_4)
FNDA:3,(anonymous_5)
FNDA:3,(anonymous_6)
FNDA:3,(anonymous_7)
DA:3,19
DA:8,19
DA:9,19
DA:10,19
DA:11,19
DA:17,19
DA:20,3
DA:24,3
DA:29,3
DA:59,19
DA:62,2
DA:64,2
DA:65,1
DA:68,1
DA:71,19
DA:74,5
DA:83,5
DA:85,5
DA:86,3
DA:89,2
DA:90,2
DA:91,1
DA:98,1
DA:100,1
DA:103,19
DA:107,5
DA:116,5
DA:117,5
DA:118,2
DA:121,3
DA:123,3
DA:125,3
DA:126,1
DA:129,2
DA:130,3
DA:134,19
DA:137,3
DA:148,3
DA:150,3
DA:151,2
DA:154,1
DA:155,1
DA:158,19
DA:161,3
DA:170,3
DA:172,3
DA:173,2
DA:176,1
DA:178,1
LF:49
LH:49
BRDA:50,0,0,3
BRDA:50,0,1,1
BRDA:51,1,0,3
BRDA:51,1,1,1
BRDA:64,2,0,1
BRDA:85,3,0,3
BRDA:85,4,0,5
BRDA:85,4,1,4
BRDA:85,4,2,3
BRDA:89,5,0,1
BRDA:105,6,0,4
BRDA:117,7,0,2
BRDA:117,8,0,5
BRDA:117,8,1,4
BRDA:125,9,0,1
BRDA:150,10,0,2
BRDA:150,11,0,3
BRDA:150,11,1,2
BRDA:172,12,0,2
BRDA:172,13,0,3
BRDA:172,13,1,2
BRF:21
BRH:21
end_of_record
TN:
SF:src/lib/repositories/leasing-application/update-application.ts
FN:17,(anonymous_0)
FN:35,(anonymous_1)
FN:60,(anonymous_2)
FN:76,(anonymous_3)
FN:83,(anonymous_4)
FN:103,(anonymous_5)
FN:137,(anonymous_6)
FN:145,(anonymous_7)
FN:152,(anonymous_8)
FN:178,(anonymous_9)
FN:190,(anonymous_10)
FN:210,(anonymous_11)
FNF:12
FNH:12
FNDA:5,(anonymous_0)
FNDA:3,(anonymous_1)
FNDA:1,(anonymous_2)
FNDA:1,(anonymous_3)
FNDA:1,(anonymous_4)
FNDA:2,(anonymous_5)
FNDA:1,(anonymous_6)
FNDA:1,(anonymous_7)
FNDA:1,(anonymous_8)
FNDA:1,(anonymous_9)
FNDA:1,(anonymous_10)
FNDA:1,(anonymous_11)
DA:1,1
DA:2,1
DA:10,1
DA:11,1
DA:13,1
DA:14,1
DA:15,1
DA:17,1
DA:22,5
DA:23,5
DA:25,5
DA:26,1
DA:29,4
DA:30,1
DA:35,3
DA:36,3
DA:42,3
DA:43,3
DA:49,3
DA:50,3
DA:56,3
DA:57,3
DA:60,1
DA:65,1
DA:67,1
DA:68,1
DA:73,1
DA:76,1
DA:80,1
DA:83,1
DA:87,1
DA:88,1
DA:89,1
DA:92,1
DA:93,1
DA:100,1
DA:103,1
DA:115,2
DA:117,2
DA:118,2
DA:126,2
DA:128,2
DA:130,2
DA:131,1
DA:134,1
DA:137,1
DA:142,1
DA:143,1
DA:145,1
DA:146,1
DA:149,1
DA:152,1
DA:158,1
DA:159,1
DA:163,1
DA:165,1
DA:166,1
DA:167,1
DA:170,1
DA:178,1
DA:182,1
DA:183,1
DA:187,1
DA:190,1
DA:194,1
DA:199,1
DA:207,1
DA:210,1
DA:215,1
DA:218,1
DA:224,1
LF:71
LH:71
BRDA:25,0,0,1
BRDA:29,1,0,1
BRDA:42,2,0,1
BRDA:130,3,0,1
BRDA:165,4,0,1
BRF:5
BRH:5
end_of_record
TN:
SF:src/lib/services/AddCoapplicant.ts
FN:8,(anonymous_0)
FN:30,(anonymous_1)
FNF:2
FNH:2
FNDA:3,(anonymous_0)
FNDA:2,(anonymous_1)
DA:1,1
DA:4,1
DA:5,1
DA:6,1
DA:8,1
DA:13,3
DA:17,3
DA:23,2
DA:29,2
DA:30,2
DA:33,2
DA:37,1
DA:42,1
LF:13
LH:13
BRF:0
BRH:0
end_of_record
TN:
SF:src/lib/services/CreateApplication.ts
FN:5,(anonymous_0)
FNF:1
FNH:1
FNDA:1,(anonymous_0)
DA:1,1
DA:3,1
DA:5,1
DA:10,1
DA:12,1
LF:5
LH:5
BRF:0
BRH:0
end_of_record
TN:
SF:src/lib/services/CreateBankPaymentInfo.ts
FN:17,(anonymous_0)
FNF:1
FNH:1
FNDA:3,(anonymous_0)
DA:1,1
DA:3,1
DA:5,1
DA:7,1
DA:8,1
DA:17,1
DA:26,3
DA:28,3
DA:36,3
DA:37,2
DA:38,2
DA:43,1
DA:51,1
DA:53,1
LF:14
LH:14
BRDA:36,0,0,2
BRDA:36,1,0,3
BRDA:36,1,1,2
BRF:3
BRH:3
end_of_record
TN:
SF:src/lib/services/CreateCoapplicant.ts
FN:19,(anonymous_0)
FN:56,(anonymous_1)
FN:69,(anonymous_2)
FNF:3
FNH:3
FNDA:2,(anonymous_0)
FNDA:2,(anonymous_1)
FNDA:3,(anonymous_2)
DA:1,1
DA:3,1
DA:5,1
DA:7,1
DA:8,1
DA:9,1
DA:12,1
DA:16,1
DA:19,1
DA:26,2
DA:29,2
DA:30,2
DA:31,1
DA:36,1
DA:37,1
DA:38,1
DA:40,1
DA:51,1
DA:53,1
DA:56,1
DA:62,2
DA:65,2
DA:69,2
DA:70,3
DA:74,3
DA:79,3
DA:81,3
DA:90,2
LF:28
LH:28
BRDA:24,0,0,2
BRDA:30,1,0,1
BRDA:46,2,0,1
BRDA:46,2,1,1
BRDA:70,3,0,1
BRDA:70,3,1,2
BRF:6
BRH:6
end_of_record
TN:
SF:src/lib/services/CreateDocument.ts
FN:7,(anonymous_0)
FNF:1
FNH:1
FNDA:2,(anonymous_0)
DA:1,1
DA:3,1
DA:5,1
DA:7,1
DA:12,2
DA:13,1
DA:16,1
LF:7
LH:7
BRDA:12,0,0,1
BRF:1
BRH:1
end_of_record
TN:
SF:src/lib/services/DeleteApplication.ts
FN:6,(anonymous_0)
FNF:1
FNH:1
FNDA:2,(anonymous_0)
DA:1,1
DA:3,1
DA:6,1
DA:10,2
DA:11,2
DA:12,1
DA:17,1
LF:7
LH:7
BRDA:11,0,0,1
BRF:1
BRH:1
end_of_record
TN:
SF:src/lib/services/DeleteDocument.ts
FN:5,(anonymous_0)
FNF:1
FNH:1
FNDA:1,(anonymous_0)
DA:1,1
DA:5,1
DA:9,1
LF:3
LH:3
BRF:0
BRH:0
end_of_record
TN:
SF:src/lib/services/DeletePaymentType.ts
FN:6,(anonymous_0)
FNF:1
FNH:1
FNDA:2,(anonymous_0)
DA:1,1
DA:2,1
DA:3,1
DA:4,1
DA:6,1
DA:7,2
DA:22,2
DA:24,1
DA:32,1
LF:9
LH:9
BRF:0
BRH:0
end_of_record
TN:
SF:src/lib/services/EmailCoapplicantInvite.ts
FN:11,(anonymous_0)
FN:34,(anonymous_1)
FNF:2
FNH:2
FNDA:2,(anonymous_0)
FNDA:3,(anonymous_1)
DA:1,1
DA:3,1
DA:7,1
DA:8,1
DA:9,1
DA:11,1
DA:15,2
DA:18,2
DA:19,1
DA:22,1
DA:27,1
DA:34,1
DA:38,3
LF:13
LH:13
BRDA:18,0,0,1
BRF:1
BRH:1
end_of_record
TN:
SF:src/lib/services/FinalizeYardiSubmission.ts
FN:6,(anonymous_0)
FNF:1
FNH:1
FNDA:4,(anonymous_0)
DA:1,1
DA:2,1
DA:3,1
DA:6,1
DA:13,4
DA:17,4
DA:19,4
DA:29,4
DA:31,4
DA:35,1
LF:10
LH:10
BRDA:17,0,0,4
BRDA:17,0,1,1
BRDA:31,1,0,1
BRDA:32,2,0,4
BRDA:32,2,1,3
BRF:5
BRH:5
end_of_record
TN:
SF:src/lib/services/GetApplicationStatusFromYardi.ts
FN:10,(anonymous_0)
FNF:1
FNH:1
FNDA:4,(anonymous_0)
DA:1,1
DA:2,1
DA:3,1
DA:5,1
DA:10,1
DA:13,4
DA:14,3
DA:19,3
DA:21,3
DA:22,3
DA:27,1
LF:11
LH:11
BRDA:13,0,0,3
BRDA:21,1,0,3
BRDA:21,1,1,1
BRF:3
BRH:3
end_of_record
TN:
SF:src/lib/services/GetApplicationSummary.ts
FN:4,(anonymous_0)
FNF:1
FNH:1
FNDA:1,(anonymous_0)
DA:1,1
DA:4,1
DA:5,1
LF:3
LH:3
BRF:0
BRH:0
end_of_record
TN:
SF:src/lib/services/GetCardPaymentForm.ts
FN:9,(anonymous_0)
FNF:1
FNH:1
FNDA:1,(anonymous_0)
DA:1,1
DA:3,1
DA:5,1
DA:9,1
DA:14,1
DA:16,1
DA:22,1
DA:23,1
DA:25,1
LF:9
LH:9
BRF:0
BRH:0
end_of_record
TN:
SF:src/lib/services/GetCustomerSummaries.ts
FN:3,(anonymous_0)
FNF:1
FNH:1
FNDA:1,(anonymous_0)
DA:1,1
DA:3,1
DA:4,1
LF:3
LH:3
BRF:0
BRH:0
end_of_record
TN:
SF:src/lib/services/GetDocument.ts
FN:5,(anonymous_0)
FNF:1
FNH:1
FNDA:1,(anonymous_0)
DA:1,1
DA:5,1
DA:9,1
LF:3
LH:3
BRF:0
BRH:0
end_of_record
TN:
SF:src/lib/services/GetDocumentsList.ts
FN:13,(anonymous_0)
FN:17,(anonymous_1)
FN:27,(anonymous_2)
FN:40,(anonymous_3)
FNF:4
FNH:4
FNDA:1,(anonymous_0)
FNDA:1,(anonymous_1)
FNDA:5,(anonymous_2)
FNDA:5,(anonymous_3)
DA:1,1
DA:9,1
DA:11,1
DA:13,1
DA:14,1
DA:17,1
DA:20,1
DA:21,1
DA:23,1
DA:27,1
DA:28,5
DA:35,5
DA:38,1
DA:40,1
DA:41,5
LF:15
LH:15
BRF:0
BRH:0
end_of_record
TN:
SF:src/lib/services/GetIntegrationData.ts
FN:8,(anonymous_0)
FN:14,(anonymous_1)
FN:32,(anonymous_2)
FNF:3
FNH:3
FNDA:1,(anonymous_0)
FNDA:4,(anonymous_1)
FNDA:1,(anonymous_2)
DA:1,1
DA:2,1
DA:4,1
DA:8,1
DA:11,1
DA:14,1
DA:17,4
DA:18,4
DA:19,3
DA:21,3
DA:22,1
DA:23,1
DA:24,1
DA:25,1
DA:29,4
DA:32,1
DA:35,1
DA:36,1
DA:38,1
DA:40,1
LF:20
LH:20
BRDA:18,0,0,3
BRDA:21,1,0,1
BRF:2
BRH:2
end_of_record
TN:
SF:src/lib/services/GetPaymentSummary.ts
FN:5,(anonymous_0)
FN:6,(anonymous_1)
FN:37,(anonymous_2)
FNF:3
FNH:3
FNDA:4,(anonymous_0)
FNDA:8,(anonymous_1)
FNDA:2,(anonymous_2)
DA:1,2
DA:3,2
DA:5,2
DA:6,4
DA:13,8
DA:16,8
DA:18,8
DA:20,8
DA:23,8
DA:34,4
DA:37,2
DA:38,2
DA:40,2
DA:44,2
DA:49,2
LF:15
LH:15
BRDA:16,0,0,8
BRDA:16,0,1,1
BRDA:18,1,0,8
BRDA:18,1,1,1
BRDA:20,2,0,8
BRDA:20,2,1,1
BRDA:40,3,0,1
BRDA:40,3,1,1
BRF:8
BRH:8
end_of_record
TN:
SF:src/lib/services/ListLinkedApplications.ts
FN:6,(anonymous_0)
FN:17,(anonymous_1)
FNF:2
FNH:2
FNDA:1,(anonymous_0)
FNDA:2,(anonymous_1)
DA:1,1
DA:3,1
DA:4,1
DA:6,1
DA:7,1
DA:9,1
DA:17,1
DA:20,2
DA:21,1
DA:24,1
DA:28,1
DA:30,1
LF:12
LH:12
BRDA:20,0,0,1
BRF:1
BRH:1
end_of_record
TN:
SF:src/lib/services/ProcessApplication.ts
FN:14,(anonymous_1)
FN:47,(anonymous_2)
FNF:2
FNH:2
FNDA:13,(anonymous_1)
FNDA:21,(anonymous_2)
DA:1,1
DA:2,1
DA:3,1
DA:4,1
DA:5,1
DA:6,1
DA:8,1
DA:9,1
DA:10,1
DA:11,1
DA:12,1
DA:14,1
DA:21,13
DA:22,13
DA:23,1
DA:28,12
DA:29,12
DA:30,1
DA:35,11
DA:36,7
DA:43,7
DA:47,7
DA:48,21
DA:51,7
DA:57,6
DA:58,6
DA:64,5
DA:72,1
DA:74,1
DA:75,1
DA:81,1
LF:31
LH:31
BRDA:22,0,0,1
BRDA:29,1,0,1
BRF:2
BRH:2
end_of_record
TN:
SF:src/lib/services/RemovePrimaryApplicant.ts
FN:31,(anonymous_0)
FN:49,(anonymous_1)
FN:69,(anonymous_2)
FN:89,(anonymous_3)
FN:101,(anonymous_4)
FNF:5
FNH:5
FNDA:2,(anonymous_0)
FNDA:1,(anonymous_1)
FNDA:1,(anonymous_2)
FNDA:2,(anonymous_3)
FNDA:2,(anonymous_4)
DA:1,1
DA:2,1
DA:6,1
DA:11,1
DA:16,1
DA:22,1
DA:31,1
DA:36,2
DA:38,2
DA:39,1
DA:44,1
DA:46,1
DA:49,1
DA:54,1
DA:55,1
DA:58,1
DA:60,1
DA:64,1
DA:69,1
DA:70,1
DA:73,1
DA:75,1
DA:84,1
DA:86,1
DA:89,1
DA:93,2
DA:95,2
DA:101,1
DA:105,2
DA:107,2
LF:30
LH:30
BRDA:38,0,0,1
BRF:1
BRH:1
end_of_record
TN:
SF:src/lib/services/SubmitToYardi.ts
FN:19,(anonymous_0)
FN:76,(anonymous_1)
FN:124,(anonymous_2)
FNF:3
FNH:3
FNDA:8,(anonymous_0)
FNDA:7,(anonymous_1)
FNDA:3,(anonymous_2)
DA:1,1
DA:7,1
DA:15,1
DA:16,1
DA:17,1
DA:19,1
DA:24,8
DA:27,8
DA:29,8
DA:35,8
DA:36,1
DA:41,7
DA:42,7
DA:44,7
DA:45,7
DA:46,7
DA:49,5
DA:54,5
DA:55,5
DA:57,3
DA:62,3
DA:64,2
DA:66,2
DA:72,2
DA:76,1
DA:79,7
DA:82,7
DA:83,7
DA:85,7
DA:87,7
DA:89,7
DA:90,1
DA:93,6
DA:94,6
DA:95,6
DA:108,6
DA:109,5
DA:110,5
DA:111,5
DA:114,5
DA:116,1
DA:118,1
DA:120,1
DA:124,1
DA:129,3
DA:130,3
DA:131,4
DA:132,4
DA:134,2
LF:49
LH:49
BRDA:35,0,0,1
BRDA:45,1,0,7
BRDA:85,2,0,7
BRDA:85,2,1,1
BRDA:89,3,0,1
BRF:5
BRH:5
end_of_record
TN:
SF:src/lib/services/UpdateApplicationCustomer.ts
FN:21,(anonymous_0)
FNF:1
FNH:1
FNDA:10,(anonymous_0)
DA:1,1
DA:2,1
DA:7,1
DA:12,1
DA:17,1
DA:19,1
DA:21,1
DA:26,10
DA:28,10
DA:29,1
DA:32,9
DA:36,1
DA:37,1
DA:38,1
DA:41,1
DA:44,8
DA:45,1
DA:46,1
DA:47,1
DA:50,7
DA:58,3
DA:59,3
DA:60,3
DA:63,4
DA:64,1
DA:65,1
DA:66,1
DA:69,3
DA:70,1
DA:71,1
DA:74,2
DA:76,2
DA:77,1
DA:83,1
DA:86,2
LF:35
LH:35
BRDA:28,0,0,1
BRDA:32,1,0,1
BRDA:44,2,0,1
BRDA:50,3,0,3
BRDA:63,4,0,1
BRDA:69,5,0,1
BRDA:76,6,0,1
BRDA:76,6,1,1
BRF:8
BRH:8
end_of_record
TN:
SF:src/lib/services/UpdateCoapplicantCustomer.ts
FN:8,(anonymous_0)
FN:14,(anonymous_1)
FNF:2
FNH:2
FNDA:4,(anonymous_0)
FNDA:3,(anonymous_1)
DA:1,1
DA:5,1
DA:6,1
DA:8,1
DA:12,4
DA:14,4
DA:15,3
DA:18,3
DA:19,3
DA:25,2
DA:26,1
DA:29,1
DA:35,1
DA:41,4
LF:14
LH:14
BRDA:25,0,0,1
BRF:1
BRH:1
end_of_record
TN:
SF:src/lib/services/UpdateFormData.ts
FN:13,(anonymous_0)
FNF:1
FNH:1
FNDA:2,(anonymous_0)
DA:1,1
DA:3,1
DA:5,1
DA:7,1
DA:11,1
DA:13,1
DA:18,2
DA:20,2
DA:21,1
DA:24,1
DA:29,1
DA:31,1
LF:12
LH:12
BRDA:20,0,0,1
BRF:1
BRH:1
end_of_record
TN:
SF:src/lib/services/UpdateIntegrationData.ts
FN:13,(anonymous_0)
FN:26,(anonymous_1)
FN:60,(anonymous_2)
FNF:3
FNH:3
FNDA:3,(anonymous_0)
FNDA:1,(anonymous_1)
FNDA:2,(anonymous_2)
DA:1,1
DA:3,1
DA:5,1
DA:11,1
DA:13,1
DA:17,3
DA:18,1
DA:23,2
DA:26,1
DA:30,1
DA:32,1
DA:43,1
DA:47,1
DA:49,1
DA:55,1
DA:57,1
DA:60,1
DA:67,2
DA:69,2
DA:70,1
DA:75,1
DA:82,1
LF:22
LH:22
BRDA:17,0,0,1
BRDA:69,1,0,1
BRF:2
BRH:2
end_of_record
TN:
SF:src/lib/services/YardiDocumentService.ts
FN:12,(anonymous_0)
FN:33,(anonymous_1)
FNF:2
FNH:2
FNDA:3,(anonymous_0)
FNDA:3,(anonymous_1)
DA:1,1
DA:6,1
DA:7,1
DA:8,1
DA:9,1
DA:10,1
DA:12,1
DA:16,3
DA:17,3
DA:22,3
DA:27,1
DA:28,1
DA:30,1
DA:33,1
DA:37,3
DA:38,3
DA:51,3
DA:53,2
DA:58,1
DA:61,1
DA:64,2
LF:21
LH:21
BRDA:53,0,0,1
BRDA:53,1,0,2
BRDA:53,1,1,1
BRF:3
BRH:3
end_of_record
TN:
SF:src/lib/types/errors.ts
FN:3,(anonymous_0)
FN:11,(anonymous_1)
FN:18,(anonymous_2)
FN:24,(anonymous_3)
FN:30,(anonymous_4)
FN:36,(anonymous_5)
FNF:6
FNH:6
FNDA:69,(anonymous_0)
FNDA:26,(anonymous_1)
FNDA:9,(anonymous_2)
FNDA:5,(anonymous_3)
FNDA:18,(anonymous_4)
FNDA:11,(anonymous_5)
DA:1,42
DA:4,69
DA:5,69
DA:6,69
DA:10,42
DA:12,26
DA:13,26
DA:17,42
DA:19,9
DA:20,9
DA:23,42
DA:25,5
DA:26,5
DA:29,42
DA:31,18
DA:32,18
DA:35,42
DA:37,11
DA:38,11
LF:19
LH:19
BRF:0
BRH:0
end_of_record
TN:
SF:src/lib/utils/access-level.ts
FN:8,(anonymous_0)
FNF:1
FNH:1
FNDA:10,(anonymous_0)
DA:1,20
DA:8,20
DA:12,10
DA:13,1
DA:16,9
DA:17,4
DA:20,5
DA:24,1
DA:27,4
LF:9
LH:9
BRDA:12,0,0,1
BRDA:16,1,0,4
BRDA:20,2,0,1
BRDA:21,3,0,5
BRDA:21,3,1,5
BRF:5
BRH:5
end_of_record
TN:
SF:src/lib/utils/application-urls.ts
FN:7,(anonymous_0)
FNF:1
FNH:1
FNDA:7,(anonymous_0)
DA:1,20
DA:5,20
DA:7,20
DA:18,7
DA:20,7
DA:21,7
DA:23,7
DA:25,7
DA:26,4
DA:32,3
DA:33,1
DA:39,2
DA:40,1
DA:46,1
LF:14
LH:14
BRDA:25,0,0,4
BRDA:32,1,0,1
BRDA:39,2,0,1
BRF:3
BRH:3
end_of_record
TN:
SF:src/lib/utils/date.ts
FN:5,(anonymous_1)
FN:28,(anonymous_2)
FN:35,(anonymous_3)
FNF:3
FNH:3
FNDA:16,(anonymous_1)
FNDA:1,(anonymous_2)
FNDA:6,(anonymous_3)
DA:1,3
DA:3,3
DA:5,3
DA:6,16
DA:7,16
DA:11,16
DA:13,16
DA:14,5
DA:17,11
DA:18,10
DA:20,10
DA:23,1
DA:28,3
DA:29,1
DA:30,1
DA:32,1
DA:35,3
DA:39,6
DA:40,6
DA:42,6
DA:43,6
DA:44,4
DA:51,2
DA:52,2
DA:53,1
DA:59,1
LF:26
LH:26
BRDA:13,0,0,5
BRDA:17,1,0,10
BRDA:43,2,0,4
BRDA:52,3,0,1
BRF:4
BRH:4
end_of_record
TN:
SF:src/lib/utils/db.ts
FN:9,(anonymous_0)
FNF:1
FNH:1
FNDA:2,(anonymous_0)
DA:1,1
DA:9,1
DA:15,2
DA:24,2
DA:25,1
DA:28,2
LF:6
LH:6
BRDA:13,0,0,1
BRDA:24,1,0,1
BRF:2
BRH:2
end_of_record
TN:
SF:src/lib/utils/documents.ts
FN:3,(anonymous_0)
FN:5,(anonymous_1)
FNF:2
FNH:2
FNDA:13,(anonymous_0)
FNDA:17,(anonymous_1)
DA:3,2
DA:4,13
DA:5,17
LF:3
LH:3
BRDA:4,0,0,13
BRDA:4,0,1,1
BRF:2
BRH:2
end_of_record
TN:
SF:src/lib/utils/errors.ts
FN:7,(anonymous_0)
FN:33,(anonymous_1)
FNF:2
FNH:2
FNDA:3,(anonymous_0)
FNDA:7,(anonymous_1)
DA:2,19
DA:3,19
DA:5,19
DA:7,19
DA:8,3
DA:9,1
DA:10,1
DA:11,1
DA:12,1
DA:17,2
DA:19,2
DA:21,2
DA:30,2
DA:33,19
DA:34,7
DA:36,7
DA:37,1
DA:39,1
DA:45,6
DA:46,2
DA:47,1
DA:50,2
DA:52,2
DA:58,4
DA:59,3
DA:61,3
DA:62,2
DA:70,1
DA:72,1
DA:77,1
DA:79,1
LF:31
LH:31
BRDA:8,0,0,1
BRDA:19,1,0,1
BRDA:19,1,1,1
BRDA:22,2,0,2
BRDA:22,2,1,1
BRDA:25,3,0,2
BRDA:25,3,1,1
BRDA:36,4,0,1
BRDA:36,4,1,6
BRDA:45,5,0,2
BRDA:45,5,1,4
BRDA:46,6,0,1
BRDA:58,7,0,3
BRDA:58,7,1,1
BRDA:61,8,0,2
BRF:15
BRH:15
end_of_record
TN:
SF:src/lib/utils/form-validation.ts
FN:4,(anonymous_0)
FNF:1
FNH:1
FNDA:4,(anonymous_0)
DA:2,2
DA:4,2
DA:5,4
DA:7,4
DA:12,4
LF:5
LH:5
BRF:0
BRH:0
end_of_record
TN:
SF:src/lib/utils/get-coapplicant-name.ts
FN:9,(anonymous_0)
FNF:1
FNH:1
FNDA:3,(anonymous_0)
DA:1,1
DA:4,1
DA:9,1
DA:10,3
DA:13,2
LF:5
LH:5
BRF:0
BRH:0
end_of_record
TN:
SF:src/lib/utils/get-notes-section.ts
FN:9,(anonymous_1)
FNF:1
FNH:1
FNDA:3,(anonymous_1)
DA:2,1
DA:3,1
DA:4,1
DA:5,1
DA:6,1
DA:7,1
DA:9,1
DA:10,3
DA:11,3
DA:14,3
DA:15,3
DA:16,3
DA:21,3
DA:26,3
DA:30,3
LF:15
LH:15
BRDA:21,0,0,2
BRDA:21,0,1,1
BRDA:21,1,0,3
BRDA:21,1,1,3
BRDA:26,2,0,2
BRDA:26,2,1,1
BRF:6
BRH:6
end_of_record
TN:
SF:src/lib/utils/get-primary-applicant-name.ts
FN:9,(anonymous_0)
FNF:1
FNH:1
FNDA:3,(anonymous_0)
DA:1,1
DA:4,1
DA:9,1
DA:10,3
DA:14,3
LF:5
LH:5
BRF:0
BRH:0
end_of_record
TN:
SF:src/lib/utils/guestcard.ts
FN:15,(anonymous_1)
FN:33,(anonymous_2)
FN:45,(anonymous_3)
FN:101,(anonymous_4)
FN:127,(anonymous_5)
FNF:5
FNH:5
FNDA:1,(anonymous_1)
FNDA:1,(anonymous_2)
FNDA:3,(anonymous_3)
FNDA:1,(anonymous_4)
FNDA:2,(anonymous_5)
DA:1,1
DA:3,1
DA:5,1
DA:7,1
DA:9,1
DA:15,1
DA:18,1
DA:33,1
DA:37,1
DA:38,1
DA:40,1
DA:42,1
DA:45,1
DA:52,3
DA:54,3
DA:59,3
DA:65,3
DA:94,3
DA:101,1
DA:104,1
DA:105,1
DA:110,1
DA:118,1
DA:119,1
DA:120,1
DA:122,1
DA:124,1
DA:127,1
DA:132,2
DA:134,2
DA:135,1
DA:138,1
LF:32
LH:32
BRDA:77,0,0,3
BRDA:77,0,1,1
BRDA:83,1,0,3
BRDA:83,1,1,1
BRDA:84,2,0,3
BRDA:84,2,1,1
BRDA:85,3,0,3
BRDA:85,3,1,1
BRDA:134,4,0,1
BRF:9
BRH:9
end_of_record
TN:
SF:src/lib/utils/jwt.ts
FN:3,(anonymous_1)
FNF:1
FNH:1
FNDA:2,(anonymous_1)
DA:1,19
DA:3,19
DA:4,2
DA:6,2
DA:7,1
DA:10,2
LF:6
LH:6
BRDA:6,0,0,1
BRF:1
BRH:1
end_of_record
TN:
SF:src/lib/utils/mask-pii-info.ts
FN:1,(anonymous_0)
FNF:1
FNH:1
FNDA:9,(anonymous_0)
DA:1,3
DA:2,9
DA:3,1
DA:6,8
DA:7,1
DA:10,7
DA:11,7
DA:12,7
DA:14,7
LF:9
LH:9
BRDA:1,0,0,6
BRDA:2,1,0,1
BRDA:6,2,0,1
BRF:3
BRH:3
end_of_record
TN:
SF:src/lib/utils/method-of-contact.ts
FN:1,(anonymous_0)
FNF:1
FNH:1
FNDA:6,(anonymous_0)
DA:1,2
DA:2,6
DA:3,1
DA:7,5
DA:11,5
LF:5
LH:5
BRDA:2,0,0,1
BRDA:7,1,0,3
BRDA:7,1,1,2
BRDA:7,2,0,5
BRDA:7,2,1,4
BRF:5
BRH:5
end_of_record
TN:
SF:src/lib/utils/payment-amount.ts
FN:4,(anonymous_0)
FN:13,(anonymous_1)
FN:20,(anonymous_2)
FNF:3
FNH:3
FNDA:4,(anonymous_0)
FNDA:3,(anonymous_1)
FNDA:4,(anonymous_2)
DA:2,1
DA:4,1
DA:5,4
DA:7,3
DA:9,1
DA:13,1
DA:17,3
DA:20,1
DA:26,4
DA:28,4
DA:29,1
DA:32,3
DA:33,1
DA:38,2
DA:39,2
DA:41,2
DA:42,1
LF:17
LH:17
BRDA:5,0,0,3
BRDA:5,0,1,1
BRDA:28,1,0,1
BRDA:32,2,0,1
BRDA:32,3,0,3
BRDA:32,3,1,1
BRDA:41,4,0,1
BRF:7
BRH:7
end_of_record
TN:
SF:src/lib/utils/phone.ts
FN:1,(anonymous_0)
FNF:1
FNH:1
FNDA:2,(anonymous_0)
DA:1,1
DA:2,2
LF:2
LH:2
BRF:0
BRH:0
end_of_record
TN:
SF:src/lib/utils/property.ts
FN:13,(anonymous_0)
FNF:1
FNH:1
FNDA:3,(anonymous_0)
DA:1,1
DA:3,1
DA:13,1
DA:14,3
DA:16,1
DA:18,1
LF:6
LH:6
BRF:0
BRH:0
end_of_record
TN:
SF:src/lib/utils/remove-primary-applicant.ts
FN:10,(anonymous_0)
FN:14,(anonymous_1)
FN:26,(anonymous_2)
FN:32,(anonymous_3)
FN:56,(anonymous_4)
FNF:5
FNH:5
FNDA:1,(anonymous_0)
FNDA:2,(anonymous_1)
FNDA:3,(anonymous_2)
FNDA:6,(anonymous_3)
FNDA:3,(anonymous_4)
DA:3,1
DA:10,1
DA:13,1
DA:15,2
DA:17,2
DA:26,1
DA:27,3
DA:28,3
DA:33,6
DA:36,6
DA:40,6
DA:41,3
DA:47,3
DA:56,1
DA:60,3
DA:61,1
DA:64,2
DA:65,2
DA:67,2
LF:19
LH:19
BRDA:40,0,0,3
BRDA:60,1,0,1
BRDA:64,2,0,1
BRF:3
BRH:3
end_of_record
TN:
SF:src/lib/utils/validate-payment-data.ts
FN:9,(anonymous_0)
FNF:1
FNH:1
FNDA:15,(anonymous_0)
DA:1,2
DA:2,2
DA:3,2
DA:9,2
DA:13,15
DA:17,15
DA:21,15
DA:23,15
DA:27,15
DA:28,4
DA:33,11
DA:34,2
DA:39,9
DA:40,2
DA:46,2
LF:15
LH:15
BRDA:27,0,0,4
BRDA:27,1,0,15
BRDA:27,1,1,11
BRDA:33,2,0,2
BRDA:33,3,0,11
BRDA:33,3,1,7
BRDA:39,4,0,2
BRDA:39,5,0,9
BRDA:39,5,1,2
BRF:9
BRH:9
end_of_record
